+ umask 022
+ cd /home/tag/rpmbuild/BUILD
+ LANG=C
+ export LANG
+ unset DISPLAY
+ cd /home/tag/rpmbuild/BUILD
+ rm -rf kernel-2.4.21
+ /bin/mkdir -p kernel-2.4.21
+ cd kernel-2.4.21
+ /usr/bin/bzip2 -dc /home/tag/rpmbuild/SOURCES/linux-2.4.21.tar.bz2
+ tar -xf -
+ STATUS=0
+ '[' 0 -ne 0 ']'
++ /usr/bin/id -u
+ '[' 500 = 0 ']'
++ /usr/bin/id -u
+ '[' 500 = 0 ']'
+ /bin/chmod -Rf a+rX,g-w,o-w .
+ cd linux-2.4.21
+ echo 'Patch #2 (linux-2.4.21-dailybk.patch):'
+ patch -p1 -s
+ echo 'Patch #3 (linux-2.4.21-select-upstream-bits.patch):'
+ patch -p1 -s
+ echo 'Patch #4 (linux-2.4.21-selected-ac-bits.patch):'
+ patch -p1 -s
+ echo 'Patch #10 (linux-2.4.20-o1-nptl.patch):'
+ patch -p1 -E -s
+ echo 'Patch #20 (linux-2.4.21-o1-fairness.patch):'
+ patch -p1 -s
+ echo 'Patch #30 (linux-2.4.21-compat.patch):'
+ patch -p1 -s
+ echo 'Patch #40 (linux-2.4.21-o1-ht.patch):'
+ patch -p1 -s
+ echo 'Patch #100 (linux-2.4.20-x86-syscalls.patch):'
+ patch -p1 -s
+ echo 'Patch #110 (linux-2.4.20-x86-oprofile.patch):'
+ patch -p1 -s
+ echo 'Patch #115 (linux-2.4.21-x86-acpi.patch):'
+ patch -p1 -s
+ echo 'Patch #120 (linux-2.4.21-x86-xapic.patch):'
+ patch -p1 -s
+ echo 'Patch #123 (linux-2.4.21-x86-nx-support.patch):'
+ patch -p1 -s
+ echo 'Patch #125 (linux-2.4.21-x86-ucode-loader.patch):'
+ patch -p1 -s
+ echo 'Patch #130 (linux-2.4.21-amd-golem.patch):'
+ patch -p1 -s
+ echo 'Patch #180 (linux-2.4.21-amd64.patch):'
+ patch -p1 -s
+ echo 'Patch #181 (linux-2.4.21-amd64-o1.patch):'
+ patch -p1 -s
+ echo 'Patch #190 (linux-2.4.20-amd64-oprofile.patch):'
+ patch -p1 -s
+ echo 'Patch #200 (linux-2.4.21-amd64-compat.patch):'
+ patch -p1 -s
+ echo 'Patch #201 (linux-2.4.21-amd64-coredump-fix.patch):'
+ patch -p1 -s
+ echo 'Patch #202 (linux-2.4.21-amd64-acpi.patch):'
+ patch -p1 -E -s
+ echo 'Patch #203 (linux-2.4.21-amd64-siginfo_t.patch):'
+ patch -p1 -s
+ echo 'Patch #204 (linux-2.4.21-amd64-numa-support.patch):'
+ patch -p1 -s
+ echo 'Patch #210 (linux-2.4.21-ia32e-support.patch):'
+ patch -p1 -s
+ echo 'Patch #211 (linux-2.4.21-amd64-xapic.patch):'
+ patch -p1 -s
+ echo 'Patch #212 (linux-2.4.21-amd64-fpu.patch):'
+ patch -p1 -s
+ echo 'Patch #260 (linux-2.4.20-ia64-syscalls.patch):'
+ patch -p1 -s
+ echo 'Patch #262 (linux-2.4.20-ia64-core.patch):'
+ patch -p1 -s
+ echo 'Patch #264 (linux-2.4.20-ia64-signals.patch):'
+ patch -p1 -s
+ echo 'Patch #266 (linux-2.4.20-ia64-irq.patch):'
+ patch -p1 -s
+ echo 'Patch #268 (linux-2.4.20-ia64-o1-nptl.patch):'
+ patch -p1 -s
+ echo 'Patch #270 (linux-2.4.21-ia64-compat.patch):'
+ patch -p1 -s
+ echo 'Patch #272 (linux-2.4.20-ia64-oprofile.patch):'
+ patch -p1 -s
+ echo 'Patch #273 (linux-2.4.20-ia64-perfmon.patch):'
+ patch -p1 -s
+ echo 'Patch #274 (linux-2.4.20-ia64-mcadump.patch):'
+ patch -p1 -s
+ echo 'Patch #275 (linux-2.4.21-ia64-salinfo.patch):'
+ patch -p1 -s
+ echo 'Patch #276 (linux-2.4.21-ia64-fancyiommu.patch):'
+ patch -p1 -s
+ echo 'Patch #278 (linux-2.4.21-ia64-cyclone.patch):'
+ patch -p1 -s
+ echo 'Patch #279 (linux-2.4.21-ia64-montecito.patch):'
+ patch -p1 -s
+ echo 'Patch #420 (linux-2.4.20-s390-common.patch):'
+ patch -p1 -s
+ echo 'Patch #422 (linux-2.4.20-s390-o1-nptl.patch):'
+ patch -p1 -s
+ echo 'Patch #432 (linux-2.4.20-s390-aio.patch):'
+ patch -p1 -s
+ echo 'Patch #437 (linux-2.4.20-s390-compat.patch):'
+ patch -p1 -s
+ echo 'Patch #439 (linux-2.4.20-s390-elfper.patch):'
+ patch -p1 -s
+ echo 'Patch #440 (linux-2.4.20-s390-maxargs25.patch):'
+ patch -p1 -s
+ echo 'Patch #441 (linux-2.4.20-s390-lcs.patch):'
+ patch -p1 -s
+ echo 'Patch #442 (linux-2.4.20-s390-oprofile.patch):'
+ patch -p1 -s
+ echo 'Patch #443 (linux-2.4.21-s390-bug97055.patch):'
+ patch -p1 -s
+ echo 'Patch #444 (linux-2.4.21-s390-ctc_carrier.patch):'
+ patch -p1 -s
+ echo 'Patch #459 (linux-2.4.20-s390-make390x.patch):'
+ patch -p1 -s
+ echo 'Patch #460 (linux-2.4.20-s390-misc.patch):'
+ patch -p1 -s
+ echo 'Patch #461 (linux-2.4.21-s390-cio.patch):'
+ patch -p1 -s
+ echo 'Patch #462 (linux-2.4.21-s390-ctc-locking.patch):'
+ patch -p1 -s
+ echo 'Patch #463 (linux-2.4.21-s390-iucv-update.patch):'
+ patch -p1 -s
+ echo 'Patch #340 (linux-2.4.21-ppc64-core.patch):'
+ patch -p1 -s
+ echo 'Patch #341 (linux-2.4.21-early-console.patch):'
+ patch -p1 -s
+ echo 'Patch #342 (linux-2.4.21-iseries-drivers.patch):'
+ patch -p1 -s
+ echo 'Patch #343 (linux-2.4.21-ppc64-nptl.patch):'
+ patch -p1 -s
+ echo 'Patch #344 (linux-2.4.21-ppc64-aio.patch):'
+ patch -p1 -s
+ echo 'Patch #345 (linux-2.4.21-ppc64-syscalls.patch):'
+ patch -p1 -s
+ echo 'Patch #346 (linux-2.4.21-ppc64-flags.patch):'
+ patch -p1 -s
+ echo 'Patch #347 (linux-2.4.21-ppc64-biarch.patch):'
+ patch -p1 -s
+ echo 'Patch #348 (linux-2.4.21-ppc64-pseries-makefile.patch):'
+ patch -p1 -s
+ echo 'Patch #349 (linux-2.4.21-ppc64-dump_fpu.patch):'
+ patch -p1 -s
+ echo 'Patch #350 (linux-2.4.21-ppc64-kallsyms.patch):'
+ patch -p1 -s
+ echo 'Patch #351 (linux-2.4.21-ppc64-ptrace.patch):'
+ patch -p1 -s
+ echo 'Patch #352 (linux-2.4.20-ppc64-bitops.patch):'
+ patch -p1 -s
+ echo 'Patch #353 (linux-2.4.21-ppc64-compat.patch):'
+ patch -p1 -s
+ echo 'Patch #354 (linux-2.4.21-ppc64-strip-kernel.patch):'
+ patch -p1 -s
+ echo 'Patch #355 (linux-2.4.21-ppc64-oprofile.patch):'
+ patch -p1 -s
+ echo 'Patch #356 (linux-2.4.21-ppc64-wchan.patch):'
+ patch -p1 -s
+ echo 'Patch #357 (linux-2.4.21-ppc64-scsi_timeout.patch):'
+ patch -p1 -s
+ echo 'Patch #358 (linux-2.4.21-ppc64-ethtool-ioctl32.patch):'
+ patch -p1 -s
+ echo 'Patch #359 (linux-2.4.21-ppc64-enable-xmon.patch):'
+ patch -p1 -s
+ echo 'Patch #360 (linux-2.4.21-ppc64-ras-support.patch):'
+ patch -p1 -s
+ echo 'Patch #361 (linux-2.4.21-ppc64-pci-multifunc.patch):'
+ patch -p1 -s
+ echo 'Patch #362 (linux-2.4.21-ppc64-power-blade.patch):'
+ patch -p1 -s
+ echo 'Patch #363 (linux-2.4.21-ppc64-lparcfg.patch):'
+ patch -p1 -s
+ echo 'Patch #364 (linux-2.4.21-ppc64-segtab.patch):'
+ patch -p1 -s
+ echo 'Patch #365 (linux-2.4.21-ppc64-signal-fixes.patch):'
+ patch -p1 -s
+ echo 'Patch #370 (linux-2.4.21-ppc64-power5-base.patch):'
+ patch -p1 -s
+ echo 'Patch #371 (linux-2.4.21-ppc64-power5-locks.patch):'
+ patch -p1 -s
+ echo 'Patch #372 (linux-2.4.21-ppc64-power5-irq.patch):'
+ patch -p1 -s
+ echo 'Patch #373 (linux-2.4.21-ppc64-power5-vio.patch):'
+ patch -p1 -s
+ echo 'Patch #374 (linux-2.4.21-ppc64-power5-hvsi.patch):'
+ patch -p1 -s
+ echo 'Patch #600 (linux-2.4.0-nonintconfig.patch):'
+ patch -p1 -s
+ echo 'Patch #610 (linux-2.4.18-flock.patch):'
+ patch -p1 -s
+ echo 'Patch #620 (linux-2.4.7-quotareturn.patch):'
+ patch -p1 -s
+ echo 'Patch #630 (linux-2.2.16-rhconfig.patch):'
+ patch -p1 -s
+ echo 'Patch #640 (linux-2.4.2-changeloop.patch):'
+ patch -p1 -s
+ echo 'Patch #650 (linux-2.4.18-loopfixes.patch):'
+ patch -p1 -s
+ echo 'Patch #660 (linux-2.4.2-scsi_scan.patch):'
+ patch -p1 -s
+ echo 'Patch #670 (linux-2.4.9-kksymoops.patch):'
+ patch -p1 -s
+ echo 'Patch #680 (linux-2.4.9-kallsyms.patch):'
+ patch -p1 -s
+ echo 'Patch #690 (linux-2.4.18-dmi-hall-of-shame.patch):'
+ patch -p1 -s
+ echo 'Patch #700 (linux-2.4.20-extra_cflags.patch):'
+ patch -p1 -s
+ echo 'Patch #710 (linux-2.4.18-laptopbits.patch):'
+ patch -p1 -s
+ echo 'Patch #720 (linux-2.4.21-binfmt-elf.patch):'
+ patch -p1 -s
+ echo 'Patch #730 (linux-2.4.20-pci_64b_bar.patch):'
+ patch -p1 -s
+ echo 'Patch #750 (linux-2.4.20-aio.patch):'
+ patch -p1 -s
+ echo 'Patch #770 (linux-2.4.20-varyio.patch):'
+ patch -p1 -s
+ echo 'Patch #780 (linux-2.4.20-superbh.patch):'
+ patch -p1 -s
+ echo 'Patch #781 (linux-2.4.20-superbh-aio.patch):'
+ patch -p1 -s
+ echo 'Patch #790 (linux-2.4.20-oprofile.patch):'
+ patch -p1 -s
+ echo 'Patch #800 (linux-2.4.21-semtimedop.patch):'
+ patch -p1 -s
+ echo 'Patch #810 (linux-2.4.21-pci_large_bus.patch):'
+ patch -p1 -s
+ echo 'Patch #820 (linux-2.4.21-logbufsize.patch):'
+ patch -p1 -s
+ echo 'Patch #830 (linux-2.4.20-elevator.patch):'
+ patch -p1 -s
+ echo 'Patch #840 (linux-2.4.21-tux.patch):'
+ patch -p1 -E -s
+ echo 'Patch #850 (linux-2.4.21-odirect.patch):'
+ patch -p1 -s
+ echo 'Patch #860 (linux-2.4.21-semaphore-scale.patch):'
+ patch -p1 -s
+ echo 'Patch #870 (linux-2.4.21-sysrq-allcpus.patch):'
+ patch -p1 -s
+ echo 'Patch #871 (linux-2.4.21-sticky-sysrq.patch):'
+ patch -p1 -s
+ echo 'Patch #880 (linux-2.4.21-iorl.patch):'
+ patch -p1 -s
+ echo 'Patch #890 (linux-2.4.21-compat-32.patch):'
+ patch -p1 -s
+ echo 'Patch #900 (linux-2.4.21-binfmt-interp.patch):'
+ patch -p1 -s
+ echo 'Patch #910 (linux-2.4.21-strncpy-zero-pad.patch):'
+ patch -p1 -s
+ echo 'Patch #920 (linux-2.4.21-rwsem-updates.patch):'
+ patch -p1 -s
+ echo 'Patch #930 (linux-2.4.21-siginfo-mismatch.patch):'
+ patch -p1 -s
+ echo 'Patch #1000 (linux-2.4.21-rmap.patch):'
+ patch -p1 -s
+ echo 'Patch #1020 (linux-2.4.21-rmap-updates.patch):'
+ patch -p1 -s
+ echo 'Patch #1025 (linux-2.4.21-rmap-chain-ptep.patch):'
+ patch -p1 -s
+ echo 'Patch #1030 (linux-2.4.21-iowait.patch):'
+ patch -p1 -s
+ echo 'Patch #1040 (linux-2.4.20-virtual_memmap.patch):'
+ patch -p1 -s
+ echo 'Patch #1050 (linux-2.4.21-mlock.patch):'
+ patch -p1 -s
+ echo 'Patch #1060 (linux-2.4.21-x86-4Gsplit.patch):'
+ patch -p1 -s
+ echo 'Patch #1070 (linux-2.4.20-fix-pausing.patch):'
+ patch -p1 -s
+ echo 'Patch #1080 (linux-2.4.21-dma-isolation.patch):'
+ patch -p1 -s
+ echo 'Patch #1090 (linux-2.4.21-vma-merging.patch):'
+ patch -p1 -s
+ echo 'Patch #1100 (linux-2.4.21-exec-shield.patch):'
+ patch -p1 -s
+ echo 'Patch #1110 (linux-2.4.21-pagecache-scale.patch):'
+ patch -p1 -s
+ echo 'Patch #1120 (linux-2.4.21-flexible-mmap.patch):'
+ patch -p1 -s
+ echo 'Patch #1130 (linux-2.4.21-remap_file_pages.patch):'
+ patch -p1 -s
+ echo 'Patch #1140 (linux-2.4.20-statm.patch):'
+ patch -p1 -s
+ echo 'Patch #1141 (linux-2.4.21-pte-clear.patch):'
+ patch -p1 -s
+ echo 'Patch #1150 (linux-2.4.21-hugetlbfs.patch):'
+ patch -p1 -s
+ echo 'Patch #1151 (linux-2.4.21-hugetlbfs-ia64.patch):'
+ patch -p1 -s
+ echo 'Patch #1160 (linux-2.4.21-tunable-overcommit.patch):'
+ patch -p1 -s
+ echo 'Patch #1170 (linux-2.4.21-x86-4G-lockless.patch):'
+ patch -p1 -s
+ echo 'Patch #1180 (linux-2.4.21-mmap-updates.patch):'
+ patch -p1 -s
+ echo 'Patch #1190 (linux-2.4.21-crosshost-mmap.patch):'
+ patch -p1 -s
+ echo 'Patch #1200 (linux-2.4.21-3G-personality.patch):'
+ patch -p1 -s
+ echo 'Patch #1210 (linux-2.4.21-s390-dirtybit.patch):'
+ patch -p1 -s
+ echo 'Patch #1220 (linux-2.4.21-bufhead-reduction.patch):'
+ patch -p1 -s
+ echo 'Patch #1223 (linux-2.4.21-refill-inactive-zone.patch):'
+ patch -p1 -s
+ echo 'Patch #1224 (linux-2.4.21-ptes-from-highmem.patch):'
+ patch -p1 -s
+ echo 'Patch #1225 (linux-2.4.21-page-deact-scale.patch):'
+ patch -p1 -s
+ echo 'Patch #1226 (linux-2.4.21-ramfs-wired-lists.patch):'
+ patch -p1 -s
+ echo 'Patch #1227 (linux-2.4.21-balance-page-alloc.patch):'
+ patch -p1 -s
+ echo 'Patch #1228 (linux-2.4.21-enhanced-show-mem.patch):'
+ patch -p1 -s
+ echo 'Patch #1229 (linux-2.4.21-oom-kill-updates.patch):'
+ patch -p1 -s
+ echo 'Patch #1230 (linux-2.4.21-aio-safe-free-pages.patch):'
+ patch -p1 -s
+ echo 'Patch #1240 (linux-2.4.21-ppc64-pte-hash-lock.patch):'
+ patch -p1 -s
+ echo 'Patch #1250 (linux-2.4.21-bootmem-hash-alloc.patch):'
+ patch -p1 -s
+ echo 'Patch #1251 (linux-2.4.21-odirect-with-bufio.patch):'
+ patch -p1 -s
+ echo 'Patch #1252 (linux-2.4.21-page-pin-counts.patch):'
+ patch -p1 -s
+ echo 'Patch #1260 (linux-2.4.21-insert-vm-struct.patch):'
+ patch -p1 -s
+ echo 'Patch #1270 (linux-2.4.21-ptrace-restore-perms.patch):'
+ patch -p1 -s
+ echo 'Patch #1280 (linux-2.4.21-change-page-attr.patch):'
+ patch -p1 -s
+ echo 'Patch #2000 (linux-2.4.21-ipsec.patch):'
+ patch -p1 -E -s
+ echo 'Patch #2010 (linux-2.4.21-ipsec-compilefixes.patch):'
+ patch -p1 -s
+ echo 'Patch #2020 (linux-2.4.21-igmpv3.patch):'
+ patch -p1 -s
+ echo 'Patch #2030 (linux-2.4.21-ipvs.patch):'
+ patch -p1 -s
+ echo 'Patch #2040 (linux-2.4.21-max-addr-len.patch):'
+ patch -p1 -s
+ echo 'Patch #2050 (linux-2.4.20-aio-poll-and-net.patch):'
+ patch -p1 -s
+ echo 'Patch #2060 (linux-2.4.21-nptl-network.patch):'
+ patch -p1 -s
+ echo 'Patch #2070 (linux-2.4.21-netfixes.patch):'
+ patch -p1 -s
+ echo 'Patch #2080 (linux-2.4.21-ethtool_ops.patch):'
+ patch -p1 -s
+ echo 'Patch #2090 (linux-2.4.21-cmsg-validation.patch):'
+ patch -p1 -s
+ echo 'Patch #2100 (linux-2.4.21-ipfrag-flush.patch):'
+ patch -p1 -s
+ echo 'Patch #2110 (linux-2.4.21-arp-announce.patch):'
+ patch -p1 -s
+ echo 'Patch #5000 (linux-2.4.18-nousb.patch):'
+ patch -p1 -s
+ echo 'Patch #5010 (linux-2.4.0-test11-vidfail.patch):'
+ patch -p1 -s
+ echo 'Patch #5020 (linux-2.4.0-e820.patch):'
+ patch -p1 -s
+ echo 'Patch #5030 (linux-2.4.2-page_bitmap.patch):'
+ patch -p1 -s
+ echo 'Patch #5040 (linux-2.4.0-apic-quiet.patch):'
+ patch -p1 -s
+ echo 'Patch #5050 (linux-2.4.20-irixnfs.patch):'
+ patch -p1 -s
+ echo 'Patch #5060 (linux-2.4.3-pcipenalty.patch):'
+ patch -p1 -s
+ echo 'Patch #5070 (linux-2.4.2-keyboardsilence.patch):'
+ patch -p1 -s
+ echo 'Patch #5080 (linux-2.4.7-scsitimeout.patch):'
+ patch -p1 -s
+ echo 'Patch #5090 (linux-2.4.9-freevxfs.patch):'
+ patch -p1 -s
+ echo 'Patch #5100 (linux-2.4.9-nmiprofiling.patch):'
+ patch -p1 -s
+ echo 'Patch #5110 (linux-2.4.18-moreunnamed.patch):'
+ patch -p1 -s
+ echo 'Patch #5120 (linux-2.4.20-lvm-updates.patch):'
+ patch -p1 -s
+ echo 'Patch #5121 (linux-2.4.17-lvm-bulkcopy.patch):'
+ patch -p1 -s
+ echo 'Patch #5122 (linux-2.4.17-lvm-pvmove.patch):'
+ patch -p1 -s
+ echo 'Patch #5123 (linux-2.4.18-lvm-VFSlock.patch):'
+ patch -p1 -s
+ echo 'Patch #5124 (linux-2.4.21-lvm-compat.patch):'
+ patch -p1 -s
+ echo 'Patch #5125 (linux-2.4.21-lvm-varyio.patch):'
+ patch -p1 -s
+ echo 'Patch #5130 (linux-2.4.18-input-35215.patch):'
+ patch -p1 -s
+ echo 'Patch #5135 (linux-2.4.21-dev-random-updates.patch):'
+ patch -p1 -s
+ echo 'Patch #5140 (linux-2.4.20-egenera-scan-new-devices.patch):'
+ patch -p1 -s
+ echo 'Patch #5150 (linux-2.4.21-scsi-dump-status.patch):'
+ patch -p1 -s
+ echo 'Patch #5160 (linux-2.4.9-scsilun0.patch):'
+ patch -p1 -s
+ echo 'Patch #5170 (linux-2.4.18-netdump.patch):'
+ patch -p1 -s
+ echo 'Patch #5175 (linux-2.4.21-diskdump.patch):'
+ patch -p1 -s
+ echo 'Patch #5176 (linux-2.4.21-diskdump-scsi.patch):'
+ patch -p1 -s
+ echo 'Patch #5177 (linux-2.4.21-diskdump-block.patch):'
+ patch -p1 -s
+ echo 'Patch #5178 (linux-2.4.21-nmi-trigger-switch.patch):'
+ patch -p1 -s
+ echo 'Patch #5179 (linux-2.4.21-init-trigger-switch.patch):'
+ patch -p1 -s
+ echo 'Patch #5180 (linux-2.4.21-ide-driver-updates.patch):'
+ patch -p1 -s
+ echo 'Patch #5220 (linux-2.4.7-suspend.patch):'
+ patch -p1 -s
+ echo 'Patch #5230 (linux-2.4.18-orinoco.patch):'
+ patch -p1 -s
+ echo 'Patch #5250 (linux-2.4.18-scsidevices.patch):'
+ patch -p1 -s
+ echo 'Patch #5260 (linux-2.4.18-usb-bug56856.patch):'
+ patch -p1 -s
+ echo 'Patch #5270 (linux-2.4.20-usb-bug81091.patch):'
+ patch -p1 -s
+ echo 'Patch #5280 (linux-2.4.20-usb-bug82546.patch):'
+ patch -p1 -s
+ echo 'Patch #5288 (linux-2.4.20-usb-bug98264.patch):'
+ patch -p1 -s
+ echo 'Patch #5290 (linux-2.4.20-usb-updates.patch):'
+ patch -p1 -s
+ echo 'Patch #5300 (linux-2.4.21-sound-updates.patch):'
+ patch -p1 -s
+ echo 'Patch #5390 (linux-2.4.21-isofs-updates.patch):'
+ patch -p1 -s
+ echo 'Patch #5395 (linux-2.4.21-smbfs-updates.patch):'
+ patch -p1 -s
+ echo 'Patch #5396 (linux-2.4.21-cramfs-updates.patch):'
+ patch -p1 -s
+ echo 'Patch #5400 (linux-2.4.20-deepersymlink.patch):'
+ patch -p1 -s
+ echo 'Patch #5410 (linux-2.4.20-acpi-updates.patch):'
+ patch -p1 -E -s
+ echo 'Patch #5411 (linux-2.4.21-ia64-acpi.patch):'
+ patch -p1 -s
+ echo 'Patch #5412 (linux-2.4.21-ipmi-update.patch):'
+ patch -p1 -s
+ echo 'Patch #5413 (linux-2.4.21-acpi-serial.patch):'
+ patch -p1 -s
+ echo 'Patch #5420 (linux-2.4.21-matroxfb.patch):'
+ patch -p1 -s
+ echo 'Patch #5430 (linux-2.4.21-sym53c8xx.patch):'
+ patch -p1 -s
+ echo 'Patch #5431 (linux-2.4.21-sym53c8xx-diskdump.patch):'
+ patch -p1 -s
+ echo 'Patch #5440 (linux-2.4.21-cmpci-update.patch):'
+ patch -p1 -s
+ echo 'Patch #5450 (linux-2.4.21-raid-autorun.patch):'
+ patch -p1 -s
+ echo 'Patch #5460 (linux-2.4.20-nfs-odirectfix.patch):'
+ patch -p1 -s
+ echo 'Patch #5470 (linux-2.4.20-nfsd-deadsocks.patch):'
+ patch -p1 -s
+ echo 'Patch #5480 (linux-2.4.20-nfsd-flowcontrol.patch):'
+ patch -p1 -s
+ echo 'Patch #5500 (linux-2.4.21-inode-delete-race.patch):'
+ patch -p1 -s
+ echo 'Patch #5510 (linux-2.4.21-vfs-unmount-race.patch):'
+ patch -p1 -s
+ echo 'Patch #5520 (linux-2.4.21-xattr-core.patch):'
+ patch -p1 -s
+ echo 'Patch #5530 (linux-2.4.21-xattr-ext3.patch):'
+ patch -p1 -s
+ echo 'Patch #5540 (linux-2.4.21-xattr-syscalls.patch):'
+ patch -p1 -s
+ echo 'Patch #5550 (linux-2.4.21-acl-core.patch):'
+ patch -p1 -s
+ echo 'Patch #5560 (linux-2.4.21-acl-ext3.patch):'
+ patch -p1 -s
+ echo 'Patch #5570 (linux-2.4.21-acl-nfs.patch):'
+ patch -p1 -s
+ echo 'Patch #5580 (linux-2.4.21-xattr-vm.patch):'
+ patch -p1 -s
+ echo 'Patch #5590 (linux-2.4.21-lockd-svc.patch):'
+ patch -p1 -s
+ echo 'Patch #5600 (linux-2.4.21-lockd-blkreq.patch):'
+ patch -p1 -s
+ echo 'Patch #5610 (linux-2.4.20-nfsd-expacl.patch):'
+ patch -p1 -s
+ echo 'Patch #5620 (linux-2.4.21-nfs-tcp-discon-race.patch):'
+ patch -p1 -s
+ echo 'Patch #5630 (linux-2.4.21-nfs-tcp-reconn.patch):'
+ patch -p1 -s
+ echo 'Patch #5640 (linux-2.4.21-nfsd-aclfix.patch):'
+ patch -p1 -s
+ echo 'Patch #5650 (linux-2.4.21-lockd-resvport.patch):'
+ patch -p1 -s
+ echo 'Patch #5660 (linux-2.4.21-nfs-acl-otw.patch):'
+ patch -p1 -s
+ echo 'Patch #5670 (linux-2.4.21-scsi-timer.patch):'
+ patch -p1 -s
+ echo 'Patch #5675 (linux-2.4.21-ips-update.patch):'
+ patch -p1 -s
+ echo 'Patch #5680 (linux-2.4.21-cciss-update.patch):'
+ patch -p1 -s
+ echo 'Patch #5681 (linux-2.4.21-cciss-diskdump.patch):'
+ patch -p1 -s
+ echo 'Patch #5685 (linux-2.4.21-st-update.patch):'
+ patch -p1 -s
+ echo 'Patch #5690 (linux-2.4.21-megaraid-update.patch):'
+ patch -p1 -s
+ echo 'Patch #5691 (linux-2.4.21-megaraid-varyio.patch):'
+ patch -p1 -s
+ echo 'Patch #5692 (linux-2.4.21-megaraid-diskdump.patch):'
+ patch -p1 -s
+ echo 'Patch #5700 (linux-2.4.21-nfs-tcp-corrup.patch):'
+ patch -p1 -s
+ echo 'Patch #5710 (linux-2.4.21-nfs-xdr-kmap.patch):'
+ patch -p1 -s
+ echo 'Patch #5720 (linux-2.4.21-nfs-64aligned.patch):'
+ patch -p1 -s
+ echo 'Patch #5730 (linux-2.4.21-aic7xxx-update.patch):'
+ patch -p1 -E -s
+ echo 'Patch #5731 (linux-2.4.21-aic7xxx-iorl.patch):'
+ patch -p1 -s
+ echo 'Patch #5732 (linux-2.4.21-aic7xxx-varyio.patch):'
+ patch -p1 -s
+ echo 'Patch #5733 (linux-2.4.21-aic7xxx-diskdump.patch):'
+ patch -p1 -s
+ echo 'Patch #5735 (linux-2.4.21-dpt_i2o-update.patch):'
+ patch -p1 -s
+ echo 'Patch #5736 (linux-2.4.21-dpt_i2o-diskdump.patch):'
+ patch -p1 -s
+ echo 'Patch #5740 (linux-2.4.21-cpqarray-update.patch):'
+ patch -p1 -s
+ echo 'Patch #5745 (linux-2.4.21-aacraid-update.patch):'
+ patch -p1 -s
+ echo 'Patch #5748 (linux-2.4.21-siimage-update.patch):'
+ patch -p1 -s
+ echo 'Patch #5750 (linux-2.4.20-autofs4-update.patch):'
+ patch -p1 -s
+ echo 'Patch #5760 (linux-2.4.21-3ware-update.patch):'
+ patch -p1 -s
+ echo 'Patch #5770 (linux-2.4.21-emu10k1.patch):'
+ patch -p1 -s
+ echo 'Patch #5780 (linux-2.4.21-acl-jfs.patch):'
+ patch -p1 -s
+ echo 'Patch #5790 (linux-2.4.21-nfs-failover.patch):'
+ patch -p1 -s
+ echo 'Patch #5800 (linux-2.4.21-scsi-device-list.patch):'
+ patch -p1 -s
+ echo 'Patch #5810 (linux-2.4.21-lvm-rwsem-irq.patch):'
+ patch -p1 -s
+ echo 'Patch #5820 (linux-2.4.21-ext3-acl-update.patch):'
+ patch -p1 -s
+ echo 'Patch #5821 (linux-2.4.21-jbd-acl-update.patch):'
+ patch -p1 -s
+ echo 'Patch #5822 (linux-2.4.21-nfsd-acl-hangfix.patch):'
+ patch -p1 -s
+ echo 'Patch #5830 (linux-2.4.21-nfsd-reusefix.patch):'
+ patch -p1 -s
+ echo 'Patch #5840 (linux-2.4.21-nfsd-acl-update.patch):'
+ patch -p1 -s
+ echo 'Patch #5850 (linux-2.4.21-nfs-clu-opps.patch):'
+ patch -p1 -s
+ echo 'Patch #5860 (linux-2.4.21-nfs-highmemfix.patch):'
+ patch -p1 -s
+ echo 'Patch #5870 (linux-2.4.21-cdrom-compat.patch):'
+ patch -p1 -s
+ echo 'Patch #5880 (linux-2.4.21-nfs-softirqs.patch):'
+ patch -p1 -s
+ echo 'Patch #5890 (linux-2.4.21-knfsd-symlink-error.patch):'
+ patch -p1 -s
+ echo 'Patch #5900 (linux-2.4.21-knfsd-missing-locks.patch):'
+ patch -p1 -s
+ echo 'Patch #5910 (linux-2.4.21-lockd-blockedlks.patch):'
+ patch -p1 -s
+ echo 'Patch #5920 (linux-2.4.21-i810-update.patch):'
+ patch -p1 -s
+ echo 'Patch #5930 (linux-2.4.21-netdrvr-fixes.patch):'
+ patch -p1 -s
+ echo 'Patch #5931 (linux-2.4.21-e100-update.patch):'
+ patch -p1 -E -s
+ echo 'Patch #5932 (linux-2.4.21-e1000-update.patch):'
+ patch -p1 -s
+ echo 'Patch #5933 (linux-2.4.21-r8169-update.patch):'
+ patch -p1 -s
+ echo 'Patch #5934 (linux-2.4.21-vlan-update.patch):'
+ patch -p1 -s
+ echo 'Patch #5935 (linux-2.4.21-aironet-update.patch):'
+ patch -p1 -s
+ echo 'Patch #5936 (linux-2.4.21-pcnet32-update.patch):'
+ patch -p1 -s
+ echo 'Patch #5937 (linux-2.4.21-3c59x-update.patch):'
+ patch -p1 -s
+ echo 'Patch #5938 (linux-2.4.21-8139too-update.patch):'
+ patch -p1 -s
+ echo 'Patch #5940 (linux-2.4.21-usb-ohci.patch):'
+ patch -p1 -s
+ echo 'Patch #5950 (linux-2.4.21-lockd-sysctlif.patch):'
+ patch -p1 -s
+ echo 'Patch #5960 (linux-2.4.21-sunrpc-calldecode.patch):'
+ patch -p1 -s
+ echo 'Patch #5970 (linux-2.4.21-tg3.patch):'
+ patch -p1 -s
+ echo 'Patch #5980 (linux-2.4.21-pci-ids.patch):'
+ patch -p1 -s
+ echo 'Patch #5990 (linux-2.4.21-md-multipath.patch):'
+ patch -p1 -s
+ echo 'Patch #6000 (linux-2.4.21-nfs-vxfs.patch):'
+ patch -p1 -s
+ echo 'Patch #6010 (linux-2.4.21-lastsector.patch):'
+ patch -p1 -s
+ echo 'Patch #6020 (linux-2.4.18-netdump-drivers.patch):'
+ patch -p1 -s
+ echo 'Patch #6030 (linux-2.4.21-fdunshare.patch):'
+ patch -p1 -s
+ echo 'Patch #6040 (linux-2.4.21-nfs-nfsrootfail.patch):'
+ patch -p1 -s
+ echo 'Patch #6050 (linux-2.4.21-nfs-accesscache.patch):'
+ patch -p1 -s
+ echo 'Patch #6060 (linux-2.4.21-nfs-solaris_acls.patch):'
+ patch -p1 -s
+ echo 'Patch #6065 (linux-2.4.21-nfs-stack-usage.patch):'
+ patch -p1 -s
+ echo 'Patch #6070 (linux-2.4.21-nfs-callreserve.patch):'
+ patch -p1 -s
+ echo 'Patch #6080 (linux-2.4.21-nfs-softmnts.patch):'
+ patch -p1 -s
+ echo 'Patch #6090 (linux-2.4.21-nfs-updates.patch):'
+ patch -p1 -s
+ echo 'Patch #6091 (linux-2.4.21-nfs-estale.patch):'
+ patch -p1 -s
+ echo 'Patch #6092 (linux-2.4.21-nfs-aio-sync.patch):'
+ patch -p1 -s
+ echo 'Patch #6100 (linux-2.4.21-proc-tty-driver.patch):'
+ patch -p1 -s
+ echo 'Patch #6110 (linux-2.4.21-ncpfs-updates.patch):'
+ patch -p1 -s
+ echo 'Patch #6120 (linux-2.4.21-fatfs-updates.patch):'
+ patch -p1 -s
+ echo 'Patch #6200 (linux-2.4.21-gfs-enablers.patch):'
+ patch -p1 -s
+ echo 'Patch #6210 (linux-2.4.21-statfs64-support.patch):'
+ patch -p1 -s
+ echo 'Patch #6220 (linux-2.4.21-o-sync-eio-propagation.patch):'
+ patch -p1 -s
+ echo 'Patch #7000 (linux-2.4.21-gendisk-scale.patch):'
+ patch -p1 -s
+ echo 'Patch #7001 (linux-2.4.21-2TB-partition.patch):'
+ patch -p1 -s
+ echo 'Patch #7010 (linux-2.4.21-kstat-percpu.patch):'
+ patch -p1 -s
+ echo 'Patch #7020 (linux-2.4.21-gettimeofday-scale.patch):'
+ patch -p1 -s
+ echo 'Patch #7030 (linux-2.4.21-scsi-affine-queue.patch):'
+ patch -p1 -s
+ echo 'Patch #7040 (linux-2.4.21-scsi-softirq.patch):'
+ patch -p1 -s
+ echo 'Patch #7045 (linux-2.4.21-scsi-dynamic-add.patch):'
+ patch -p1 -s
+ echo 'Patch #7050 (linux-2.4.21-scsi-rqlock-scale.patch):'
+ patch -p1 -s
+ echo 'Patch #7055 (linux-2.4.21-scsi-queue-fixes.patch):'
+ patch -p1 -s
+ echo 'Patch #7060 (linux-2.4.21-scalable-timers.patch):'
+ patch -p1 -E -s
+ echo 'Patch #7065 (linux-2.4.21-filtered-wakeup.patch):'
+ patch -p1 -s
+ echo 'Patch #7070 (linux-2.4.21-slab-scale.patch):'
+ patch -p1 -s
+ echo 'Patch #7080 (linux-2.4.21-kiobuf-fixes.patch):'
+ patch -p1 -s
+ echo 'Patch #7081 (linux-2.4.21-aio-odirect-blkdev.patch):'
+ patch -p1 -s
+ echo 'Patch #7090 (linux-2.4.21-proc_irq_many.patch):'
+ patch -p1 -s
+ echo 'Patch #7100 (linux-2.4.21-process_acct.patch):'
+ patch -p1 -s
+ echo 'Patch #7110 (linux-2.4.21-rawio-readv-writev.patch):'
+ patch -p1 -s
+ echo 'Patch #7120 (linux-2.4.21-sync-supers.patch):'
+ patch -p1 -s
+ echo 'Patch #7130 (linux-2.4.21-dcache-priority.patch):'
+ patch -p1 -s
+ echo 'Patch #7140 (linux-2.4.21-softirq-defer.patch):'
+ patch -p1 -s
+ echo 'Patch #7150 (linux-2.4.21-s390-on-demand-timer.patch):'
+ patch -p1 -s
+ echo 'Patch #7151 (linux-2.4.21-s390-time-accounting.patch):'
+ patch -p1 -s
+ echo 'Patch #7160 (linux-2.4.21-sys-epoll-support.patch):'
+ patch -p1 -s
+ echo 'Patch #7170 (linux-2.4.21-printk-rate-limit.patch):'
+ patch -p1 -s
+ echo 'Patch #7180 (linux-2.4.21-sysctl-unregister.patch):'
+ patch -p1 -s
+ echo 'Patch #8000 (linux-2.4.9-addon.patch):'
+ patch -p1 -s
+ echo 'Patch #8010 (linux-2.4.18-megarac.patch):'
+ patch -p1 -s
+ echo 'Patch #8020 (linux-2.4.18-wvlan-cs.patch):'
+ patch -p1 -s
+ echo 'Patch #8030 (linux-2.4.18-ecc.patch):'
+ patch -p1 -s
+ echo 'Patch #8040 (linux-2.4.6-bcm5820.patch):'
+ patch -p1 -s
+ echo 'Patch #8050 (linux-2.4.7-tulip.patch):'
+ patch -p1 -s
+ echo 'Patch #8060 (linux-2.4.0-cipe-1.4.5.patch):'
+ patch -p1 -s
+ echo 'Patch #8061 (linux-2.4.21-cipe-ipsec.patch):'
+ patch -p1 -s
+ echo 'Patch #8070 (linux-2.4.20-lm_sensors.patch):'
+ patch -p1 -s
+ echo 'Patch #8080 (linux-2.4.9-qla2200.patch):'
+ patch -p1 -s
+ echo 'Patch #8081 (linux-2.4.21-qla2200-diskdump.patch):'
+ patch -p1 -s
+ echo 'Patch #8090 (linux-2.4.9-aep.patch):'
+ patch -p1 -s
+ echo 'Patch #8100 (linux-2.4.18-loop-cryptoapi.patch):'
+ patch -p1 -s
+ echo 'Patch #8110 (linux-2.4.18-audigy.patch):'
+ patch -p1 -s
+ echo 'Patch #8120 (linux-2.4.21-bonding-core.patch):'
+ patch -p1 -s
+ echo 'Patch #8121 (linux-2.4.21-bonding.patch):'
+ patch -p1 -E -s
+ echo 'Patch #8140 (linux-2.4.21-sata.patch):'
+ patch -p1 -s
+ echo 'Patch #8143 (linux-2.4.21-sata-carmel.patch):'
+ patch -p1 -s
+ echo 'Patch #8144 (linux-2.4.21-sata-diskdump.patch):'
+ patch -p1 -s
+ echo 'Patch #8145 (linux-2.4.21-ich6-pata.patch):'
+ patch -p1 -s
+ echo 'Patch #8150 (linux-2.4.21-fusion.patch):'
+ patch -p1 -s
+ echo 'Patch #8151 (linux-2.4.21-fusion-varyio.patch):'
+ patch -p1 -s
+ echo 'Patch #8152 (linux-2.4.21-fusion-diskdump.patch):'
+ patch -p1 -s
+ echo 'Patch #8155 (linux-2.4.21-emulex.patch):'
+ patch -p1 -s
+ echo 'Patch #8156 (linux-2.4.21-emulex-ioctl.patch):'
+ patch -p1 -s
+ echo 'Patch #8158 (linux-2.4.21-iscsi_sfnet.patch):'
+ patch -p1 -s
+ echo 'Patch #8160 (linux-2.4.21-icom.patch):'
+ patch -p1 -s
+ echo 'Patch #8161 (linux-2.4.21-icom-serial-debugger.patch):'
+ patch -p1 -s
+ echo 'Patch #8170 (linux-2.4.21-hangcheck-timer.patch):'
+ patch -p1 -s
+ echo 'Patch #8180 (linux-2.4.21-agp3gart.patch):'
+ patch -p1 -s
+ echo 'Patch #8181 (linux-2.4.21-drm-updates.patch):'
+ patch -p1 -s
+ echo 'Patch #8190 (linux-2.4.20-s390-qdio.patch):'
+ patch -p1 -s
+ echo 'Patch #8200 (linux-2.4.20-s390-qeth.patch):'
+ patch -p1 -s
+ echo 'Patch #8210 (linux-2.4.21-s390-zcrypt.patch):'
+ patch -p1 -s
+ echo 'Patch #8220 (linux-2.4.21-s390-zfcp.patch):'
+ patch -p1 -s
+ echo 'Patch #8230 (linux-2.4.21-b44.patch):'
+ patch -p1 -s
+ echo 'Patch #8235 (linux-2.4.21-forcedeth.patch):'
+ patch -p1 -s
+ echo 'Patch #8236 (linux-2.4.21-bnx2.patch):'
+ patch -p1 -s
+ echo 'Patch #8240 (linux-2.4.21-ppc64-ipr.patch):'
+ patch -p1 -s
+ echo 'Patch #8245 (linux-2.4.21-3ware-9xxx.patch):'
+ patch -p1 -s
+ echo 'Patch #8246 (linux-2.4.21-megaraid_sas.patch):'
+ patch -p1 -s
+ echo 'Patch #8247 (linux-2.4.21-megaraid_sas-diskdump.patch):'
+ patch -p1 -s
+ echo 'Patch #8248 (linux-2.4.21-adp94xx.patch):'
+ patch -p1 -s
+ echo 'Patch #8250 (linux-2.4.21-dell_rbu.patch):'
+ patch -p1 -s
+ echo 'Patch #8251 (linux-2.4.21-dell_dcdbas.patch):'
+ patch -p1 -s
+ echo 'Patch #8260 (linux-2.4.21-syscall-auditing.patch):'
+ patch -p1 -s
+ echo 'Patch #8270 (linux-2.4.21-ptrace-single-step.patch):'
+ patch -p1 -s
+ echo 'Patch #9000 (linux-2.4.21-file-offset-fixes.patch):'
+ patch -p1 -s
+ echo 'Patch #9010 (linux-2.4.21-tty-ldisc-refs.patch):'
+ patch -p1 -s
+ echo 'Patch #9020 (linux-2.4.1-compilefailure.patch):'
+ patch -p1 -s
+ echo 'Patch #9030 (linux-2.4.18-smallpatches.patch):'
+ patch -p1 -s
+ echo 'Patch #9040 (linux-2.4.18-missing-license-tags.patch):'
+ patch -p1 -s
+ echo 'Patch #9050 (linux-2.4.21-config-small.patch):'
+ patch -p1 -s
+ perl -p -i -e 's/^SUBLEVEL.*/SUBLEVEL = 21/' Makefile
+ perl -p -i -e 's/^EXTRAVERSION.*/EXTRAVERSION = -prep/' Makefile
+ perl -p -i -e 's/^RHEL_VERSION.*/RHEL_VERSION = 3/' Makefile
+ perl -p -i -e 's/^RHEL_UPDATE.*/RHEL_UPDATE = 9/' Makefile
+ echo 'Patch #40000 (sleep001.patch):'
+ patch -p1 -s
+ cp /home/tag/rpmbuild/SOURCES/COPYING.modules Documentation/
+ mkdir configs
+ cp -fv /home/tag/rpmbuild/SOURCES/kernel-2.4.21-i386-BOOT.config /home/tag/rpmbuild/SOURCES/kernel-2.4.21-i386.config /home/tag/rpmbuild/SOURCES/kernel-2.4.21-i586-smp.config /home/tag/rpmbuild/SOURCES/kernel-2.4.21-i586.config /home/tag/rpmbuild/SOURCES/kernel-2.4.21-i686-hugemem.config /home/tag/rpmbuild/SOURCES/kernel-2.4.21-i686-smp.config /home/tag/rpmbuild/SOURCES/kernel-2.4.21-i686.config configs
+ cp -fv /home/tag/rpmbuild/SOURCES/kernel-2.4.21-athlon-smp.config /home/tag/rpmbuild/SOURCES/kernel-2.4.21-athlon.config configs
+ cp -fv /home/tag/rpmbuild/SOURCES/kernel-2.4.21-x86_64-smp.config /home/tag/rpmbuild/SOURCES/kernel-2.4.21-x86_64.config configs
+ cp -fv /home/tag/rpmbuild/SOURCES/kernel-2.4.21-s390.config /home/tag/rpmbuild/SOURCES/kernel-2.4.21-s390x.config configs
+ cp -fv /home/tag/rpmbuild/SOURCES/kernel-2.4.21-ppc64iseries.config /home/tag/rpmbuild/SOURCES/kernel-2.4.21-ppc64pseries.config configs
+ cp -fv /home/tag/rpmbuild/SOURCES/kernel-2.4.21-ia64.config configs
+ cp -fv /home/tag/rpmbuild/SOURCES/kernel-2.4.21-ia32e.config configs
+ cp -fv /home/tag/rpmbuild/SOURCES/kernel-2.4.21-ppc64.config configs
+ find . -name '*.orig' -exec rm -fv '{}' ';'
+ find . -name '*~' -exec rm -fv '{}' ';'
+ exit 0
+ umask 022
+ cd /home/tag/rpmbuild/BUILD
+ cd kernel-2.4.21
+ LANG=C
+ export LANG
+ unset DISPLAY
+ cd linux-2.4.21
+ rm -rf /var/tmp/kernel-2.4.21-50.EL.hmc_source_auto001-root
+ BuildKernel smp
+ '[' -n smp ']'
+ Config=i686-smp
+ KernelVer=2.4.21-50.EL.hmc_source_auto001smp
+ DependKernel i686 smp
+ '[' -n smp ']'
+ Config=i686-smp
+ KernelVer=2.4.21-50.EL.hmc_source_auto001smp
+ echo MAKE DEPEND FOR smp i686 KERNEL...
+ make -s mrproper
+ cp configs/kernel-2.4.21-i686-smp.config .config
+ perl -p -i -e 's/^EXTRAVERSION.*/EXTRAVERSION = -50.EL.hmc_source_auto001smp/' Makefile
+ make -s oldconfig_nonint
+ make -s oldconfig_nonint
+ make -s scripts/mkdep
+ make -s -j8 dep
make[1]: warning: jobserver unavailable: using -j1.  Add `+' to parent make rule.
In file included from /home/tag/rpmbuild/BUILD/kernel-2.4.21/linux-2.4.21/include/acpi/platform/acenv.h:120:0,
                 from /home/tag/rpmbuild/BUILD/kernel-2.4.21/linux-2.4.21/include/acpi/acpi.h:53,
                 from /home/tag/rpmbuild/BUILD/kernel-2.4.21/linux-2.4.21/include/linux/acpi.h:34,
                 from acpi_ksyms.c:27:
/home/tag/rpmbuild/BUILD/kernel-2.4.21/linux-2.4.21/include/acpi/platform/aclinux.h:61:22: fatal error: asm/acpi.h: No such file or directory
compilation terminated.
In file included from /home/tag/rpmbuild/BUILD/kernel-2.4.21/linux-2.4.21/include/acpi/platform/acenv.h:120:0,
                 from /home/tag/rpmbuild/BUILD/kernel-2.4.21/linux-2.4.21/include/acpi/acpi.h:53,
                 from /home/tag/rpmbuild/BUILD/kernel-2.4.21/linux-2.4.21/include/acpi/acpi_bus.h:36,
                 from processor.c:43:
/home/tag/rpmbuild/BUILD/kernel-2.4.21/linux-2.4.21/include/acpi/platform/aclinux.h:61:22: fatal error: asm/acpi.h: No such file or directory
compilation terminated.
crc32.c:34:24: fatal error: crc32table.h: No such file or directory
compilation terminated.
In file included from hp_sdc.c:64:0:
/home/tag/rpmbuild/BUILD/kernel-2.4.21/linux-2.4.21/include/linux/hp_sdc.h:45:26: fatal error: asm/hardware.h: No such file or directory
compilation terminated.
acsi.c:74:25: fatal error: asm/atarihw.h: No such file or directory
compilation terminated.
In file included from /home/tag/rpmbuild/BUILD/kernel-2.4.21/linux-2.4.21/include/acpi/platform/acenv.h:120:0,
                 from /home/tag/rpmbuild/BUILD/kernel-2.4.21/linux-2.4.21/include/acpi/acpi.h:53,
                 from /home/tag/rpmbuild/BUILD/kernel-2.4.21/linux-2.4.21/include/linux/acpi.h:34,
                 from sonypi.c:45:
/home/tag/rpmbuild/BUILD/kernel-2.4.21/linux-2.4.21/include/acpi/platform/aclinux.h:61:22: fatal error: asm/acpi.h: No such file or directory
compilation terminated.
au1000_gpio.c:41:24: fatal error: asm/au1000.h: No such file or directory
compilation terminated.
hp_psaux.c:41:26: fatal error: asm/hardware.h: No such file or directory
compilation terminated.
In file included from i2c-algo-ite.c:50:0:
i2c-ite.h:36:31: fatal error: asm/it8172/it8172.h: No such file or directory
compilation terminated.
veth.c:109:28: fatal error: asm/iSeries/mf.h: No such file or directory
compilation terminated.
md5sum: WARNING: 1 of 13 computed checksums did NOT match
In file included from viotape.c:56:0:
vio.h:44:33: fatal error: asm/iSeries/HvTypes.h: No such file or directory
compilation terminated.
In file included from viocons.c:45:0:
vio.h:44:33: fatal error: asm/iSeries/HvTypes.h: No such file or directory
compilation terminated.
viodasd.c:100:33: fatal error: asm/iSeries/HvTypes.h: No such file or directory
compilation terminated.
viocd.c:79:33: fatal error: asm/iSeries/HvTypes.h: No such file or directory
compilation terminated.
viopath.c:42:34: fatal error: asm/iSeries/LparData.h: No such file or directory
compilation terminated.
rtc.c:27:25: fatal error: asm/machdep.h: No such file or directory
compilation terminated.
via-pmu.c:36:22: fatal error: asm/prom.h: No such file or directory
compilation terminated.
In file included from nubus_syms.c:8:0:
/home/tag/rpmbuild/BUILD/kernel-2.4.21/linux-2.4.21/include/linux/nubus.h:16:23: fatal error: asm/nubus.h: No such file or directory
compilation terminated.
audio.c:41:25: fatal error: asm/audioio.h: No such file or directory
compilation terminated.
su.c:78:23: fatal error: asm/oplib.h: No such file or directory
compilation terminated.
amd7930.c:95:26: fatal error: asm/openprom.h: No such file or directory
compilation terminated.
bbc_i2c.c:16:23: fatal error: asm/oplib.h: No such file or directory
compilation terminated.
newport.c:11:21: fatal error: asm/gfx.h: No such file or directory
compilation terminated.
dbri.c:54:26: fatal error: asm/openprom.h: No such file or directory
compilation terminated.
tc.c:19:27: fatal error: asm/addrspace.h: No such file or directory
compilation terminated.
rrm.c:15:21: fatal error: asm/rrm.h: No such file or directory
compilation terminated.
In file included from 53c700.c:142:0:
53c700.h:40:2: error: #error "Config.in must define either CONFIG_53C700_IO_MAPPED or CONFIG_53C700_MEM_MAPPED to use this scsi core."
53c700.c:163:22: fatal error: 53c700_d.h: No such file or directory
compilation terminated.
shmiq.c:57:23: fatal error: asm/shmiq.h: No such file or directory
compilation terminated.
usema.c:38:25: fatal error: asm/usioctl.h: No such file or directory
compilation terminated.
In file included from zorro.c:17:0:
/home/tag/rpmbuild/BUILD/kernel-2.4.21/linux-2.4.21/include/linux/zorro.h:158:23: fatal error: asm/zorro.h: No such file or directory
compilation terminated.
Makefile:35: warning: overriding recipe for target `adp94xx.o'
/home/tag/rpmbuild/BUILD/kernel-2.4.21/linux-2.4.21/Rules.make:97: warning: ignoring old recipe for target `adp94xx.o'
fas216.c:55:23: fatal error: asm/ecard.h: No such file or directory
compilation terminated.
sa1100fb.c:166:26: fatal error: asm/hardware.h: No such file or directory
compilation terminated.
sticore.c:27:26: fatal error: asm/hardware.h: No such file or directory
compilation terminated.
stifb.c:76:56: fatal error: asm/grfioctl.h: No such file or directory
compilation terminated.
+ make -s include/linux/version.h
+ echo BUILDING A KERNEL FOR smp i686...
+ make -s -j8 SPEC_CFLAGS=-g bzImage
make[1]: Circular /home/tag/rpmbuild/BUILD/kernel-2.4.21/linux-2.4.21/include/asm/smplock.h <- /home/tag/rpmbuild/BUILD/kernel-2.4.21/linux-2.4.21/include/linux/interrupt.h dependency dropped.
make[1]: Circular /home/tag/rpmbuild/BUILD/kernel-2.4.21/linux-2.4.21/include/linux/netfilter_ipv4/ip_conntrack_helper.h <- /home/tag/rpmbuild/BUILD/kernel-2.4.21/linux-2.4.21/include/linux/netfilter_ipv4/ip_conntrack.h dependency dropped.
In file included from /home/tag/rpmbuild/BUILD/kernel-2.4.21/linux-2.4.21/include/linux/prefetch.h:13:0,
                 from /home/tag/rpmbuild/BUILD/kernel-2.4.21/linux-2.4.21/include/linux/list.h:6,
                 from /home/tag/rpmbuild/BUILD/kernel-2.4.21/linux-2.4.21/include/linux/wait.h:14,
                 from /home/tag/rpmbuild/BUILD/kernel-2.4.21/linux-2.4.21/include/linux/fs.h:12,
                 from /home/tag/rpmbuild/BUILD/kernel-2.4.21/linux-2.4.21/include/linux/capability.h:17,
                 from /home/tag/rpmbuild/BUILD/kernel-2.4.21/linux-2.4.21/include/linux/binfmts.h:4,
                 from /home/tag/rpmbuild/BUILD/kernel-2.4.21/linux-2.4.21/include/linux/sched.h:10,
                 from /home/tag/rpmbuild/BUILD/kernel-2.4.21/linux-2.4.21/include/linux/mm.h:22,
                 from /home/tag/rpmbuild/BUILD/kernel-2.4.21/linux-2.4.21/include/linux/slab.h:14,
                 from /home/tag/rpmbuild/BUILD/kernel-2.4.21/linux-2.4.21/include/linux/proc_fs.h:5,
                 from init/main.c:15:
/home/tag/rpmbuild/BUILD/kernel-2.4.21/linux-2.4.21/include/asm/processor.h:85:26: error: array type has incomplete element type
In file included from /home/tag/rpmbuild/BUILD/kernel-2.4.21/linux-2.4.21/include/linux/spinlock.h:56:0,
                 from /home/tag/rpmbuild/BUILD/kernel-2.4.21/linux-2.4.21/include/linux/wait.h:16,
                 from /home/tag/rpmbuild/BUILD/kernel-2.4.21/linux-2.4.21/include/linux/fs.h:12,
                 from /home/tag/rpmbuild/BUILD/kernel-2.4.21/linux-2.4.21/include/linux/capability.h:17,
                 from /home/tag/rpmbuild/BUILD/kernel-2.4.21/linux-2.4.21/include/linux/binfmts.h:4,
                 from /home/tag/rpmbuild/BUILD/kernel-2.4.21/linux-2.4.21/include/linux/sched.h:10,
                 from /home/tag/rpmbuild/BUILD/kernel-2.4.21/linux-2.4.21/include/linux/mm.h:22,
                 from /home/tag/rpmbuild/BUILD/kernel-2.4.21/linux-2.4.21/include/linux/slab.h:14,
                 from /home/tag/rpmbuild/BUILD/kernel-2.4.21/linux-2.4.21/include/linux/proc_fs.h:5,
                 from init/main.c:15:
/home/tag/rpmbuild/BUILD/kernel-2.4.21/linux-2.4.21/include/asm/spinlock.h:9:12: error: conflicting types for 'printk'
In file included from /home/tag/rpmbuild/BUILD/kernel-2.4.21/linux-2.4.21/include/linux/wait.h:13:0,
                 from /home/tag/rpmbuild/BUILD/kernel-2.4.21/linux-2.4.21/include/linux/fs.h:12,
                 from /home/tag/rpmbuild/BUILD/kernel-2.4.21/linux-2.4.21/include/linux/capability.h:17,
                 from /home/tag/rpmbuild/BUILD/kernel-2.4.21/linux-2.4.21/include/linux/binfmts.h:4,
                 from /home/tag/rpmbuild/BUILD/kernel-2.4.21/linux-2.4.21/include/linux/sched.h:10,
                 from /home/tag/rpmbuild/BUILD/kernel-2.4.21/linux-2.4.21/include/linux/mm.h:22,
                 from /home/tag/rpmbuild/BUILD/kernel-2.4.21/linux-2.4.21/include/linux/slab.h:14,
                 from /home/tag/rpmbuild/BUILD/kernel-2.4.21/linux-2.4.21/include/linux/proc_fs.h:5,
                 from init/main.c:15:
/home/tag/rpmbuild/BUILD/kernel-2.4.21/linux-2.4.21/include/linux/kernel.h:97:16: note: previous declaration of 'printk' was here
In file included from /home/tag/rpmbuild/BUILD/kernel-2.4.21/linux-2.4.21/include/linux/prefetch.h:13:0,
                 from /home/tag/rpmbuild/BUILD/kernel-2.4.21/linux-2.4.21/include/linux/list.h:6,
                 from /home/tag/rpmbuild/BUILD/kernel-2.4.21/linux-2.4.21/include/linux/wait.h:14,
                 from /home/tag/rpmbuild/BUILD/kernel-2.4.21/linux-2.4.21/include/linux/fs.h:12,
                 from /home/tag/rpmbuild/BUILD/kernel-2.4.21/linux-2.4.21/include/linux/capability.h:17,
                 from /home/tag/rpmbuild/BUILD/kernel-2.4.21/linux-2.4.21/include/linux/binfmts.h:4,
                 from /home/tag/rpmbuild/BUILD/kernel-2.4.21/linux-2.4.21/include/linux/sched.h:10,
                 from /home/tag/rpmbuild/BUILD/kernel-2.4.21/linux-2.4.21/include/linux/mm.h:22,
                 from /home/tag/rpmbuild/BUILD/kernel-2.4.21/linux-2.4.21/include/linux/slab.h:14,
                 from init/do_mounts.c:3:
/home/tag/rpmbuild/BUILD/kernel-2.4.21/linux-2.4.21/include/asm/processor.h:85:26: error: array type has incomplete element type
In file included from /home/tag/rpmbuild/BUILD/kernel-2.4.21/linux-2.4.21/include/linux/spinlock.h:56:0,
                 from /home/tag/rpmbuild/BUILD/kernel-2.4.21/linux-2.4.21/include/linux/wait.h:16,
                 from /home/tag/rpmbuild/BUILD/kernel-2.4.21/linux-2.4.21/include/linux/fs.h:12,
                 from /home/tag/rpmbuild/BUILD/kernel-2.4.21/linux-2.4.21/include/linux/capability.h:17,
                 from /home/tag/rpmbuild/BUILD/kernel-2.4.21/linux-2.4.21/include/linux/binfmts.h:4,
                 from /home/tag/rpmbuild/BUILD/kernel-2.4.21/linux-2.4.21/include/linux/sched.h:10,
                 from /home/tag/rpmbuild/BUILD/kernel-2.4.21/linux-2.4.21/include/linux/mm.h:22,
                 from /home/tag/rpmbuild/BUILD/kernel-2.4.21/linux-2.4.21/include/linux/slab.h:14,
                 from init/do_mounts.c:3:
/home/tag/rpmbuild/BUILD/kernel-2.4.21/linux-2.4.21/include/asm/spinlock.h:9:12: error: conflicting types for 'printk'
In file included from /home/tag/rpmbuild/BUILD/kernel-2.4.21/linux-2.4.21/include/linux/wait.h:13:0,
                 from /home/tag/rpmbuild/BUILD/kernel-2.4.21/linux-2.4.21/include/linux/fs.h:12,
                 from /home/tag/rpmbuild/BUILD/kernel-2.4.21/linux-2.4.21/include/linux/capability.h:17,
                 from /home/tag/rpmbuild/BUILD/kernel-2.4.21/linux-2.4.21/include/linux/binfmts.h:4,
                 from /home/tag/rpmbuild/BUILD/kernel-2.4.21/linux-2.4.21/include/linux/sched.h:10,
                 from /home/tag/rpmbuild/BUILD/kernel-2.4.21/linux-2.4.21/include/linux/mm.h:22,
                 from /home/tag/rpmbuild/BUILD/kernel-2.4.21/linux-2.4.21/include/linux/slab.h:14,
                 from init/do_mounts.c:3:
/home/tag/rpmbuild/BUILD/kernel-2.4.21/linux-2.4.21/include/linux/kernel.h:97:16: note: previous declaration of 'printk' was here
In file included from /home/tag/rpmbuild/BUILD/kernel-2.4.21/linux-2.4.21/include/linux/fs.h:347:0,
                 from /home/tag/rpmbuild/BUILD/kernel-2.4.21/linux-2.4.21/include/linux/capability.h:17,
                 from /home/tag/rpmbuild/BUILD/kernel-2.4.21/linux-2.4.21/include/linux/binfmts.h:4,
                 from /home/tag/rpmbuild/BUILD/kernel-2.4.21/linux-2.4.21/include/linux/sched.h:10,
                 from /home/tag/rpmbuild/BUILD/kernel-2.4.21/linux-2.4.21/include/linux/mm.h:22,
                 from /home/tag/rpmbuild/BUILD/kernel-2.4.21/linux-2.4.21/include/linux/slab.h:14,
                 from /home/tag/rpmbuild/BUILD/kernel-2.4.21/linux-2.4.21/include/linux/proc_fs.h:5,
                 from init/main.c:15:
/home/tag/rpmbuild/BUILD/kernel-2.4.21/linux-2.4.21/include/linux/ncp_fs_i.h:26:2: warning: 'packed' attribute ignored for field of type '__u8' [-Wattributes]
/home/tag/rpmbuild/BUILD/kernel-2.4.21/linux-2.4.21/include/linux/ncp_fs_i.h:27:2: warning: 'packed' attribute ignored for field of type '__u8[6]' [-Wattributes]
In file included from /home/tag/rpmbuild/BUILD/kernel-2.4.21/linux-2.4.21/include/linux/prefetch.h:13:0,
                 from /home/tag/rpmbuild/BUILD/kernel-2.4.21/linux-2.4.21/include/linux/list.h:6,
                 from /home/tag/rpmbuild/BUILD/kernel-2.4.21/linux-2.4.21/include/linux/wait.h:14,
                 from /home/tag/rpmbuild/BUILD/kernel-2.4.21/linux-2.4.21/include/linux/fs.h:12,
                 from /home/tag/rpmbuild/BUILD/kernel-2.4.21/linux-2.4.21/include/linux/capability.h:17,
                 from /home/tag/rpmbuild/BUILD/kernel-2.4.21/linux-2.4.21/include/linux/binfmts.h:4,
                 from /home/tag/rpmbuild/BUILD/kernel-2.4.21/linux-2.4.21/include/linux/sched.h:10,
                 from /home/tag/rpmbuild/BUILD/kernel-2.4.21/linux-2.4.21/include/linux/mm.h:22,
                 from memory.c:39:
/home/tag/rpmbuild/BUILD/kernel-2.4.21/linux-2.4.21/include/asm/processor.h:85:26: error: array type has incomplete element type
In file included from /home/tag/rpmbuild/BUILD/kernel-2.4.21/linux-2.4.21/include/linux/ncp_mount.h:12:0,
                 from /home/tag/rpmbuild/BUILD/kernel-2.4.21/linux-2.4.21/include/linux/ncp_fs_sb.h:12,
                 from /home/tag/rpmbuild/BUILD/kernel-2.4.21/linux-2.4.21/include/linux/fs.h:768,
                 from /home/tag/rpmbuild/BUILD/kernel-2.4.21/linux-2.4.21/include/linux/capability.h:17,
                 from /home/tag/rpmbuild/BUILD/kernel-2.4.21/linux-2.4.21/include/linux/binfmts.h:4,
                 from /home/tag/rpmbuild/BUILD/kernel-2.4.21/linux-2.4.21/include/linux/sched.h:10,
                 from /home/tag/rpmbuild/BUILD/kernel-2.4.21/linux-2.4.21/include/linux/mm.h:22,
                 from /home/tag/rpmbuild/BUILD/kernel-2.4.21/linux-2.4.21/include/linux/slab.h:14,
                 from /home/tag/rpmbuild/BUILD/kernel-2.4.21/linux-2.4.21/include/linux/proc_fs.h:5,
                 from init/main.c:15:
/home/tag/rpmbuild/BUILD/kernel-2.4.21/linux-2.4.21/include/linux/ncp.h:24:2: warning: 'packed' attribute ignored for field of type '__u8' [-Wattributes]
/home/tag/rpmbuild/BUILD/kernel-2.4.21/linux-2.4.21/include/linux/ncp.h:25:2: warning: 'packed' attribute ignored for field of type '__u8' [-Wattributes]
/home/tag/rpmbuild/BUILD/kernel-2.4.21/linux-2.4.21/include/linux/ncp.h:26:2: warning: 'packed' attribute ignored for field of type '__u8' [-Wattributes]
/home/tag/rpmbuild/BUILD/kernel-2.4.21/linux-2.4.21/include/linux/ncp.h:27:2: warning: 'packed' attribute ignored for field of type '__u8' [-Wattributes]
/home/tag/rpmbuild/BUILD/kernel-2.4.21/linux-2.4.21/include/linux/ncp.h:28:2: warning: 'packed' attribute ignored for field of type '__u8' [-Wattributes]
/home/tag/rpmbuild/BUILD/kernel-2.4.21/linux-2.4.21/include/linux/ncp.h:29:2: warning: 'packed' attribute ignored for field of type '__u8[]' [-Wattributes]
/home/tag/rpmbuild/BUILD/kernel-2.4.21/linux-2.4.21/include/linux/ncp.h:37:2: warning: 'packed' attribute ignored for field of type '__u8' [-Wattributes]
/home/tag/rpmbuild/BUILD/kernel-2.4.21/linux-2.4.21/include/linux/ncp.h:38:2: warning: 'packed' attribute ignored for field of type '__u8' [-Wattributes]
/home/tag/rpmbuild/BUILD/kernel-2.4.21/linux-2.4.21/include/linux/ncp.h:39:2: warning: 'packed' attribute ignored for field of type '__u8' [-Wattributes]
/home/tag/rpmbuild/BUILD/kernel-2.4.21/linux-2.4.21/include/linux/ncp.h:40:2: warning: 'packed' attribute ignored for field of type '__u8' [-Wattributes]
/home/tag/rpmbuild/BUILD/kernel-2.4.21/linux-2.4.21/include/linux/ncp.h:41:2: warning: 'packed' attribute ignored for field of type '__u8' [-Wattributes]
/home/tag/rpmbuild/BUILD/kernel-2.4.21/linux-2.4.21/include/linux/ncp.h:42:2: warning: 'packed' attribute ignored for field of type '__u8' [-Wattributes]
/home/tag/rpmbuild/BUILD/kernel-2.4.21/linux-2.4.21/include/linux/ncp.h:43:2: warning: 'packed' attribute ignored for field of type '__u8[]' [-Wattributes]
/home/tag/rpmbuild/BUILD/kernel-2.4.21/linux-2.4.21/include/linux/ncp.h:137:2: warning: 'packed' attribute ignored for field of type '__u8' [-Wattributes]
/home/tag/rpmbuild/BUILD/kernel-2.4.21/linux-2.4.21/include/linux/ncp.h:138:2: warning: 'packed' attribute ignored for field of type '__u8[256]' [-Wattributes]
In file included from /home/tag/rpmbuild/BUILD/kernel-2.4.21/linux-2.4.21/include/linux/fs.h:347:0,
                 from /home/tag/rpmbuild/BUILD/kernel-2.4.21/linux-2.4.21/include/linux/capability.h:17,
                 from /home/tag/rpmbuild/BUILD/kernel-2.4.21/linux-2.4.21/include/linux/binfmts.h:4,
                 from /home/tag/rpmbuild/BUILD/kernel-2.4.21/linux-2.4.21/include/linux/sched.h:10,
                 from /home/tag/rpmbuild/BUILD/kernel-2.4.21/linux-2.4.21/include/linux/mm.h:22,
                 from /home/tag/rpmbuild/BUILD/kernel-2.4.21/linux-2.4.21/include/linux/slab.h:14,
                 from init/do_mounts.c:3:
/home/tag/rpmbuild/BUILD/kernel-2.4.21/linux-2.4.21/include/linux/ncp_fs_i.h:26:2: warning: 'packed' attribute ignored for field of type '__u8' [-Wattributes]
/home/tag/rpmbuild/BUILD/kernel-2.4.21/linux-2.4.21/include/linux/ncp_fs_i.h:27:2: warning: 'packed' attribute ignored for field of type '__u8[6]' [-Wattributes]
/home/tag/rpmbuild/BUILD/kernel-2.4.21/linux-2.4.21/include/linux/ncp.h:174:2: warning: 'packed' attribute ignored for field of type '__u8' [-Wattributes]
In file included from /home/tag/rpmbuild/BUILD/kernel-2.4.21/linux-2.4.21/include/linux/spinlock.h:56:0,
                 from /home/tag/rpmbuild/BUILD/kernel-2.4.21/linux-2.4.21/include/linux/wait.h:16,
                 from /home/tag/rpmbuild/BUILD/kernel-2.4.21/linux-2.4.21/include/linux/fs.h:12,
                 from /home/tag/rpmbuild/BUILD/kernel-2.4.21/linux-2.4.21/include/linux/capability.h:17,
                 from /home/tag/rpmbuild/BUILD/kernel-2.4.21/linux-2.4.21/include/linux/binfmts.h:4,
                 from /home/tag/rpmbuild/BUILD/kernel-2.4.21/linux-2.4.21/include/linux/sched.h:10,
                 from /home/tag/rpmbuild/BUILD/kernel-2.4.21/linux-2.4.21/include/linux/mm.h:22,
                 from memory.c:39:
/home/tag/rpmbuild/BUILD/kernel-2.4.21/linux-2.4.21/include/asm/spinlock.h:9:12: error: conflicting types for 'printk'
In file included from /home/tag/rpmbuild/BUILD/kernel-2.4.21/linux-2.4.21/include/linux/wait.h:13:0,
                 from /home/tag/rpmbuild/BUILD/kernel-2.4.21/linux-2.4.21/include/linux/fs.h:12,
                 from /home/tag/rpmbuild/BUILD/kernel-2.4.21/linux-2.4.21/include/linux/capability.h:17,
                 from /home/tag/rpmbuild/BUILD/kernel-2.4.21/linux-2.4.21/include/linux/binfmts.h:4,
                 from /home/tag/rpmbuild/BUILD/kernel-2.4.21/linux-2.4.21/include/linux/sched.h:10,
                 from /home/tag/rpmbuild/BUILD/kernel-2.4.21/linux-2.4.21/include/linux/mm.h:22,
                 from memory.c:39:
/home/tag/rpmbuild/BUILD/kernel-2.4.21/linux-2.4.21/include/linux/kernel.h:97:16: note: previous declaration of 'printk' was here
In file included from /home/tag/rpmbuild/BUILD/kernel-2.4.21/linux-2.4.21/include/linux/prefetch.h:13:0,
                 from /home/tag/rpmbuild/BUILD/kernel-2.4.21/linux-2.4.21/include/linux/list.h:6,
                 from /home/tag/rpmbuild/BUILD/kernel-2.4.21/linux-2.4.21/include/linux/wait.h:14,
                 from /home/tag/rpmbuild/BUILD/kernel-2.4.21/linux-2.4.21/include/linux/fs.h:12,
                 from /home/tag/rpmbuild/BUILD/kernel-2.4.21/linux-2.4.21/include/linux/capability.h:17,
                 from /home/tag/rpmbuild/BUILD/kernel-2.4.21/linux-2.4.21/include/linux/binfmts.h:4,
                 from /home/tag/rpmbuild/BUILD/kernel-2.4.21/linux-2.4.21/include/linux/sched.h:10,
                 from /home/tag/rpmbuild/BUILD/kernel-2.4.21/linux-2.4.21/include/linux/mm.h:22,
                 from sched.c:19:
/home/tag/rpmbuild/BUILD/kernel-2.4.21/linux-2.4.21/include/asm/processor.h:85:26: error: array type has incomplete element type
In file included from /home/tag/rpmbuild/BUILD/kernel-2.4.21/linux-2.4.21/include/asm/smp.h:16:0,
                 from /home/tag/rpmbuild/BUILD/kernel-2.4.21/linux-2.4.21/include/linux/smp.h:16,
                 from /home/tag/rpmbuild/BUILD/kernel-2.4.21/linux-2.4.21/include/linux/sched.h:24,
                 from /home/tag/rpmbuild/BUILD/kernel-2.4.21/linux-2.4.21/include/linux/mm.h:22,
                 from /home/tag/rpmbuild/BUILD/kernel-2.4.21/linux-2.4.21/include/linux/slab.h:14,
                 from /home/tag/rpmbuild/BUILD/kernel-2.4.21/linux-2.4.21/include/linux/proc_fs.h:5,
                 from init/main.c:15:
/home/tag/rpmbuild/BUILD/kernel-2.4.21/linux-2.4.21/include/asm/mpspec.h:87:2: warning: 'packed' attribute ignored for field of type 'unsigned char[6]' [-Wattributes]
In file included from /home/tag/rpmbuild/BUILD/kernel-2.4.21/linux-2.4.21/include/linux/sched.h:24:0,
                 from /home/tag/rpmbuild/BUILD/kernel-2.4.21/linux-2.4.21/include/linux/mm.h:22,
                 from /home/tag/rpmbuild/BUILD/kernel-2.4.21/linux-2.4.21/include/linux/slab.h:14,
                 from /home/tag/rpmbuild/BUILD/kernel-2.4.21/linux-2.4.21/include/linux/proc_fs.h:5,
                 from init/main.c:15:
/home/tag/rpmbuild/BUILD/kernel-2.4.21/linux-2.4.21/include/linux/smp.h:31:13: error: conflicting types for 'smp_send_reschedule'
In file included from /home/tag/rpmbuild/BUILD/kernel-2.4.21/linux-2.4.21/include/linux/smp.h:16:0,
                 from /home/tag/rpmbuild/BUILD/kernel-2.4.21/linux-2.4.21/include/linux/sched.h:24,
                 from /home/tag/rpmbuild/BUILD/kernel-2.4.21/linux-2.4.21/include/linux/mm.h:22,
                 from /home/tag/rpmbuild/BUILD/kernel-2.4.21/linux-2.4.21/include/linux/slab.h:14,
                 from /home/tag/rpmbuild/BUILD/kernel-2.4.21/linux-2.4.21/include/linux/proc_fs.h:5,
                 from init/main.c:15:
/home/tag/rpmbuild/BUILD/kernel-2.4.21/linux-2.4.21/include/asm/smp.h:44:13: note: previous declaration of 'smp_send_reschedule' was here
In file included from /home/tag/rpmbuild/BUILD/kernel-2.4.21/linux-2.4.21/include/linux/ncp_mount.h:12:0,
                 from /home/tag/rpmbuild/BUILD/kernel-2.4.21/linux-2.4.21/include/linux/ncp_fs_sb.h:12,
                 from /home/tag/rpmbuild/BUILD/kernel-2.4.21/linux-2.4.21/include/linux/fs.h:768,
                 from /home/tag/rpmbuild/BUILD/kernel-2.4.21/linux-2.4.21/include/linux/capability.h:17,
                 from /home/tag/rpmbuild/BUILD/kernel-2.4.21/linux-2.4.21/include/linux/binfmts.h:4,
                 from /home/tag/rpmbuild/BUILD/kernel-2.4.21/linux-2.4.21/include/linux/sched.h:10,
                 from /home/tag/rpmbuild/BUILD/kernel-2.4.21/linux-2.4.21/include/linux/mm.h:22,
                 from /home/tag/rpmbuild/BUILD/kernel-2.4.21/linux-2.4.21/include/linux/slab.h:14,
                 from init/do_mounts.c:3:
/home/tag/rpmbuild/BUILD/kernel-2.4.21/linux-2.4.21/include/linux/ncp.h:24:2: warning: 'packed' attribute ignored for field of type '__u8' [-Wattributes]
/home/tag/rpmbuild/BUILD/kernel-2.4.21/linux-2.4.21/include/linux/ncp.h:25:2: warning: 'packed' attribute ignored for field of type '__u8' [-Wattributes]
/home/tag/rpmbuild/BUILD/kernel-2.4.21/linux-2.4.21/include/linux/ncp.h:26:2: warning: 'packed' attribute ignored for field of type '__u8' [-Wattributes]
/home/tag/rpmbuild/BUILD/kernel-2.4.21/linux-2.4.21/include/linux/ncp.h:27:2: warning: 'packed' attribute ignored for field of type '__u8' [-Wattributes]
/home/tag/rpmbuild/BUILD/kernel-2.4.21/linux-2.4.21/include/linux/ncp.h:28:2: warning: 'packed' attribute ignored for field of type '__u8' [-Wattributes]
/home/tag/rpmbuild/BUILD/kernel-2.4.21/linux-2.4.21/include/linux/ncp.h:29:2: warning: 'packed' attribute ignored for field of type '__u8[]' [-Wattributes]
/home/tag/rpmbuild/BUILD/kernel-2.4.21/linux-2.4.21/include/linux/ncp.h:37:2: warning: 'packed' attribute ignored for field of type '__u8' [-Wattributes]
/home/tag/rpmbuild/BUILD/kernel-2.4.21/linux-2.4.21/include/linux/ncp.h:38:2: warning: 'packed' attribute ignored for field of type '__u8' [-Wattributes]
/home/tag/rpmbuild/BUILD/kernel-2.4.21/linux-2.4.21/include/linux/ncp.h:39:2: warning: 'packed' attribute ignored for field of type '__u8' [-Wattributes]
/home/tag/rpmbuild/BUILD/kernel-2.4.21/linux-2.4.21/include/linux/ncp.h:40:2: warning: 'packed' attribute ignored for field of type '__u8' [-Wattributes]
/home/tag/rpmbuild/BUILD/kernel-2.4.21/linux-2.4.21/include/linux/ncp.h:41:2: warning: 'packed' attribute ignored for field of type '__u8' [-Wattributes]
/home/tag/rpmbuild/BUILD/kernel-2.4.21/linux-2.4.21/include/linux/ncp.h:42:2: warning: 'packed' attribute ignored for field of type '__u8' [-Wattributes]
/home/tag/rpmbuild/BUILD/kernel-2.4.21/linux-2.4.21/include/linux/ncp.h:43:2: warning: 'packed' attribute ignored for field of type '__u8[]' [-Wattributes]
/home/tag/rpmbuild/BUILD/kernel-2.4.21/linux-2.4.21/include/linux/ncp.h:137:2: warning: 'packed' attribute ignored for field of type '__u8' [-Wattributes]
/home/tag/rpmbuild/BUILD/kernel-2.4.21/linux-2.4.21/include/linux/ncp.h:138:2: warning: 'packed' attribute ignored for field of type '__u8[256]' [-Wattributes]
/home/tag/rpmbuild/BUILD/kernel-2.4.21/linux-2.4.21/include/linux/ncp.h:174:2: warning: 'packed' attribute ignored for field of type '__u8' [-Wattributes]
In file included from /home/tag/rpmbuild/BUILD/kernel-2.4.21/linux-2.4.21/include/linux/spinlock.h:56:0,
                 from /home/tag/rpmbuild/BUILD/kernel-2.4.21/linux-2.4.21/include/linux/wait.h:16,
                 from /home/tag/rpmbuild/BUILD/kernel-2.4.21/linux-2.4.21/include/linux/fs.h:12,
                 from /home/tag/rpmbuild/BUILD/kernel-2.4.21/linux-2.4.21/include/linux/capability.h:17,
                 from /home/tag/rpmbuild/BUILD/kernel-2.4.21/linux-2.4.21/include/linux/binfmts.h:4,
                 from /home/tag/rpmbuild/BUILD/kernel-2.4.21/linux-2.4.21/include/linux/sched.h:10,
                 from /home/tag/rpmbuild/BUILD/kernel-2.4.21/linux-2.4.21/include/linux/mm.h:22,
                 from sched.c:19:
/home/tag/rpmbuild/BUILD/kernel-2.4.21/linux-2.4.21/include/asm/spinlock.h:9:12: error: conflicting types for 'printk'
In file included from /home/tag/rpmbuild/BUILD/kernel-2.4.21/linux-2.4.21/include/linux/wait.h:13:0,
                 from /home/tag/rpmbuild/BUILD/kernel-2.4.21/linux-2.4.21/include/linux/fs.h:12,
                 from /home/tag/rpmbuild/BUILD/kernel-2.4.21/linux-2.4.21/include/linux/capability.h:17,
                 from /home/tag/rpmbuild/BUILD/kernel-2.4.21/linux-2.4.21/include/linux/binfmts.h:4,
                 from /home/tag/rpmbuild/BUILD/kernel-2.4.21/linux-2.4.21/include/linux/sched.h:10,
                 from /home/tag/rpmbuild/BUILD/kernel-2.4.21/linux-2.4.21/include/linux/mm.h:22,
                 from sched.c:19:
/home/tag/rpmbuild/BUILD/kernel-2.4.21/linux-2.4.21/include/linux/kernel.h:97:16: note: previous declaration of 'printk' was here
In file included from /home/tag/rpmbuild/BUILD/kernel-2.4.21/linux-2.4.21/include/asm/smp.h:16:0,
                 from /home/tag/rpmbuild/BUILD/kernel-2.4.21/linux-2.4.21/include/linux/smp.h:16,
                 from /home/tag/rpmbuild/BUILD/kernel-2.4.21/linux-2.4.21/include/linux/sched.h:24,
                 from /home/tag/rpmbuild/BUILD/kernel-2.4.21/linux-2.4.21/include/linux/mm.h:22,
                 from /home/tag/rpmbuild/BUILD/kernel-2.4.21/linux-2.4.21/include/linux/slab.h:14,
                 from init/do_mounts.c:3:
/home/tag/rpmbuild/BUILD/kernel-2.4.21/linux-2.4.21/include/asm/mpspec.h:87:2: warning: 'packed' attribute ignored for field of type 'unsigned char[6]' [-Wattributes]
In file included from /home/tag/rpmbuild/BUILD/kernel-2.4.21/linux-2.4.21/include/linux/sched.h:24:0,
                 from /home/tag/rpmbuild/BUILD/kernel-2.4.21/linux-2.4.21/include/linux/mm.h:22,
                 from /home/tag/rpmbuild/BUILD/kernel-2.4.21/linux-2.4.21/include/linux/slab.h:14,
                 from init/do_mounts.c:3:
/home/tag/rpmbuild/BUILD/kernel-2.4.21/linux-2.4.21/include/linux/smp.h:31:13: error: conflicting types for 'smp_send_reschedule'
In file included from /home/tag/rpmbuild/BUILD/kernel-2.4.21/linux-2.4.21/include/linux/smp.h:16:0,
                 from /home/tag/rpmbuild/BUILD/kernel-2.4.21/linux-2.4.21/include/linux/sched.h:24,
                 from /home/tag/rpmbuild/BUILD/kernel-2.4.21/linux-2.4.21/include/linux/mm.h:22,
                 from /home/tag/rpmbuild/BUILD/kernel-2.4.21/linux-2.4.21/include/linux/slab.h:14,
                 from init/do_mounts.c:3:
/home/tag/rpmbuild/BUILD/kernel-2.4.21/linux-2.4.21/include/asm/smp.h:44:13: note: previous declaration of 'smp_send_reschedule' was here
In file included from /home/tag/rpmbuild/BUILD/kernel-2.4.21/linux-2.4.21/include/linux/fs.h:347:0,
                 from /home/tag/rpmbuild/BUILD/kernel-2.4.21/linux-2.4.21/include/linux/capability.h:17,
                 from /home/tag/rpmbuild/BUILD/kernel-2.4.21/linux-2.4.21/include/linux/binfmts.h:4,
                 from /home/tag/rpmbuild/BUILD/kernel-2.4.21/linux-2.4.21/include/linux/sched.h:10,
                 from /home/tag/rpmbuild/BUILD/kernel-2.4.21/linux-2.4.21/include/linux/mm.h:22,
                 from memory.c:39:
/home/tag/rpmbuild/BUILD/kernel-2.4.21/linux-2.4.21/include/linux/ncp_fs_i.h:26:2: warning: 'packed' attribute ignored for field of type '__u8' [-Wattributes]
/home/tag/rpmbuild/BUILD/kernel-2.4.21/linux-2.4.21/include/linux/ncp_fs_i.h:27:2: warning: 'packed' attribute ignored for field of type '__u8[6]' [-Wattributes]
In file included from /home/tag/rpmbuild/BUILD/kernel-2.4.21/linux-2.4.21/include/linux/prefetch.h:13:0,
                 from /home/tag/rpmbuild/BUILD/kernel-2.4.21/linux-2.4.21/include/linux/list.h:6,
                 from /home/tag/rpmbuild/BUILD/kernel-2.4.21/linux-2.4.21/include/linux/wait.h:14,
                 from /home/tag/rpmbuild/BUILD/kernel-2.4.21/linux-2.4.21/include/linux/fs.h:12,
                 from /home/tag/rpmbuild/BUILD/kernel-2.4.21/linux-2.4.21/include/linux/capability.h:17,
                 from /home/tag/rpmbuild/BUILD/kernel-2.4.21/linux-2.4.21/include/linux/binfmts.h:4,
                 from /home/tag/rpmbuild/BUILD/kernel-2.4.21/linux-2.4.21/include/linux/sched.h:10,
                 from /home/tag/rpmbuild/BUILD/kernel-2.4.21/linux-2.4.21/include/linux/skbuff.h:19,
                 from /home/tag/rpmbuild/BUILD/kernel-2.4.21/linux-2.4.21/include/linux/netdevice.h:158,
                 from p8023.c:16:
/home/tag/rpmbuild/BUILD/kernel-2.4.21/linux-2.4.21/include/asm/processor.h:85:26: error: array type has incomplete element type
In file included from /home/tag/rpmbuild/BUILD/kernel-2.4.21/linux-2.4.21/include/linux/spinlock.h:56:0,
                 from /home/tag/rpmbuild/BUILD/kernel-2.4.21/linux-2.4.21/include/linux/wait.h:16,
                 from /home/tag/rpmbuild/BUILD/kernel-2.4.21/linux-2.4.21/include/linux/fs.h:12,
                 from /home/tag/rpmbuild/BUILD/kernel-2.4.21/linux-2.4.21/include/linux/capability.h:17,
                 from /home/tag/rpmbuild/BUILD/kernel-2.4.21/linux-2.4.21/include/linux/binfmts.h:4,
                 from /home/tag/rpmbuild/BUILD/kernel-2.4.21/linux-2.4.21/include/linux/sched.h:10,
                 from /home/tag/rpmbuild/BUILD/kernel-2.4.21/linux-2.4.21/include/linux/skbuff.h:19,
                 from /home/tag/rpmbuild/BUILD/kernel-2.4.21/linux-2.4.21/include/linux/netdevice.h:158,
                 from p8023.c:16:
/home/tag/rpmbuild/BUILD/kernel-2.4.21/linux-2.4.21/include/asm/spinlock.h:9:12: error: conflicting types for 'printk'
In file included from /home/tag/rpmbuild/BUILD/kernel-2.4.21/linux-2.4.21/include/linux/skbuff.h:18:0,
                 from /home/tag/rpmbuild/BUILD/kernel-2.4.21/linux-2.4.21/include/linux/netdevice.h:158,
                 from p8023.c:16:
/home/tag/rpmbuild/BUILD/kernel-2.4.21/linux-2.4.21/include/linux/kernel.h:97:16: note: previous declaration of 'printk' was here
In file included from /home/tag/rpmbuild/BUILD/kernel-2.4.21/linux-2.4.21/include/linux/prefetch.h:13:0,
                 from /home/tag/rpmbuild/BUILD/kernel-2.4.21/linux-2.4.21/include/linux/list.h:6,
                 from /home/tag/rpmbuild/BUILD/kernel-2.4.21/linux-2.4.21/include/linux/wait.h:14,
                 from /home/tag/rpmbuild/BUILD/kernel-2.4.21/linux-2.4.21/include/linux/fs.h:12,
                 from devpts_i.h:13,
                 from root.c:17:
/home/tag/rpmbuild/BUILD/kernel-2.4.21/linux-2.4.21/include/asm/processor.h:85:26: error: array type has incomplete element type
In file included from /home/tag/rpmbuild/BUILD/kernel-2.4.21/linux-2.4.21/include/linux/fs.h:347:0,
                 from /home/tag/rpmbuild/BUILD/kernel-2.4.21/linux-2.4.21/include/linux/capability.h:17,
                 from /home/tag/rpmbuild/BUILD/kernel-2.4.21/linux-2.4.21/include/linux/binfmts.h:4,
                 from /home/tag/rpmbuild/BUILD/kernel-2.4.21/linux-2.4.21/include/linux/sched.h:10,
                 from /home/tag/rpmbuild/BUILD/kernel-2.4.21/linux-2.4.21/include/linux/mm.h:22,
                 from sched.c:19:
/home/tag/rpmbuild/BUILD/kernel-2.4.21/linux-2.4.21/include/linux/ncp_fs_i.h:26:2: warning: 'packed' attribute ignored for field of type '__u8' [-Wattributes]
/home/tag/rpmbuild/BUILD/kernel-2.4.21/linux-2.4.21/include/linux/ncp_fs_i.h:27:2: warning: 'packed' attribute ignored for field of type '__u8[6]' [-Wattributes]
In file included from /home/tag/rpmbuild/BUILD/kernel-2.4.21/linux-2.4.21/include/linux/ncp_mount.h:12:0,
                 from /home/tag/rpmbuild/BUILD/kernel-2.4.21/linux-2.4.21/include/linux/ncp_fs_sb.h:12,
                 from /home/tag/rpmbuild/BUILD/kernel-2.4.21/linux-2.4.21/include/linux/fs.h:768,
                 from /home/tag/rpmbuild/BUILD/kernel-2.4.21/linux-2.4.21/include/linux/capability.h:17,
                 from /home/tag/rpmbuild/BUILD/kernel-2.4.21/linux-2.4.21/include/linux/binfmts.h:4,
                 from /home/tag/rpmbuild/BUILD/kernel-2.4.21/linux-2.4.21/include/linux/sched.h:10,
                 from /home/tag/rpmbuild/BUILD/kernel-2.4.21/linux-2.4.21/include/linux/mm.h:22,
                 from memory.c:39:
/home/tag/rpmbuild/BUILD/kernel-2.4.21/linux-2.4.21/include/linux/ncp.h:24:2: warning: 'packed' attribute ignored for field of type '__u8' [-Wattributes]
/home/tag/rpmbuild/BUILD/kernel-2.4.21/linux-2.4.21/include/linux/ncp.h:25:2: warning: 'packed' attribute ignored for field of type '__u8' [-Wattributes]
/home/tag/rpmbuild/BUILD/kernel-2.4.21/linux-2.4.21/include/linux/ncp.h:26:2: warning: 'packed' attribute ignored for field of type '__u8' [-Wattributes]
/home/tag/rpmbuild/BUILD/kernel-2.4.21/linux-2.4.21/include/linux/ncp.h:27:2: warning: 'packed' attribute ignored for field of type '__u8' [-Wattributes]
/home/tag/rpmbuild/BUILD/kernel-2.4.21/linux-2.4.21/include/linux/ncp.h:28:2: warning: 'packed' attribute ignored for field of type '__u8' [-Wattributes]
/home/tag/rpmbuild/BUILD/kernel-2.4.21/linux-2.4.21/include/linux/ncp.h:29:2: warning: 'packed' attribute ignored for field of type '__u8[]' [-Wattributes]
/home/tag/rpmbuild/BUILD/kernel-2.4.21/linux-2.4.21/include/linux/ncp.h:37:2: warning: 'packed' attribute ignored for field of type '__u8' [-Wattributes]
/home/tag/rpmbuild/BUILD/kernel-2.4.21/linux-2.4.21/include/linux/ncp.h:38:2: warning: 'packed' attribute ignored for field of type '__u8' [-Wattributes]
/home/tag/rpmbuild/BUILD/kernel-2.4.21/linux-2.4.21/include/linux/ncp.h:39:2: warning: 'packed' attribute ignored for field of type '__u8' [-Wattributes]
/home/tag/rpmbuild/BUILD/kernel-2.4.21/linux-2.4.21/include/linux/ncp.h:40:2: warning: 'packed' attribute ignored for field of type '__u8' [-Wattributes]
/home/tag/rpmbuild/BUILD/kernel-2.4.21/linux-2.4.21/include/linux/ncp.h:41:2: warning: 'packed' attribute ignored for field of type '__u8' [-Wattributes]
/home/tag/rpmbuild/BUILD/kernel-2.4.21/linux-2.4.21/include/linux/ncp.h:42:2: warning: 'packed' attribute ignored for field of type '__u8' [-Wattributes]
/home/tag/rpmbuild/BUILD/kernel-2.4.21/linux-2.4.21/include/linux/ncp.h:43:2: warning: 'packed' attribute ignored for field of type '__u8[]' [-Wattributes]
/home/tag/rpmbuild/BUILD/kernel-2.4.21/linux-2.4.21/include/linux/ncp.h:137:2: warning: 'packed' attribute ignored for field of type '__u8' [-Wattributes]
/home/tag/rpmbuild/BUILD/kernel-2.4.21/linux-2.4.21/include/linux/ncp.h:138:2: warning: 'packed' attribute ignored for field of type '__u8[256]' [-Wattributes]
/home/tag/rpmbuild/BUILD/kernel-2.4.21/linux-2.4.21/include/linux/ncp.h:174:2: warning: 'packed' attribute ignored for field of type '__u8' [-Wattributes]
In file included from /home/tag/rpmbuild/BUILD/kernel-2.4.21/linux-2.4.21/include/linux/prefetch.h:13:0,
                 from /home/tag/rpmbuild/BUILD/kernel-2.4.21/linux-2.4.21/include/linux/list.h:6,
                 from /home/tag/rpmbuild/BUILD/kernel-2.4.21/linux-2.4.21/include/linux/module.h:12,
                 from stubs.c:10:
/home/tag/rpmbuild/BUILD/kernel-2.4.21/linux-2.4.21/include/asm/processor.h:85:26: error: array type has incomplete element type
In file included from /home/tag/rpmbuild/BUILD/kernel-2.4.21/linux-2.4.21/include/linux/unistd.h:9:0,
                 from init/main.c:17:
/home/tag/rpmbuild/BUILD/kernel-2.4.21/linux-2.4.21/include/asm/unistd.h:382:15: warning: conflicting types for built-in function '_exit' [enabled by default]
In file included from /home/tag/rpmbuild/BUILD/kernel-2.4.21/linux-2.4.21/include/linux/spinlock.h:56:0,
                 from /home/tag/rpmbuild/BUILD/kernel-2.4.21/linux-2.4.21/include/linux/wait.h:16,
                 from /home/tag/rpmbuild/BUILD/kernel-2.4.21/linux-2.4.21/include/linux/fs.h:12,
                 from devpts_i.h:13,
                 from root.c:17:
/home/tag/rpmbuild/BUILD/kernel-2.4.21/linux-2.4.21/include/asm/spinlock.h:9:12: error: conflicting types for 'printk'
In file included from /home/tag/rpmbuild/BUILD/kernel-2.4.21/linux-2.4.21/include/linux/wait.h:13:0,
                 from /home/tag/rpmbuild/BUILD/kernel-2.4.21/linux-2.4.21/include/linux/fs.h:12,
                 from devpts_i.h:13,
                 from root.c:17:
/home/tag/rpmbuild/BUILD/kernel-2.4.21/linux-2.4.21/include/linux/kernel.h:97:16: note: previous declaration of 'printk' was here
In file included from /home/tag/rpmbuild/BUILD/kernel-2.4.21/linux-2.4.21/include/linux/unistd.h:9:0,
                 from init/do_mounts.c:5:
/home/tag/rpmbuild/BUILD/kernel-2.4.21/linux-2.4.21/include/asm/unistd.h:382:15: warning: conflicting types for built-in function '_exit' [enabled by default]
In file included from /home/tag/rpmbuild/BUILD/kernel-2.4.21/linux-2.4.21/include/asm/smp.h:16:0,
                 from /home/tag/rpmbuild/BUILD/kernel-2.4.21/linux-2.4.21/include/linux/smp.h:16,
                 from /home/tag/rpmbuild/BUILD/kernel-2.4.21/linux-2.4.21/include/linux/sched.h:24,
                 from /home/tag/rpmbuild/BUILD/kernel-2.4.21/linux-2.4.21/include/linux/mm.h:22,
                 from memory.c:39:
/home/tag/rpmbuild/BUILD/kernel-2.4.21/linux-2.4.21/include/asm/mpspec.h:87:2: warning: 'packed' attribute ignored for field of type 'unsigned char[6]' [-Wattributes]
In file included from /home/tag/rpmbuild/BUILD/kernel-2.4.21/linux-2.4.21/include/linux/ncp_mount.h:12:0,
                 from /home/tag/rpmbuild/BUILD/kernel-2.4.21/linux-2.4.21/include/linux/ncp_fs_sb.h:12,
                 from /home/tag/rpmbuild/BUILD/kernel-2.4.21/linux-2.4.21/include/linux/fs.h:768,
                 from /home/tag/rpmbuild/BUILD/kernel-2.4.21/linux-2.4.21/include/linux/capability.h:17,
                 from /home/tag/rpmbuild/BUILD/kernel-2.4.21/linux-2.4.21/include/linux/binfmts.h:4,
                 from /home/tag/rpmbuild/BUILD/kernel-2.4.21/linux-2.4.21/include/linux/sched.h:10,
                 from /home/tag/rpmbuild/BUILD/kernel-2.4.21/linux-2.4.21/include/linux/mm.h:22,
                 from sched.c:19:
/home/tag/rpmbuild/BUILD/kernel-2.4.21/linux-2.4.21/include/linux/ncp.h:24:2: warning: 'packed' attribute ignored for field of type '__u8' [-Wattributes]
/home/tag/rpmbuild/BUILD/kernel-2.4.21/linux-2.4.21/include/linux/ncp.h:25:2: warning: 'packed' attribute ignored for field of type '__u8' [-Wattributes]
/home/tag/rpmbuild/BUILD/kernel-2.4.21/linux-2.4.21/include/linux/ncp.h:26:2: warning: 'packed' attribute ignored for field of type '__u8' [-Wattributes]
/home/tag/rpmbuild/BUILD/kernel-2.4.21/linux-2.4.21/include/linux/ncp.h:27:2: warning: 'packed' attribute ignored for field of type '__u8' [-Wattributes]
/home/tag/rpmbuild/BUILD/kernel-2.4.21/linux-2.4.21/include/linux/ncp.h:28:2: warning: 'packed' attribute ignored for field of type '__u8' [-Wattributes]
/home/tag/rpmbuild/BUILD/kernel-2.4.21/linux-2.4.21/include/linux/ncp.h:29:2: warning: 'packed' attribute ignored for field of type '__u8[]' [-Wattributes]
/home/tag/rpmbuild/BUILD/kernel-2.4.21/linux-2.4.21/include/linux/ncp.h:37:2: warning: 'packed' attribute ignored for field of type '__u8' [-Wattributes]
/home/tag/rpmbuild/BUILD/kernel-2.4.21/linux-2.4.21/include/linux/ncp.h:38:2: warning: 'packed' attribute ignored for field of type '__u8' [-Wattributes]
/home/tag/rpmbuild/BUILD/kernel-2.4.21/linux-2.4.21/include/linux/ncp.h:39:2: warning: 'packed' attribute ignored for field of type '__u8' [-Wattributes]
/home/tag/rpmbuild/BUILD/kernel-2.4.21/linux-2.4.21/include/linux/ncp.h:40:2: warning: 'packed' attribute ignored for field of type '__u8' [-Wattributes]
/home/tag/rpmbuild/BUILD/kernel-2.4.21/linux-2.4.21/include/linux/ncp.h:41:2: warning: 'packed' attribute ignored for field of type '__u8' [-Wattributes]
/home/tag/rpmbuild/BUILD/kernel-2.4.21/linux-2.4.21/include/linux/ncp.h:42:2: warning: 'packed' attribute ignored for field of type '__u8' [-Wattributes]
/home/tag/rpmbuild/BUILD/kernel-2.4.21/linux-2.4.21/include/linux/ncp.h:43:2: warning: 'packed' attribute ignored for field of type '__u8[]' [-Wattributes]
In file included from /home/tag/rpmbuild/BUILD/kernel-2.4.21/linux-2.4.21/include/linux/sched.h:24:0,
                 from /home/tag/rpmbuild/BUILD/kernel-2.4.21/linux-2.4.21/include/linux/mm.h:22,
                 from memory.c:39:
/home/tag/rpmbuild/BUILD/kernel-2.4.21/linux-2.4.21/include/linux/smp.h:31:13: error: conflicting types for 'smp_send_reschedule'
In file included from /home/tag/rpmbuild/BUILD/kernel-2.4.21/linux-2.4.21/include/linux/smp.h:16:0,
                 from /home/tag/rpmbuild/BUILD/kernel-2.4.21/linux-2.4.21/include/linux/sched.h:24,
                 from /home/tag/rpmbuild/BUILD/kernel-2.4.21/linux-2.4.21/include/linux/mm.h:22,
                 from memory.c:39:
/home/tag/rpmbuild/BUILD/kernel-2.4.21/linux-2.4.21/include/asm/smp.h:44:13: note: previous declaration of 'smp_send_reschedule' was here
/home/tag/rpmbuild/BUILD/kernel-2.4.21/linux-2.4.21/include/linux/ncp.h:137:2: warning: 'packed' attribute ignored for field of type '__u8' [-Wattributes]
/home/tag/rpmbuild/BUILD/kernel-2.4.21/linux-2.4.21/include/linux/ncp.h:138:2: warning: 'packed' attribute ignored for field of type '__u8[256]' [-Wattributes]
/home/tag/rpmbuild/BUILD/kernel-2.4.21/linux-2.4.21/include/linux/ncp.h:174:2: warning: 'packed' attribute ignored for field of type '__u8' [-Wattributes]
In file included from /home/tag/rpmbuild/BUILD/kernel-2.4.21/linux-2.4.21/include/linux/fs.h:347:0,
                 from /home/tag/rpmbuild/BUILD/kernel-2.4.21/linux-2.4.21/include/linux/capability.h:17,
                 from /home/tag/rpmbuild/BUILD/kernel-2.4.21/linux-2.4.21/include/linux/binfmts.h:4,
                 from /home/tag/rpmbuild/BUILD/kernel-2.4.21/linux-2.4.21/include/linux/sched.h:10,
                 from /home/tag/rpmbuild/BUILD/kernel-2.4.21/linux-2.4.21/include/linux/skbuff.h:19,
                 from /home/tag/rpmbuild/BUILD/kernel-2.4.21/linux-2.4.21/include/linux/netdevice.h:158,
                 from p8023.c:16:
/home/tag/rpmbuild/BUILD/kernel-2.4.21/linux-2.4.21/include/linux/ncp_fs_i.h:26:2: warning: 'packed' attribute ignored for field of type '__u8' [-Wattributes]
/home/tag/rpmbuild/BUILD/kernel-2.4.21/linux-2.4.21/include/linux/ncp_fs_i.h:27:2: warning: 'packed' attribute ignored for field of type '__u8[6]' [-Wattributes]
In file included from /home/tag/rpmbuild/BUILD/kernel-2.4.21/linux-2.4.21/include/asm/smp.h:16:0,
                 from /home/tag/rpmbuild/BUILD/kernel-2.4.21/linux-2.4.21/include/linux/smp.h:16,
                 from /home/tag/rpmbuild/BUILD/kernel-2.4.21/linux-2.4.21/include/linux/sched.h:24,
                 from /home/tag/rpmbuild/BUILD/kernel-2.4.21/linux-2.4.21/include/linux/mm.h:22,
                 from sched.c:19:
/home/tag/rpmbuild/BUILD/kernel-2.4.21/linux-2.4.21/include/asm/mpspec.h:87:2: warning: 'packed' attribute ignored for field of type 'unsigned char[6]' [-Wattributes]
In file included from /home/tag/rpmbuild/BUILD/kernel-2.4.21/linux-2.4.21/include/linux/sched.h:24:0,
                 from /home/tag/rpmbuild/BUILD/kernel-2.4.21/linux-2.4.21/include/linux/mm.h:22,
                 from sched.c:19:
/home/tag/rpmbuild/BUILD/kernel-2.4.21/linux-2.4.21/include/linux/smp.h:31:13: error: conflicting types for 'smp_send_reschedule'
In file included from /home/tag/rpmbuild/BUILD/kernel-2.4.21/linux-2.4.21/include/linux/smp.h:16:0,
                 from /home/tag/rpmbuild/BUILD/kernel-2.4.21/linux-2.4.21/include/linux/sched.h:24,
                 from /home/tag/rpmbuild/BUILD/kernel-2.4.21/linux-2.4.21/include/linux/mm.h:22,
                 from sched.c:19:
/home/tag/rpmbuild/BUILD/kernel-2.4.21/linux-2.4.21/include/asm/smp.h:44:13: note: previous declaration of 'smp_send_reschedule' was here
In file included from /home/tag/rpmbuild/BUILD/kernel-2.4.21/linux-2.4.21/include/linux/fs.h:347:0,
                 from devpts_i.h:13,
                 from root.c:17:
/home/tag/rpmbuild/BUILD/kernel-2.4.21/linux-2.4.21/include/linux/ncp_fs_i.h:26:2: warning: 'packed' attribute ignored for field of type '__u8' [-Wattributes]
/home/tag/rpmbuild/BUILD/kernel-2.4.21/linux-2.4.21/include/linux/ncp_fs_i.h:27:2: warning: 'packed' attribute ignored for field of type '__u8[6]' [-Wattributes]
In file included from /home/tag/rpmbuild/BUILD/kernel-2.4.21/linux-2.4.21/include/linux/ncp_mount.h:12:0,
                 from /home/tag/rpmbuild/BUILD/kernel-2.4.21/linux-2.4.21/include/linux/ncp_fs_sb.h:12,
                 from /home/tag/rpmbuild/BUILD/kernel-2.4.21/linux-2.4.21/include/linux/fs.h:768,
                 from /home/tag/rpmbuild/BUILD/kernel-2.4.21/linux-2.4.21/include/linux/capability.h:17,
                 from /home/tag/rpmbuild/BUILD/kernel-2.4.21/linux-2.4.21/include/linux/binfmts.h:4,
                 from /home/tag/rpmbuild/BUILD/kernel-2.4.21/linux-2.4.21/include/linux/sched.h:10,
                 from /home/tag/rpmbuild/BUILD/kernel-2.4.21/linux-2.4.21/include/linux/skbuff.h:19,
                 from /home/tag/rpmbuild/BUILD/kernel-2.4.21/linux-2.4.21/include/linux/netdevice.h:158,
                 from p8023.c:16:
/home/tag/rpmbuild/BUILD/kernel-2.4.21/linux-2.4.21/include/linux/ncp.h:24:2: warning: 'packed' attribute ignored for field of type '__u8' [-Wattributes]
/home/tag/rpmbuild/BUILD/kernel-2.4.21/linux-2.4.21/include/linux/ncp.h:25:2: warning: 'packed' attribute ignored for field of type '__u8' [-Wattributes]
/home/tag/rpmbuild/BUILD/kernel-2.4.21/linux-2.4.21/include/linux/ncp.h:26:2: warning: 'packed' attribute ignored for field of type '__u8' [-Wattributes]
/home/tag/rpmbuild/BUILD/kernel-2.4.21/linux-2.4.21/include/linux/ncp.h:27:2: warning: 'packed' attribute ignored for field of type '__u8' [-Wattributes]
/home/tag/rpmbuild/BUILD/kernel-2.4.21/linux-2.4.21/include/linux/ncp.h:28:2: warning: 'packed' attribute ignored for field of type '__u8' [-Wattributes]
/home/tag/rpmbuild/BUILD/kernel-2.4.21/linux-2.4.21/include/linux/ncp.h:29:2: warning: 'packed' attribute ignored for field of type '__u8[]' [-Wattributes]
/home/tag/rpmbuild/BUILD/kernel-2.4.21/linux-2.4.21/include/linux/ncp.h:37:2: warning: 'packed' attribute ignored for field of type '__u8' [-Wattributes]
/home/tag/rpmbuild/BUILD/kernel-2.4.21/linux-2.4.21/include/linux/ncp.h:38:2: warning: 'packed' attribute ignored for field of type '__u8' [-Wattributes]
/home/tag/rpmbuild/BUILD/kernel-2.4.21/linux-2.4.21/include/linux/ncp.h:39:2: warning: 'packed' attribute ignored for field of type '__u8' [-Wattributes]
/home/tag/rpmbuild/BUILD/kernel-2.4.21/linux-2.4.21/include/linux/ncp.h:40:2: warning: 'packed' attribute ignored for field of type '__u8' [-Wattributes]
/home/tag/rpmbuild/BUILD/kernel-2.4.21/linux-2.4.21/include/linux/ncp.h:41:2: warning: 'packed' attribute ignored for field of type '__u8' [-Wattributes]
/home/tag/rpmbuild/BUILD/kernel-2.4.21/linux-2.4.21/include/linux/ncp.h:42:2: warning: 'packed' attribute ignored for field of type '__u8' [-Wattributes]
/home/tag/rpmbuild/BUILD/kernel-2.4.21/linux-2.4.21/include/linux/ncp.h:43:2: warning: 'packed' attribute ignored for field of type '__u8[]' [-Wattributes]
/home/tag/rpmbuild/BUILD/kernel-2.4.21/linux-2.4.21/include/linux/ncp.h:137:2: warning: 'packed' attribute ignored for field of type '__u8' [-Wattributes]
/home/tag/rpmbuild/BUILD/kernel-2.4.21/linux-2.4.21/include/linux/ncp.h:138:2: warning: 'packed' attribute ignored for field of type '__u8[256]' [-Wattributes]
/home/tag/rpmbuild/BUILD/kernel-2.4.21/linux-2.4.21/include/linux/ncp.h:174:2: warning: 'packed' attribute ignored for field of type '__u8' [-Wattributes]
init/do_mounts.c:54:13: error: static declaration of 'root_device_name' follows non-static declaration
In file included from /home/tag/rpmbuild/BUILD/kernel-2.4.21/linux-2.4.21/include/linux/wait.h:13:0,
                 from /home/tag/rpmbuild/BUILD/kernel-2.4.21/linux-2.4.21/include/linux/fs.h:12,
                 from /home/tag/rpmbuild/BUILD/kernel-2.4.21/linux-2.4.21/include/linux/capability.h:17,
                 from /home/tag/rpmbuild/BUILD/kernel-2.4.21/linux-2.4.21/include/linux/binfmts.h:4,
                 from /home/tag/rpmbuild/BUILD/kernel-2.4.21/linux-2.4.21/include/linux/sched.h:10,
                 from stubs.c:12:
/home/tag/rpmbuild/BUILD/kernel-2.4.21/linux-2.4.21/include/linux/kernel.h:97:16: error: conflicting types for 'printk'
In file included from /home/tag/rpmbuild/BUILD/kernel-2.4.21/linux-2.4.21/include/linux/capability.h:17:0,
                 from /home/tag/rpmbuild/BUILD/kernel-2.4.21/linux-2.4.21/include/linux/binfmts.h:4,
                 from /home/tag/rpmbuild/BUILD/kernel-2.4.21/linux-2.4.21/include/linux/sched.h:10,
                 from /home/tag/rpmbuild/BUILD/kernel-2.4.21/linux-2.4.21/include/linux/mm.h:22,
                 from /home/tag/rpmbuild/BUILD/kernel-2.4.21/linux-2.4.21/include/linux/slab.h:14,
                 from init/do_mounts.c:3:
/home/tag/rpmbuild/BUILD/kernel-2.4.21/linux-2.4.21/include/linux/fs.h:1654:13: note: previous declaration of 'root_device_name' was here
In file included from /home/tag/rpmbuild/BUILD/kernel-2.4.21/linux-2.4.21/include/linux/spinlock.h:56:0,
                 from /home/tag/rpmbuild/BUILD/kernel-2.4.21/linux-2.4.21/include/linux/module.h:11,
                 from stubs.c:10:
/home/tag/rpmbuild/BUILD/kernel-2.4.21/linux-2.4.21/include/asm/spinlock.h:9:12: note: previous declaration of 'printk' was here
make: *** [init/main.o] Error 1
make: *** Waiting for unfinished jobs....
init/do_mounts.c: In function 'identify_ramdisk_image':
init/do_mounts.c:520:2: warning: pointer targets in passing argument 2 of 'read' differ in signedness [-Wpointer-sign]
In file included from /home/tag/rpmbuild/BUILD/kernel-2.4.21/linux-2.4.21/include/linux/unistd.h:9:0,
                 from init/do_mounts.c:5:
/home/tag/rpmbuild/BUILD/kernel-2.4.21/linux-2.4.21/include/asm/unistd.h:376:15: note: expected 'char *' but argument is of type 'unsigned char *'
init/do_mounts.c:555:2: warning: pointer targets in passing argument 2 of 'read' differ in signedness [-Wpointer-sign]
In file included from /home/tag/rpmbuild/BUILD/kernel-2.4.21/linux-2.4.21/include/linux/unistd.h:9:0,
                 from init/do_mounts.c:5:
/home/tag/rpmbuild/BUILD/kernel-2.4.21/linux-2.4.21/include/asm/unistd.h:376:15: note: expected 'char *' but argument is of type 'unsigned char *'
In file included from /home/tag/rpmbuild/BUILD/kernel-2.4.21/linux-2.4.21/include/linux/ncp_mount.h:12:0,
                 from /home/tag/rpmbuild/BUILD/kernel-2.4.21/linux-2.4.21/include/linux/ncp_fs_sb.h:12,
                 from /home/tag/rpmbuild/BUILD/kernel-2.4.21/linux-2.4.21/include/linux/fs.h:768,
                 from devpts_i.h:13,
                 from root.c:17:
/home/tag/rpmbuild/BUILD/kernel-2.4.21/linux-2.4.21/include/linux/ncp.h:24:2: warning: 'packed' attribute ignored for field of type '__u8' [-Wattributes]
/home/tag/rpmbuild/BUILD/kernel-2.4.21/linux-2.4.21/include/linux/ncp.h:25:2: warning: 'packed' attribute ignored for field of type '__u8' [-Wattributes]
/home/tag/rpmbuild/BUILD/kernel-2.4.21/linux-2.4.21/include/linux/ncp.h:26:2: warning: 'packed' attribute ignored for field of type '__u8' [-Wattributes]
/home/tag/rpmbuild/BUILD/kernel-2.4.21/linux-2.4.21/include/linux/ncp.h:27:2: warning: 'packed' attribute ignored for field of type '__u8' [-Wattributes]
/home/tag/rpmbuild/BUILD/kernel-2.4.21/linux-2.4.21/include/linux/ncp.h:28:2: warning: 'packed' attribute ignored for field of type '__u8' [-Wattributes]
/home/tag/rpmbuild/BUILD/kernel-2.4.21/linux-2.4.21/include/linux/ncp.h:29:2: warning: 'packed' attribute ignored for field of type '__u8[]' [-Wattributes]
/home/tag/rpmbuild/BUILD/kernel-2.4.21/linux-2.4.21/include/linux/ncp.h:37:2: warning: 'packed' attribute ignored for field of type '__u8' [-Wattributes]
/home/tag/rpmbuild/BUILD/kernel-2.4.21/linux-2.4.21/include/linux/ncp.h:38:2: warning: 'packed' attribute ignored for field of type '__u8' [-Wattributes]
/home/tag/rpmbuild/BUILD/kernel-2.4.21/linux-2.4.21/include/linux/ncp.h:39:2: warning: 'packed' attribute ignored for field of type '__u8' [-Wattributes]
/home/tag/rpmbuild/BUILD/kernel-2.4.21/linux-2.4.21/include/linux/ncp.h:40:2: warning: 'packed' attribute ignored for field of type '__u8' [-Wattributes]
/home/tag/rpmbuild/BUILD/kernel-2.4.21/linux-2.4.21/include/linux/ncp.h:41:2: warning: 'packed' attribute ignored for field of type '__u8' [-Wattributes]
/home/tag/rpmbuild/BUILD/kernel-2.4.21/linux-2.4.21/include/linux/ncp.h:42:2: warning: 'packed' attribute ignored for field of type '__u8' [-Wattributes]
/home/tag/rpmbuild/BUILD/kernel-2.4.21/linux-2.4.21/include/linux/ncp.h:43:2: warning: 'packed' attribute ignored for field of type '__u8[]' [-Wattributes]
/home/tag/rpmbuild/BUILD/kernel-2.4.21/linux-2.4.21/include/linux/ncp.h:137:2: warning: 'packed' attribute ignored for field of type '__u8' [-Wattributes]
/home/tag/rpmbuild/BUILD/kernel-2.4.21/linux-2.4.21/include/linux/ncp.h:138:2: warning: 'packed' attribute ignored for field of type '__u8[256]' [-Wattributes]
/home/tag/rpmbuild/BUILD/kernel-2.4.21/linux-2.4.21/include/linux/ncp.h:174:2: warning: 'packed' attribute ignored for field of type '__u8' [-Wattributes]
In file included from /home/tag/rpmbuild/BUILD/kernel-2.4.21/linux-2.4.21/include/asm/smp.h:16:0,
                 from /home/tag/rpmbuild/BUILD/kernel-2.4.21/linux-2.4.21/include/linux/smp.h:16,
                 from /home/tag/rpmbuild/BUILD/kernel-2.4.21/linux-2.4.21/include/linux/sched.h:24,
                 from /home/tag/rpmbuild/BUILD/kernel-2.4.21/linux-2.4.21/include/linux/skbuff.h:19,
                 from /home/tag/rpmbuild/BUILD/kernel-2.4.21/linux-2.4.21/include/linux/netdevice.h:158,
                 from p8023.c:16:
/home/tag/rpmbuild/BUILD/kernel-2.4.21/linux-2.4.21/include/asm/mpspec.h:87:2: warning: 'packed' attribute ignored for field of type 'unsigned char[6]' [-Wattributes]
init/do_mounts.c: In function 'fill_inbuf':
init/do_mounts.c:1018:2: warning: pointer targets in passing argument 2 of 'read' differ in signedness [-Wpointer-sign]
In file included from /home/tag/rpmbuild/BUILD/kernel-2.4.21/linux-2.4.21/include/linux/unistd.h:9:0,
                 from init/do_mounts.c:5:
/home/tag/rpmbuild/BUILD/kernel-2.4.21/linux-2.4.21/include/asm/unistd.h:376:15: note: expected 'char *' but argument is of type 'uch *'
init/do_mounts.c: In function 'flush_window':
init/do_mounts.c:1036:5: warning: pointer targets in passing argument 2 of 'write' differ in signedness [-Wpointer-sign]
In file included from /home/tag/rpmbuild/BUILD/kernel-2.4.21/linux-2.4.21/include/linux/unistd.h:9:0,
                 from init/do_mounts.c:5:
/home/tag/rpmbuild/BUILD/kernel-2.4.21/linux-2.4.21/include/asm/unistd.h:375:15: note: expected 'const char *' but argument is of type 'uch *'
In file included from /home/tag/rpmbuild/BUILD/kernel-2.4.21/linux-2.4.21/include/linux/sched.h:24:0,
                 from /home/tag/rpmbuild/BUILD/kernel-2.4.21/linux-2.4.21/include/linux/skbuff.h:19,
                 from /home/tag/rpmbuild/BUILD/kernel-2.4.21/linux-2.4.21/include/linux/netdevice.h:158,
                 from p8023.c:16:
/home/tag/rpmbuild/BUILD/kernel-2.4.21/linux-2.4.21/include/linux/smp.h:31:13: error: conflicting types for 'smp_send_reschedule'
In file included from /home/tag/rpmbuild/BUILD/kernel-2.4.21/linux-2.4.21/include/linux/smp.h:16:0,
                 from /home/tag/rpmbuild/BUILD/kernel-2.4.21/linux-2.4.21/include/linux/sched.h:24,
                 from /home/tag/rpmbuild/BUILD/kernel-2.4.21/linux-2.4.21/include/linux/skbuff.h:19,
                 from /home/tag/rpmbuild/BUILD/kernel-2.4.21/linux-2.4.21/include/linux/netdevice.h:158,
                 from p8023.c:16:
/home/tag/rpmbuild/BUILD/kernel-2.4.21/linux-2.4.21/include/asm/smp.h:44:13: note: previous declaration of 'smp_send_reschedule' was here
In file included from /home/tag/rpmbuild/BUILD/kernel-2.4.21/linux-2.4.21/include/linux/fs.h:347:0,
                 from /home/tag/rpmbuild/BUILD/kernel-2.4.21/linux-2.4.21/include/linux/capability.h:17,
                 from /home/tag/rpmbuild/BUILD/kernel-2.4.21/linux-2.4.21/include/linux/binfmts.h:4,
                 from /home/tag/rpmbuild/BUILD/kernel-2.4.21/linux-2.4.21/include/linux/sched.h:10,
                 from stubs.c:12:
/home/tag/rpmbuild/BUILD/kernel-2.4.21/linux-2.4.21/include/linux/ncp_fs_i.h:26:2: warning: 'packed' attribute ignored for field of type '__u8' [-Wattributes]
/home/tag/rpmbuild/BUILD/kernel-2.4.21/linux-2.4.21/include/linux/ncp_fs_i.h:27:2: warning: 'packed' attribute ignored for field of type '__u8[6]' [-Wattributes]
root.c: In function 'devpts_root_lookup':
root.c:111:5: warning: pointer targets in assignment differ in signedness [-Wpointer-sign]
make: *** [init/do_mounts.o] Error 1
make[3]: *** [root.o] Error 1
make[3]: *** Waiting for unfinished jobs....
In file included from /home/tag/rpmbuild/BUILD/kernel-2.4.21/linux-2.4.21/include/linux/ncp_mount.h:12:0,
                 from /home/tag/rpmbuild/BUILD/kernel-2.4.21/linux-2.4.21/include/linux/ncp_fs_sb.h:12,
                 from /home/tag/rpmbuild/BUILD/kernel-2.4.21/linux-2.4.21/include/linux/fs.h:768,
                 from /home/tag/rpmbuild/BUILD/kernel-2.4.21/linux-2.4.21/include/linux/capability.h:17,
                 from /home/tag/rpmbuild/BUILD/kernel-2.4.21/linux-2.4.21/include/linux/binfmts.h:4,
                 from /home/tag/rpmbuild/BUILD/kernel-2.4.21/linux-2.4.21/include/linux/sched.h:10,
                 from stubs.c:12:
/home/tag/rpmbuild/BUILD/kernel-2.4.21/linux-2.4.21/include/linux/ncp.h:24:2: warning: 'packed' attribute ignored for field of type '__u8' [-Wattributes]
/home/tag/rpmbuild/BUILD/kernel-2.4.21/linux-2.4.21/include/linux/ncp.h:25:2: warning: 'packed' attribute ignored for field of type '__u8' [-Wattributes]
/home/tag/rpmbuild/BUILD/kernel-2.4.21/linux-2.4.21/include/linux/ncp.h:26:2: warning: 'packed' attribute ignored for field of type '__u8' [-Wattributes]
/home/tag/rpmbuild/BUILD/kernel-2.4.21/linux-2.4.21/include/linux/ncp.h:27:2: warning: 'packed' attribute ignored for field of type '__u8' [-Wattributes]
/home/tag/rpmbuild/BUILD/kernel-2.4.21/linux-2.4.21/include/linux/ncp.h:28:2: warning: 'packed' attribute ignored for field of type '__u8' [-Wattributes]
/home/tag/rpmbuild/BUILD/kernel-2.4.21/linux-2.4.21/include/linux/ncp.h:29:2: warning: 'packed' attribute ignored for field of type '__u8[]' [-Wattributes]
/home/tag/rpmbuild/BUILD/kernel-2.4.21/linux-2.4.21/include/linux/ncp.h:37:2: warning: 'packed' attribute ignored for field of type '__u8' [-Wattributes]
/home/tag/rpmbuild/BUILD/kernel-2.4.21/linux-2.4.21/include/linux/ncp.h:38:2: warning: 'packed' attribute ignored for field of type '__u8' [-Wattributes]
/home/tag/rpmbuild/BUILD/kernel-2.4.21/linux-2.4.21/include/linux/ncp.h:39:2: warning: 'packed' attribute ignored for field of type '__u8' [-Wattributes]
/home/tag/rpmbuild/BUILD/kernel-2.4.21/linux-2.4.21/include/linux/ncp.h:40:2: warning: 'packed' attribute ignored for field of type '__u8' [-Wattributes]
/home/tag/rpmbuild/BUILD/kernel-2.4.21/linux-2.4.21/include/linux/ncp.h:41:2: warning: 'packed' attribute ignored for field of type '__u8' [-Wattributes]
/home/tag/rpmbuild/BUILD/kernel-2.4.21/linux-2.4.21/include/linux/ncp.h:42:2: warning: 'packed' attribute ignored for field of type '__u8' [-Wattributes]
/home/tag/rpmbuild/BUILD/kernel-2.4.21/linux-2.4.21/include/linux/ncp.h:43:2: warning: 'packed' attribute ignored for field of type '__u8[]' [-Wattributes]
/home/tag/rpmbuild/BUILD/kernel-2.4.21/linux-2.4.21/include/linux/ncp.h:137:2: warning: 'packed' attribute ignored for field of type '__u8' [-Wattributes]
/home/tag/rpmbuild/BUILD/kernel-2.4.21/linux-2.4.21/include/linux/ncp.h:138:2: warning: 'packed' attribute ignored for field of type '__u8[256]' [-Wattributes]
/home/tag/rpmbuild/BUILD/kernel-2.4.21/linux-2.4.21/include/linux/ncp.h:174:2: warning: 'packed' attribute ignored for field of type '__u8' [-Wattributes]
sched.c:581:5: error: conflicting types for 'wake_up_process'
In file included from /home/tag/rpmbuild/BUILD/kernel-2.4.21/linux-2.4.21/include/linux/mm.h:22:0,
                 from sched.c:19:
/home/tag/rpmbuild/BUILD/kernel-2.4.21/linux-2.4.21/include/linux/sched.h:814:12: note: previous declaration of 'wake_up_process' was here
sched.c:586:5: error: conflicting types for 'wake_up_process_kick'
In file included from /home/tag/rpmbuild/BUILD/kernel-2.4.21/linux-2.4.21/include/linux/mm.h:22:0,
                 from sched.c:19:
/home/tag/rpmbuild/BUILD/kernel-2.4.21/linux-2.4.21/include/linux/sched.h:815:12: note: previous declaration of 'wake_up_process_kick' was here
sched.c:591:5: error: conflicting types for 'wake_up_state'
In file included from /home/tag/rpmbuild/BUILD/kernel-2.4.21/linux-2.4.21/include/linux/mm.h:22:0,
                 from sched.c:19:
/home/tag/rpmbuild/BUILD/kernel-2.4.21/linux-2.4.21/include/linux/sched.h:804:12: note: previous declaration of 'wake_up_state' was here
sched.c:602:6: error: conflicting types for 'wake_up_forked_process'
In file included from /home/tag/rpmbuild/BUILD/kernel-2.4.21/linux-2.4.21/include/linux/mm.h:22:0,
                 from sched.c:19:
/home/tag/rpmbuild/BUILD/kernel-2.4.21/linux-2.4.21/include/linux/sched.h:816:13: note: previous declaration of 'wake_up_forked_process' was here
sched.c:639:6: error: conflicting types for 'sched_exit'
In file included from /home/tag/rpmbuild/BUILD/kernel-2.4.21/linux-2.4.21/include/linux/mm.h:22:0,
                 from sched.c:19:
/home/tag/rpmbuild/BUILD/kernel-2.4.21/linux-2.4.21/include/linux/sched.h:817:13: note: previous declaration of 'sched_exit' was here
sched.c:1516:6: error: conflicting types for 'wake_up_filtered'
In file included from /home/tag/rpmbuild/BUILD/kernel-2.4.21/linux-2.4.21/include/linux/mm.h:22:0,
                 from sched.c:19:
/home/tag/rpmbuild/BUILD/kernel-2.4.21/linux-2.4.21/include/linux/sched.h:805:13: note: previous declaration of 'wake_up_filtered' was here
sched.c:1539:6: error: conflicting types for '__wake_up'
In file included from /home/tag/rpmbuild/BUILD/kernel-2.4.21/linux-2.4.21/include/linux/mm.h:22:0,
                 from sched.c:19:
/home/tag/rpmbuild/BUILD/kernel-2.4.21/linux-2.4.21/include/linux/sched.h:806:13: note: previous declaration of '__wake_up' was here
sched.c:1572:6: error: conflicting types for '__wake_up_sync'
In file included from /home/tag/rpmbuild/BUILD/kernel-2.4.21/linux-2.4.21/include/linux/mm.h:22:0,
                 from sched.c:19:
/home/tag/rpmbuild/BUILD/kernel-2.4.21/linux-2.4.21/include/linux/sched.h:807:13: note: previous declaration of '__wake_up_sync' was here
sched.c:1587:6: error: conflicting types for 'complete'
In file included from /home/tag/rpmbuild/BUILD/kernel-2.4.21/linux-2.4.21/include/linux/jffs2_fs_sb.h:8:0,
                 from /home/tag/rpmbuild/BUILD/kernel-2.4.21/linux-2.4.21/include/linux/fs.h:771,
                 from /home/tag/rpmbuild/BUILD/kernel-2.4.21/linux-2.4.21/include/linux/capability.h:17,
                 from /home/tag/rpmbuild/BUILD/kernel-2.4.21/linux-2.4.21/include/linux/binfmts.h:4,
                 from /home/tag/rpmbuild/BUILD/kernel-2.4.21/linux-2.4.21/include/linux/sched.h:10,
                 from /home/tag/rpmbuild/BUILD/kernel-2.4.21/linux-2.4.21/include/linux/mm.h:22,
                 from sched.c:19:
/home/tag/rpmbuild/BUILD/kernel-2.4.21/linux-2.4.21/include/linux/completion.h:31:13: note: previous declaration of 'complete' was here
sched.c:1597:6: error: conflicting types for 'complete_all'
In file included from /home/tag/rpmbuild/BUILD/kernel-2.4.21/linux-2.4.21/include/linux/jffs2_fs_sb.h:8:0,
                 from /home/tag/rpmbuild/BUILD/kernel-2.4.21/linux-2.4.21/include/linux/fs.h:771,
                 from /home/tag/rpmbuild/BUILD/kernel-2.4.21/linux-2.4.21/include/linux/capability.h:17,
                 from /home/tag/rpmbuild/BUILD/kernel-2.4.21/linux-2.4.21/include/linux/binfmts.h:4,
                 from /home/tag/rpmbuild/BUILD/kernel-2.4.21/linux-2.4.21/include/linux/sched.h:10,
                 from /home/tag/rpmbuild/BUILD/kernel-2.4.21/linux-2.4.21/include/linux/mm.h:22,
                 from sched.c:19:
/home/tag/rpmbuild/BUILD/kernel-2.4.21/linux-2.4.21/include/linux/completion.h:32:13: note: previous declaration of 'complete_all' was here
sched.c:1607:6: error: conflicting types for 'wait_for_completion'
In file included from /home/tag/rpmbuild/BUILD/kernel-2.4.21/linux-2.4.21/include/linux/jffs2_fs_sb.h:8:0,
                 from /home/tag/rpmbuild/BUILD/kernel-2.4.21/linux-2.4.21/include/linux/fs.h:771,
                 from /home/tag/rpmbuild/BUILD/kernel-2.4.21/linux-2.4.21/include/linux/capability.h:17,
                 from /home/tag/rpmbuild/BUILD/kernel-2.4.21/linux-2.4.21/include/linux/binfmts.h:4,
                 from /home/tag/rpmbuild/BUILD/kernel-2.4.21/linux-2.4.21/include/linux/sched.h:10,
                 from /home/tag/rpmbuild/BUILD/kernel-2.4.21/linux-2.4.21/include/linux/mm.h:22,
                 from sched.c:19:
/home/tag/rpmbuild/BUILD/kernel-2.4.21/linux-2.4.21/include/linux/completion.h:30:13: note: previous declaration of 'wait_for_completion' was here
sched.c:1642:6: error: conflicting types for 'interruptible_sleep_on'
In file included from /home/tag/rpmbuild/BUILD/kernel-2.4.21/linux-2.4.21/include/linux/mm.h:22:0,
                 from sched.c:19:
/home/tag/rpmbuild/BUILD/kernel-2.4.21/linux-2.4.21/include/linux/sched.h:811:13: note: previous declaration of 'interruptible_sleep_on' was here
sched.c:1653:6: error: conflicting types for 'interruptible_sleep_on_timeout'
In file included from /home/tag/rpmbuild/BUILD/kernel-2.4.21/linux-2.4.21/include/linux/mm.h:22:0,
                 from sched.c:19:
/home/tag/rpmbuild/BUILD/kernel-2.4.21/linux-2.4.21/include/linux/sched.h:812:13: note: previous declaration of 'interruptible_sleep_on_timeout' was here
sched.c:1666:6: error: conflicting types for 'sleep_on'
In file included from /home/tag/rpmbuild/BUILD/kernel-2.4.21/linux-2.4.21/include/linux/mm.h:22:0,
                 from sched.c:19:
/home/tag/rpmbuild/BUILD/kernel-2.4.21/linux-2.4.21/include/linux/sched.h:808:13: note: previous declaration of 'sleep_on' was here
sched.c:1677:6: error: conflicting types for 'sleep_on_timeout'
In file included from /home/tag/rpmbuild/BUILD/kernel-2.4.21/linux-2.4.21/include/linux/mm.h:22:0,
                 from sched.c:19:
/home/tag/rpmbuild/BUILD/kernel-2.4.21/linux-2.4.21/include/linux/sched.h:809:13: note: previous declaration of 'sleep_on_timeout' was here
In file included from /home/tag/rpmbuild/BUILD/kernel-2.4.21/linux-2.4.21/include/linux/prefetch.h:13:0,
                 from /home/tag/rpmbuild/BUILD/kernel-2.4.21/linux-2.4.21/include/linux/list.h:6,
                 from /home/tag/rpmbuild/BUILD/kernel-2.4.21/linux-2.4.21/include/linux/module.h:12,
                 from inode.c:13:
/home/tag/rpmbuild/BUILD/kernel-2.4.21/linux-2.4.21/include/asm/processor.h:85:26: error: array type has incomplete element type
In file included from /home/tag/rpmbuild/BUILD/kernel-2.4.21/linux-2.4.21/include/asm/smp.h:16:0,
                 from /home/tag/rpmbuild/BUILD/kernel-2.4.21/linux-2.4.21/include/linux/smp.h:16,
                 from /home/tag/rpmbuild/BUILD/kernel-2.4.21/linux-2.4.21/include/linux/sched.h:24,
                 from stubs.c:12:
/home/tag/rpmbuild/BUILD/kernel-2.4.21/linux-2.4.21/include/asm/mpspec.h:87:2: warning: 'packed' attribute ignored for field of type 'unsigned char[6]' [-Wattributes]
In file included from /home/tag/rpmbuild/BUILD/kernel-2.4.21/linux-2.4.21/include/linux/sched.h:24:0,
                 from stubs.c:12:
/home/tag/rpmbuild/BUILD/kernel-2.4.21/linux-2.4.21/include/linux/smp.h:31:13: error: conflicting types for 'smp_send_reschedule'
In file included from /home/tag/rpmbuild/BUILD/kernel-2.4.21/linux-2.4.21/include/linux/smp.h:16:0,
                 from /home/tag/rpmbuild/BUILD/kernel-2.4.21/linux-2.4.21/include/linux/sched.h:24,
                 from stubs.c:12:
/home/tag/rpmbuild/BUILD/kernel-2.4.21/linux-2.4.21/include/asm/smp.h:44:13: note: previous declaration of 'smp_send_reschedule' was here
In file included from /home/tag/rpmbuild/BUILD/kernel-2.4.21/linux-2.4.21/include/linux/prefetch.h:13:0,
                 from /home/tag/rpmbuild/BUILD/kernel-2.4.21/linux-2.4.21/include/linux/list.h:6,
                 from /home/tag/rpmbuild/BUILD/kernel-2.4.21/linux-2.4.21/include/linux/wait.h:14,
                 from /home/tag/rpmbuild/BUILD/kernel-2.4.21/linux-2.4.21/include/linux/fs.h:12,
                 from /home/tag/rpmbuild/BUILD/kernel-2.4.21/linux-2.4.21/include/linux/capability.h:17,
                 from /home/tag/rpmbuild/BUILD/kernel-2.4.21/linux-2.4.21/include/linux/binfmts.h:4,
                 from /home/tag/rpmbuild/BUILD/kernel-2.4.21/linux-2.4.21/include/linux/sched.h:10,
                 from ll_rw_blk.c:14:
/home/tag/rpmbuild/BUILD/kernel-2.4.21/linux-2.4.21/include/asm/processor.h:85:26: error: array type has incomplete element type
In file included from /home/tag/rpmbuild/BUILD/kernel-2.4.21/linux-2.4.21/include/linux/wait.h:13:0,
                 from /home/tag/rpmbuild/BUILD/kernel-2.4.21/linux-2.4.21/include/linux/fs.h:12,
                 from inode.c:16:
/home/tag/rpmbuild/BUILD/kernel-2.4.21/linux-2.4.21/include/linux/kernel.h:97:16: error: conflicting types for 'printk'
In file included from /home/tag/rpmbuild/BUILD/kernel-2.4.21/linux-2.4.21/include/linux/spinlock.h:56:0,
                 from /home/tag/rpmbuild/BUILD/kernel-2.4.21/linux-2.4.21/include/linux/module.h:11,
                 from inode.c:13:
/home/tag/rpmbuild/BUILD/kernel-2.4.21/linux-2.4.21/include/asm/spinlock.h:9:12: note: previous declaration of 'printk' was here
sched.c: In function 'migration_task':
sched.c:2542:1: warning: no return statement in function returning non-void [-Wreturn-type]
In file included from /home/tag/rpmbuild/BUILD/kernel-2.4.21/linux-2.4.21/include/linux/netdevice.h:158:0,
                 from p8023.c:16:
/home/tag/rpmbuild/BUILD/kernel-2.4.21/linux-2.4.21/include/linux/skbuff.h: In function '__skb_pull':
/home/tag/rpmbuild/BUILD/kernel-2.4.21/linux-2.4.21/include/linux/skbuff.h:854:2: warning: pointer targets in return differ in signedness [-Wpointer-sign]
/home/tag/rpmbuild/BUILD/kernel-2.4.21/linux-2.4.21/include/linux/skbuff.h: In function 'skb_pull':
/home/tag/rpmbuild/BUILD/kernel-2.4.21/linux-2.4.21/include/linux/skbuff.h:872:2: warning: pointer targets in return differ in signedness [-Wpointer-sign]
/home/tag/rpmbuild/BUILD/kernel-2.4.21/linux-2.4.21/include/linux/skbuff.h: In function '__pskb_pull':
/home/tag/rpmbuild/BUILD/kernel-2.4.21/linux-2.4.21/include/linux/skbuff.h:883:2: warning: pointer targets in return differ in signedness [-Wpointer-sign]
/home/tag/rpmbuild/BUILD/kernel-2.4.21/linux-2.4.21/include/linux/skbuff.h: In function 'pskb_pull':
/home/tag/rpmbuild/BUILD/kernel-2.4.21/linux-2.4.21/include/linux/skbuff.h:890:2: warning: pointer targets in return differ in signedness [-Wpointer-sign]
In file included from /home/tag/rpmbuild/BUILD/kernel-2.4.21/linux-2.4.21/include/linux/spinlock.h:56:0,
                 from /home/tag/rpmbuild/BUILD/kernel-2.4.21/linux-2.4.21/include/linux/wait.h:16,
                 from /home/tag/rpmbuild/BUILD/kernel-2.4.21/linux-2.4.21/include/linux/fs.h:12,
                 from /home/tag/rpmbuild/BUILD/kernel-2.4.21/linux-2.4.21/include/linux/capability.h:17,
                 from /home/tag/rpmbuild/BUILD/kernel-2.4.21/linux-2.4.21/include/linux/binfmts.h:4,
                 from /home/tag/rpmbuild/BUILD/kernel-2.4.21/linux-2.4.21/include/linux/sched.h:10,
                 from ll_rw_blk.c:14:
/home/tag/rpmbuild/BUILD/kernel-2.4.21/linux-2.4.21/include/asm/spinlock.h:9:12: error: conflicting types for 'printk'
In file included from /home/tag/rpmbuild/BUILD/kernel-2.4.21/linux-2.4.21/include/linux/wait.h:13:0,
                 from /home/tag/rpmbuild/BUILD/kernel-2.4.21/linux-2.4.21/include/linux/fs.h:12,
                 from /home/tag/rpmbuild/BUILD/kernel-2.4.21/linux-2.4.21/include/linux/capability.h:17,
                 from /home/tag/rpmbuild/BUILD/kernel-2.4.21/linux-2.4.21/include/linux/binfmts.h:4,
                 from /home/tag/rpmbuild/BUILD/kernel-2.4.21/linux-2.4.21/include/linux/sched.h:10,
                 from ll_rw_blk.c:14:
/home/tag/rpmbuild/BUILD/kernel-2.4.21/linux-2.4.21/include/linux/kernel.h:97:16: note: previous declaration of 'printk' was here
In file included from /home/tag/rpmbuild/BUILD/kernel-2.4.21/linux-2.4.21/include/linux/prefetch.h:13:0,
                 from /home/tag/rpmbuild/BUILD/kernel-2.4.21/linux-2.4.21/include/linux/list.h:6,
                 from /home/tag/rpmbuild/BUILD/kernel-2.4.21/linux-2.4.21/include/linux/wait.h:14,
                 from /home/tag/rpmbuild/BUILD/kernel-2.4.21/linux-2.4.21/include/linux/fs.h:12,
                 from balloc.c:15:
/home/tag/rpmbuild/BUILD/kernel-2.4.21/linux-2.4.21/include/asm/processor.h:85:26: error: array type has incomplete element type
In file included from /home/tag/rpmbuild/BUILD/kernel-2.4.21/linux-2.4.21/include/linux/spinlock.h:56:0,
                 from /home/tag/rpmbuild/BUILD/kernel-2.4.21/linux-2.4.21/include/linux/wait.h:16,
                 from /home/tag/rpmbuild/BUILD/kernel-2.4.21/linux-2.4.21/include/linux/fs.h:12,
                 from balloc.c:15:
/home/tag/rpmbuild/BUILD/kernel-2.4.21/linux-2.4.21/include/asm/spinlock.h:9:12: error: conflicting types for 'printk'
In file included from /home/tag/rpmbuild/BUILD/kernel-2.4.21/linux-2.4.21/include/linux/wait.h:13:0,
                 from /home/tag/rpmbuild/BUILD/kernel-2.4.21/linux-2.4.21/include/linux/fs.h:12,
                 from balloc.c:15:
/home/tag/rpmbuild/BUILD/kernel-2.4.21/linux-2.4.21/include/linux/kernel.h:97:16: note: previous declaration of 'printk' was here
memory.c:130:6: error: conflicting types for 'vm_ptep_set_wrprotect'
In file included from memory.c:39:0:
/home/tag/rpmbuild/BUILD/kernel-2.4.21/linux-2.4.21/include/linux/mm.h:719:13: note: previous declaration of 'vm_ptep_set_wrprotect' was here
memory.c:137:6: error: conflicting types for 'vm_set_pte'
In file included from memory.c:39:0:
/home/tag/rpmbuild/BUILD/kernel-2.4.21/linux-2.4.21/include/linux/mm.h:720:13: note: previous declaration of 'vm_set_pte' was here
memory.c:146:7: error: conflicting types for 'vm_ptep_get_and_clear'
In file included from memory.c:39:0:
/home/tag/rpmbuild/BUILD/kernel-2.4.21/linux-2.4.21/include/linux/mm.h:721:14: note: previous declaration of 'vm_ptep_get_and_clear' was here
memory.c:181:6: error: conflicting types for '__free_pte'
In file included from memory.c:39:0:
/home/tag/rpmbuild/BUILD/kernel-2.4.21/linux-2.4.21/include/linux/mm.h:723:13: note: previous declaration of '__free_pte' was here
memory.c:256:8: error: conflicting types for 'pte_alloc_map'
In file included from memory.c:39:0:
/home/tag/rpmbuild/BUILD/kernel-2.4.21/linux-2.4.21/include/linux/mm.h:670:15: note: previous declaration of 'pte_alloc_map' was here
memory.c:293:8: error: conflicting types for 'pte_alloc_kernel'
In file included from memory.c:39:0:
/home/tag/rpmbuild/BUILD/kernel-2.4.21/linux-2.4.21/include/linux/mm.h:669:15: note: previous declaration of 'pte_alloc_kernel' was here
In file included from /home/tag/rpmbuild/BUILD/kernel-2.4.21/linux-2.4.21/include/linux/fs.h:347:0,
                 from inode.c:16:
/home/tag/rpmbuild/BUILD/kernel-2.4.21/linux-2.4.21/include/linux/ncp_fs_i.h:26:2: warning: 'packed' attribute ignored for field of type '__u8' [-Wattributes]
/home/tag/rpmbuild/BUILD/kernel-2.4.21/linux-2.4.21/include/linux/ncp_fs_i.h:27:2: warning: 'packed' attribute ignored for field of type '__u8[6]' [-Wattributes]
make[3]: *** [p8023.o] Error 1
make[2]: *** [first_rule] Error 2
make[1]: *** [_subdir_802] Error 2
make: *** [_dir_net] Error 2
In file included from /home/tag/rpmbuild/BUILD/kernel-2.4.21/linux-2.4.21/include/linux/ncp_mount.h:12:0,
                 from /home/tag/rpmbuild/BUILD/kernel-2.4.21/linux-2.4.21/include/linux/ncp_fs_sb.h:12,
                 from /home/tag/rpmbuild/BUILD/kernel-2.4.21/linux-2.4.21/include/linux/fs.h:768,
                 from inode.c:16:
/home/tag/rpmbuild/BUILD/kernel-2.4.21/linux-2.4.21/include/linux/ncp.h:24:2: warning: 'packed' attribute ignored for field of type '__u8' [-Wattributes]
/home/tag/rpmbuild/BUILD/kernel-2.4.21/linux-2.4.21/include/linux/ncp.h:25:2: warning: 'packed' attribute ignored for field of type '__u8' [-Wattributes]
/home/tag/rpmbuild/BUILD/kernel-2.4.21/linux-2.4.21/include/linux/ncp.h:26:2: warning: 'packed' attribute ignored for field of type '__u8' [-Wattributes]
/home/tag/rpmbuild/BUILD/kernel-2.4.21/linux-2.4.21/include/linux/ncp.h:27:2: warning: 'packed' attribute ignored for field of type '__u8' [-Wattributes]
/home/tag/rpmbuild/BUILD/kernel-2.4.21/linux-2.4.21/include/linux/ncp.h:28:2: warning: 'packed' attribute ignored for field of type '__u8' [-Wattributes]
/home/tag/rpmbuild/BUILD/kernel-2.4.21/linux-2.4.21/include/linux/ncp.h:29:2: warning: 'packed' attribute ignored for field of type '__u8[]' [-Wattributes]
/home/tag/rpmbuild/BUILD/kernel-2.4.21/linux-2.4.21/include/linux/ncp.h:37:2: warning: 'packed' attribute ignored for field of type '__u8' [-Wattributes]
/home/tag/rpmbuild/BUILD/kernel-2.4.21/linux-2.4.21/include/linux/ncp.h:38:2: warning: 'packed' attribute ignored for field of type '__u8' [-Wattributes]
/home/tag/rpmbuild/BUILD/kernel-2.4.21/linux-2.4.21/include/linux/ncp.h:39:2: warning: 'packed' attribute ignored for field of type '__u8' [-Wattributes]
/home/tag/rpmbuild/BUILD/kernel-2.4.21/linux-2.4.21/include/linux/ncp.h:40:2: warning: 'packed' attribute ignored for field of type '__u8' [-Wattributes]
/home/tag/rpmbuild/BUILD/kernel-2.4.21/linux-2.4.21/include/linux/ncp.h:41:2: warning: 'packed' attribute ignored for field of type '__u8' [-Wattributes]
/home/tag/rpmbuild/BUILD/kernel-2.4.21/linux-2.4.21/include/linux/ncp.h:42:2: warning: 'packed' attribute ignored for field of type '__u8' [-Wattributes]
/home/tag/rpmbuild/BUILD/kernel-2.4.21/linux-2.4.21/include/linux/ncp.h:43:2: warning: 'packed' attribute ignored for field of type '__u8[]' [-Wattributes]
/home/tag/rpmbuild/BUILD/kernel-2.4.21/linux-2.4.21/include/linux/ncp.h:137:2: warning: 'packed' attribute ignored for field of type '__u8' [-Wattributes]
/home/tag/rpmbuild/BUILD/kernel-2.4.21/linux-2.4.21/include/linux/ncp.h:138:2: warning: 'packed' attribute ignored for field of type '__u8[256]' [-Wattributes]
/home/tag/rpmbuild/BUILD/kernel-2.4.21/linux-2.4.21/include/linux/ncp.h:174:2: warning: 'packed' attribute ignored for field of type '__u8' [-Wattributes]
In file included from /home/tag/rpmbuild/BUILD/kernel-2.4.21/linux-2.4.21/include/linux/fs.h:347:0,
                 from balloc.c:15:
/home/tag/rpmbuild/BUILD/kernel-2.4.21/linux-2.4.21/include/linux/ncp_fs_i.h:26:2: warning: 'packed' attribute ignored for field of type '__u8' [-Wattributes]
/home/tag/rpmbuild/BUILD/kernel-2.4.21/linux-2.4.21/include/linux/ncp_fs_i.h:27:2: warning: 'packed' attribute ignored for field of type '__u8[6]' [-Wattributes]
In file included from /home/tag/rpmbuild/BUILD/kernel-2.4.21/linux-2.4.21/include/linux/prefetch.h:13:0,
                 from /home/tag/rpmbuild/BUILD/kernel-2.4.21/linux-2.4.21/include/linux/list.h:6,
                 from /home/tag/rpmbuild/BUILD/kernel-2.4.21/linux-2.4.21/include/linux/module.h:12,
                 from inode.c:10:
/home/tag/rpmbuild/BUILD/kernel-2.4.21/linux-2.4.21/include/asm/processor.h:85:26: error: array type has incomplete element type
In file included from /home/tag/rpmbuild/BUILD/kernel-2.4.21/linux-2.4.21/include/linux/fs.h:347:0,
                 from /home/tag/rpmbuild/BUILD/kernel-2.4.21/linux-2.4.21/include/linux/capability.h:17,
                 from /home/tag/rpmbuild/BUILD/kernel-2.4.21/linux-2.4.21/include/linux/binfmts.h:4,
                 from /home/tag/rpmbuild/BUILD/kernel-2.4.21/linux-2.4.21/include/linux/sched.h:10,
                 from ll_rw_blk.c:14:
/home/tag/rpmbuild/BUILD/kernel-2.4.21/linux-2.4.21/include/linux/ncp_fs_i.h:26:2: warning: 'packed' attribute ignored for field of type '__u8' [-Wattributes]
/home/tag/rpmbuild/BUILD/kernel-2.4.21/linux-2.4.21/include/linux/ncp_fs_i.h:27:2: warning: 'packed' attribute ignored for field of type '__u8[6]' [-Wattributes]
memory.c:2022:8: error: conflicting types for '__pmd_alloc'
In file included from memory.c:39:0:
/home/tag/rpmbuild/BUILD/kernel-2.4.21/linux-2.4.21/include/linux/mm.h:668:15: note: previous declaration of '__pmd_alloc' was here
make[2]: *** [sched.o] Error 1
make[2]: *** Waiting for unfinished jobs....
memory.c:2099:14: error: conflicting types for 'map_user_kvec'
In file included from /home/tag/rpmbuild/BUILD/kernel-2.4.21/linux-2.4.21/include/linux/aio.h:5:0,
                 from /home/tag/rpmbuild/BUILD/kernel-2.4.21/linux-2.4.21/include/linux/net.h:88,
                 from /home/tag/rpmbuild/BUILD/kernel-2.4.21/linux-2.4.21/include/linux/fs.h:15,
                 from /home/tag/rpmbuild/BUILD/kernel-2.4.21/linux-2.4.21/include/linux/capability.h:17,
                 from /home/tag/rpmbuild/BUILD/kernel-2.4.21/linux-2.4.21/include/linux/binfmts.h:4,
                 from /home/tag/rpmbuild/BUILD/kernel-2.4.21/linux-2.4.21/include/linux/sched.h:10,
                 from /home/tag/rpmbuild/BUILD/kernel-2.4.21/linux-2.4.21/include/linux/mm.h:22,
                 from memory.c:39:
/home/tag/rpmbuild/BUILD/kernel-2.4.21/linux-2.4.21/include/linux/kiovec.h:40:21: note: previous declaration of 'map_user_kvec' was here
memory.c:2104:14: error: conflicting types for 'mm_map_user_kvec'
In file included from /home/tag/rpmbuild/BUILD/kernel-2.4.21/linux-2.4.21/include/linux/aio.h:5:0,
                 from /home/tag/rpmbuild/BUILD/kernel-2.4.21/linux-2.4.21/include/linux/net.h:88,
                 from /home/tag/rpmbuild/BUILD/kernel-2.4.21/linux-2.4.21/include/linux/fs.h:15,
                 from /home/tag/rpmbuild/BUILD/kernel-2.4.21/linux-2.4.21/include/linux/capability.h:17,
                 from /home/tag/rpmbuild/BUILD/kernel-2.4.21/linux-2.4.21/include/linux/binfmts.h:4,
                 from /home/tag/rpmbuild/BUILD/kernel-2.4.21/linux-2.4.21/include/linux/sched.h:10,
                 from /home/tag/rpmbuild/BUILD/kernel-2.4.21/linux-2.4.21/include/linux/mm.h:22,
                 from memory.c:39:
/home/tag/rpmbuild/BUILD/kernel-2.4.21/linux-2.4.21/include/linux/kiovec.h:41:21: note: previous declaration of 'mm_map_user_kvec' was here
In file included from /home/tag/rpmbuild/BUILD/kernel-2.4.21/linux-2.4.21/include/linux/ncp_mount.h:12:0,
                 from /home/tag/rpmbuild/BUILD/kernel-2.4.21/linux-2.4.21/include/linux/ncp_fs_sb.h:12,
                 from /home/tag/rpmbuild/BUILD/kernel-2.4.21/linux-2.4.21/include/linux/fs.h:768,
                 from balloc.c:15:
/home/tag/rpmbuild/BUILD/kernel-2.4.21/linux-2.4.21/include/linux/ncp.h:24:2: warning: 'packed' attribute ignored for field of type '__u8' [-Wattributes]
/home/tag/rpmbuild/BUILD/kernel-2.4.21/linux-2.4.21/include/linux/ncp.h:25:2: warning: 'packed' attribute ignored for field of type '__u8' [-Wattributes]
/home/tag/rpmbuild/BUILD/kernel-2.4.21/linux-2.4.21/include/linux/ncp.h:26:2: warning: 'packed' attribute ignored for field of type '__u8' [-Wattributes]
/home/tag/rpmbuild/BUILD/kernel-2.4.21/linux-2.4.21/include/linux/ncp.h:27:2: warning: 'packed' attribute ignored for field of type '__u8' [-Wattributes]
/home/tag/rpmbuild/BUILD/kernel-2.4.21/linux-2.4.21/include/linux/ncp.h:28:2: warning: 'packed' attribute ignored for field of type '__u8' [-Wattributes]
/home/tag/rpmbuild/BUILD/kernel-2.4.21/linux-2.4.21/include/linux/ncp.h:29:2: warning: 'packed' attribute ignored for field of type '__u8[]' [-Wattributes]
/home/tag/rpmbuild/BUILD/kernel-2.4.21/linux-2.4.21/include/linux/ncp.h:37:2: warning: 'packed' attribute ignored for field of type '__u8' [-Wattributes]
/home/tag/rpmbuild/BUILD/kernel-2.4.21/linux-2.4.21/include/linux/ncp.h:38:2: warning: 'packed' attribute ignored for field of type '__u8' [-Wattributes]
/home/tag/rpmbuild/BUILD/kernel-2.4.21/linux-2.4.21/include/linux/ncp.h:39:2: warning: 'packed' attribute ignored for field of type '__u8' [-Wattributes]
/home/tag/rpmbuild/BUILD/kernel-2.4.21/linux-2.4.21/include/linux/ncp.h:40:2: warning: 'packed' attribute ignored for field of type '__u8' [-Wattributes]
/home/tag/rpmbuild/BUILD/kernel-2.4.21/linux-2.4.21/include/linux/ncp.h:41:2: warning: 'packed' attribute ignored for field of type '__u8' [-Wattributes]
/home/tag/rpmbuild/BUILD/kernel-2.4.21/linux-2.4.21/include/linux/ncp.h:42:2: warning: 'packed' attribute ignored for field of type '__u8' [-Wattributes]
/home/tag/rpmbuild/BUILD/kernel-2.4.21/linux-2.4.21/include/linux/ncp.h:43:2: warning: 'packed' attribute ignored for field of type '__u8[]' [-Wattributes]
/home/tag/rpmbuild/BUILD/kernel-2.4.21/linux-2.4.21/include/linux/ncp.h:137:2: warning: 'packed' attribute ignored for field of type '__u8' [-Wattributes]
/home/tag/rpmbuild/BUILD/kernel-2.4.21/linux-2.4.21/include/linux/ncp.h:138:2: warning: 'packed' attribute ignored for field of type '__u8[256]' [-Wattributes]
In file included from /home/tag/rpmbuild/BUILD/kernel-2.4.21/linux-2.4.21/include/linux/wait.h:13:0,
                 from /home/tag/rpmbuild/BUILD/kernel-2.4.21/linux-2.4.21/include/linux/fs.h:12,
                 from /home/tag/rpmbuild/BUILD/kernel-2.4.21/linux-2.4.21/include/linux/capability.h:17,
                 from /home/tag/rpmbuild/BUILD/kernel-2.4.21/linux-2.4.21/include/linux/binfmts.h:4,
                 from /home/tag/rpmbuild/BUILD/kernel-2.4.21/linux-2.4.21/include/linux/sched.h:10,
                 from inode.c:13:
/home/tag/rpmbuild/BUILD/kernel-2.4.21/linux-2.4.21/include/linux/kernel.h:97:16: error: conflicting types for 'printk'
In file included from /home/tag/rpmbuild/BUILD/kernel-2.4.21/linux-2.4.21/include/linux/spinlock.h:56:0,
                 from /home/tag/rpmbuild/BUILD/kernel-2.4.21/linux-2.4.21/include/linux/module.h:11,
                 from inode.c:10:
/home/tag/rpmbuild/BUILD/kernel-2.4.21/linux-2.4.21/include/asm/spinlock.h:9:12: note: previous declaration of 'printk' was here
In file included from /home/tag/rpmbuild/BUILD/kernel-2.4.21/linux-2.4.21/include/asm/smp.h:16:0,
                 from /home/tag/rpmbuild/BUILD/kernel-2.4.21/linux-2.4.21/include/linux/smp.h:16,
                 from /home/tag/rpmbuild/BUILD/kernel-2.4.21/linux-2.4.21/include/linux/sched.h:24,
                 from /home/tag/rpmbuild/BUILD/kernel-2.4.21/linux-2.4.21/include/linux/mm.h:22,
                 from /home/tag/rpmbuild/BUILD/kernel-2.4.21/linux-2.4.21/include/linux/locks.h:5,
                 from inode.c:20:
/home/tag/rpmbuild/BUILD/kernel-2.4.21/linux-2.4.21/include/asm/mpspec.h:87:2: warning: 'packed' attribute ignored for field of type 'unsigned char[6]' [-Wattributes]
memory.c:2234:6: error: conflicting types for 'unmap_kvec'
In file included from /home/tag/rpmbuild/BUILD/kernel-2.4.21/linux-2.4.21/include/linux/aio.h:5:0,
                 from /home/tag/rpmbuild/BUILD/kernel-2.4.21/linux-2.4.21/include/linux/net.h:88,
                 from /home/tag/rpmbuild/BUILD/kernel-2.4.21/linux-2.4.21/include/linux/fs.h:15,
                 from /home/tag/rpmbuild/BUILD/kernel-2.4.21/linux-2.4.21/include/linux/capability.h:17,
                 from /home/tag/rpmbuild/BUILD/kernel-2.4.21/linux-2.4.21/include/linux/binfmts.h:4,
                 from /home/tag/rpmbuild/BUILD/kernel-2.4.21/linux-2.4.21/include/linux/sched.h:10,
                 from /home/tag/rpmbuild/BUILD/kernel-2.4.21/linux-2.4.21/include/linux/mm.h:22,
                 from memory.c:39:
/home/tag/rpmbuild/BUILD/kernel-2.4.21/linux-2.4.21/include/linux/kiovec.h:43:13: note: previous declaration of 'unmap_kvec' was here
memory.c:2258:6: error: conflicting types for 'free_kvec'
In file included from /home/tag/rpmbuild/BUILD/kernel-2.4.21/linux-2.4.21/include/linux/aio.h:5:0,
                 from /home/tag/rpmbuild/BUILD/kernel-2.4.21/linux-2.4.21/include/linux/net.h:88,
                 from /home/tag/rpmbuild/BUILD/kernel-2.4.21/linux-2.4.21/include/linux/fs.h:15,
                 from /home/tag/rpmbuild/BUILD/kernel-2.4.21/linux-2.4.21/include/linux/capability.h:17,
                 from /home/tag/rpmbuild/BUILD/kernel-2.4.21/linux-2.4.21/include/linux/binfmts.h:4,
                 from /home/tag/rpmbuild/BUILD/kernel-2.4.21/linux-2.4.21/include/linux/sched.h:10,
                 from /home/tag/rpmbuild/BUILD/kernel-2.4.21/linux-2.4.21/include/linux/mm.h:22,
                 from memory.c:39:
/home/tag/rpmbuild/BUILD/kernel-2.4.21/linux-2.4.21/include/linux/kiovec.h:44:13: note: previous declaration of 'free_kvec' was here
memory.c:2267:6: error: conflicting types for 'memcpy_to_kvec_dst'
In file included from /home/tag/rpmbuild/BUILD/kernel-2.4.21/linux-2.4.21/include/linux/aio.h:5:0,
                 from /home/tag/rpmbuild/BUILD/kernel-2.4.21/linux-2.4.21/include/linux/net.h:88,
                 from /home/tag/rpmbuild/BUILD/kernel-2.4.21/linux-2.4.21/include/linux/fs.h:15,
                 from /home/tag/rpmbuild/BUILD/kernel-2.4.21/linux-2.4.21/include/linux/capability.h:17,
                 from /home/tag/rpmbuild/BUILD/kernel-2.4.21/linux-2.4.21/include/linux/binfmts.h:4,
                 from /home/tag/rpmbuild/BUILD/kernel-2.4.21/linux-2.4.21/include/linux/sched.h:10,
                 from /home/tag/rpmbuild/BUILD/kernel-2.4.21/linux-2.4.21/include/linux/mm.h:22,
                 from memory.c:39:
/home/tag/rpmbuild/BUILD/kernel-2.4.21/linux-2.4.21/include/linux/kiovec.h:118:13: note: previous declaration of 'memcpy_to_kvec_dst' was here
memory.c:2294:6: error: conflicting types for 'memcpy_from_kvec_dst'
In file included from /home/tag/rpmbuild/BUILD/kernel-2.4.21/linux-2.4.21/include/linux/aio.h:5:0,
                 from /home/tag/rpmbuild/BUILD/kernel-2.4.21/linux-2.4.21/include/linux/net.h:88,
                 from /home/tag/rpmbuild/BUILD/kernel-2.4.21/linux-2.4.21/include/linux/fs.h:15,
                 from /home/tag/rpmbuild/BUILD/kernel-2.4.21/linux-2.4.21/include/linux/capability.h:17,
                 from /home/tag/rpmbuild/BUILD/kernel-2.4.21/linux-2.4.21/include/linux/binfmts.h:4,
                 from /home/tag/rpmbuild/BUILD/kernel-2.4.21/linux-2.4.21/include/linux/sched.h:10,
                 from /home/tag/rpmbuild/BUILD/kernel-2.4.21/linux-2.4.21/include/linux/mm.h:22,
                 from memory.c:39:
/home/tag/rpmbuild/BUILD/kernel-2.4.21/linux-2.4.21/include/linux/kiovec.h:120:13: note: previous declaration of 'memcpy_from_kvec_dst' was here
In file included from /home/tag/rpmbuild/BUILD/kernel-2.4.21/linux-2.4.21/include/linux/sched.h:24:0,
                 from /home/tag/rpmbuild/BUILD/kernel-2.4.21/linux-2.4.21/include/linux/mm.h:22,
                 from /home/tag/rpmbuild/BUILD/kernel-2.4.21/linux-2.4.21/include/linux/locks.h:5,
                 from inode.c:20:
/home/tag/rpmbuild/BUILD/kernel-2.4.21/linux-2.4.21/include/linux/smp.h:31:13: error: conflicting types for 'smp_send_reschedule'
In file included from /home/tag/rpmbuild/BUILD/kernel-2.4.21/linux-2.4.21/include/linux/smp.h:16:0,
                 from /home/tag/rpmbuild/BUILD/kernel-2.4.21/linux-2.4.21/include/linux/sched.h:24,
                 from /home/tag/rpmbuild/BUILD/kernel-2.4.21/linux-2.4.21/include/linux/mm.h:22,
                 from /home/tag/rpmbuild/BUILD/kernel-2.4.21/linux-2.4.21/include/linux/locks.h:5,
                 from inode.c:20:
/home/tag/rpmbuild/BUILD/kernel-2.4.21/linux-2.4.21/include/asm/smp.h:44:13: note: previous declaration of 'smp_send_reschedule' was here
memory.c:2321:5: error: conflicting types for 'copy_user_to_kvec'
In file included from /home/tag/rpmbuild/BUILD/kernel-2.4.21/linux-2.4.21/include/linux/aio.h:5:0,
                 from /home/tag/rpmbuild/BUILD/kernel-2.4.21/linux-2.4.21/include/linux/net.h:88,
                 from /home/tag/rpmbuild/BUILD/kernel-2.4.21/linux-2.4.21/include/linux/fs.h:15,
                 from /home/tag/rpmbuild/BUILD/kernel-2.4.21/linux-2.4.21/include/linux/capability.h:17,
                 from /home/tag/rpmbuild/BUILD/kernel-2.4.21/linux-2.4.21/include/linux/binfmts.h:4,
                 from /home/tag/rpmbuild/BUILD/kernel-2.4.21/linux-2.4.21/include/linux/sched.h:10,
                 from /home/tag/rpmbuild/BUILD/kernel-2.4.21/linux-2.4.21/include/linux/mm.h:22,
                 from memory.c:39:
/home/tag/rpmbuild/BUILD/kernel-2.4.21/linux-2.4.21/include/linux/kiovec.h:122:12: note: previous declaration of 'copy_user_to_kvec' was here
/home/tag/rpmbuild/BUILD/kernel-2.4.21/linux-2.4.21/include/linux/ncp.h:174:2: warning: 'packed' attribute ignored for field of type '__u8' [-Wattributes]
In file included from /home/tag/rpmbuild/BUILD/kernel-2.4.21/linux-2.4.21/include/linux/ncp_mount.h:12:0,
                 from /home/tag/rpmbuild/BUILD/kernel-2.4.21/linux-2.4.21/include/linux/ncp_fs_sb.h:12,
                 from /home/tag/rpmbuild/BUILD/kernel-2.4.21/linux-2.4.21/include/linux/fs.h:768,
                 from /home/tag/rpmbuild/BUILD/kernel-2.4.21/linux-2.4.21/include/linux/capability.h:17,
                 from /home/tag/rpmbuild/BUILD/kernel-2.4.21/linux-2.4.21/include/linux/binfmts.h:4,
                 from /home/tag/rpmbuild/BUILD/kernel-2.4.21/linux-2.4.21/include/linux/sched.h:10,
                 from ll_rw_blk.c:14:
/home/tag/rpmbuild/BUILD/kernel-2.4.21/linux-2.4.21/include/linux/ncp.h:24:2: warning: 'packed' attribute ignored for field of type '__u8' [-Wattributes]
/home/tag/rpmbuild/BUILD/kernel-2.4.21/linux-2.4.21/include/linux/ncp.h:25:2: warning: 'packed' attribute ignored for field of type '__u8' [-Wattributes]
/home/tag/rpmbuild/BUILD/kernel-2.4.21/linux-2.4.21/include/linux/ncp.h:26:2: warning: 'packed' attribute ignored for field of type '__u8' [-Wattributes]
/home/tag/rpmbuild/BUILD/kernel-2.4.21/linux-2.4.21/include/linux/ncp.h:27:2: warning: 'packed' attribute ignored for field of type '__u8' [-Wattributes]
/home/tag/rpmbuild/BUILD/kernel-2.4.21/linux-2.4.21/include/linux/ncp.h:28:2: warning: 'packed' attribute ignored for field of type '__u8' [-Wattributes]
/home/tag/rpmbuild/BUILD/kernel-2.4.21/linux-2.4.21/include/linux/ncp.h:29:2: warning: 'packed' attribute ignored for field of type '__u8[]' [-Wattributes]
/home/tag/rpmbuild/BUILD/kernel-2.4.21/linux-2.4.21/include/linux/ncp.h:37:2: warning: 'packed' attribute ignored for field of type '__u8' [-Wattributes]
/home/tag/rpmbuild/BUILD/kernel-2.4.21/linux-2.4.21/include/linux/ncp.h:38:2: warning: 'packed' attribute ignored for field of type '__u8' [-Wattributes]
/home/tag/rpmbuild/BUILD/kernel-2.4.21/linux-2.4.21/include/linux/ncp.h:39:2: warning: 'packed' attribute ignored for field of type '__u8' [-Wattributes]
/home/tag/rpmbuild/BUILD/kernel-2.4.21/linux-2.4.21/include/linux/ncp.h:40:2: warning: 'packed' attribute ignored for field of type '__u8' [-Wattributes]
/home/tag/rpmbuild/BUILD/kernel-2.4.21/linux-2.4.21/include/linux/ncp.h:41:2: warning: 'packed' attribute ignored for field of type '__u8' [-Wattributes]
/home/tag/rpmbuild/BUILD/kernel-2.4.21/linux-2.4.21/include/linux/ncp.h:42:2: warning: 'packed' attribute ignored for field of type '__u8' [-Wattributes]
/home/tag/rpmbuild/BUILD/kernel-2.4.21/linux-2.4.21/include/linux/ncp.h:43:2: warning: 'packed' attribute ignored for field of type '__u8[]' [-Wattributes]
/home/tag/rpmbuild/BUILD/kernel-2.4.21/linux-2.4.21/include/linux/ncp.h:137:2: warning: 'packed' attribute ignored for field of type '__u8' [-Wattributes]
/home/tag/rpmbuild/BUILD/kernel-2.4.21/linux-2.4.21/include/linux/ncp.h:138:2: warning: 'packed' attribute ignored for field of type '__u8[256]' [-Wattributes]
/home/tag/rpmbuild/BUILD/kernel-2.4.21/linux-2.4.21/include/linux/ncp.h:174:2: warning: 'packed' attribute ignored for field of type '__u8' [-Wattributes]
In file included from /home/tag/rpmbuild/BUILD/kernel-2.4.21/linux-2.4.21/include/linux/spinlock.h:56:0,
                 from dma.c:15:
/home/tag/rpmbuild/BUILD/kernel-2.4.21/linux-2.4.21/include/asm/spinlock.h:9:12: error: conflicting types for 'printk'
In file included from dma.c:13:0:
/home/tag/rpmbuild/BUILD/kernel-2.4.21/linux-2.4.21/include/linux/kernel.h:97:16: note: previous declaration of 'printk' was here
In file included from /home/tag/rpmbuild/BUILD/kernel-2.4.21/linux-2.4.21/include/asm/smp.h:16:0,
                 from /home/tag/rpmbuild/BUILD/kernel-2.4.21/linux-2.4.21/include/linux/smp.h:16,
                 from /home/tag/rpmbuild/BUILD/kernel-2.4.21/linux-2.4.21/include/linux/sched.h:24,
                 from ll_rw_blk.c:14:
/home/tag/rpmbuild/BUILD/kernel-2.4.21/linux-2.4.21/include/asm/mpspec.h:87:2: warning: 'packed' attribute ignored for field of type 'unsigned char[6]' [-Wattributes]
In file included from /home/tag/rpmbuild/BUILD/kernel-2.4.21/linux-2.4.21/include/asm/smp.h:16:0,
                 from /home/tag/rpmbuild/BUILD/kernel-2.4.21/linux-2.4.21/include/linux/smp.h:16,
                 from /home/tag/rpmbuild/BUILD/kernel-2.4.21/linux-2.4.21/include/linux/sched.h:24,
                 from /home/tag/rpmbuild/BUILD/kernel-2.4.21/linux-2.4.21/include/linux/mm.h:22,
                 from /home/tag/rpmbuild/BUILD/kernel-2.4.21/linux-2.4.21/include/linux/locks.h:5,
                 from balloc.c:17:
/home/tag/rpmbuild/BUILD/kernel-2.4.21/linux-2.4.21/include/asm/mpspec.h:87:2: warning: 'packed' attribute ignored for field of type 'unsigned char[6]' [-Wattributes]
make[3]: *** [stubs.o] Error 1
In file included from /home/tag/rpmbuild/BUILD/kernel-2.4.21/linux-2.4.21/include/linux/sched.h:24:0,
                 from /home/tag/rpmbuild/BUILD/kernel-2.4.21/linux-2.4.21/include/linux/mm.h:22,
                 from /home/tag/rpmbuild/BUILD/kernel-2.4.21/linux-2.4.21/include/linux/locks.h:5,
                 from balloc.c:17:
/home/tag/rpmbuild/BUILD/kernel-2.4.21/linux-2.4.21/include/linux/smp.h:31:13: error: conflicting types for 'smp_send_reschedule'
In file included from /home/tag/rpmbuild/BUILD/kernel-2.4.21/linux-2.4.21/include/linux/smp.h:16:0,
                 from /home/tag/rpmbuild/BUILD/kernel-2.4.21/linux-2.4.21/include/linux/sched.h:24,
                 from /home/tag/rpmbuild/BUILD/kernel-2.4.21/linux-2.4.21/include/linux/mm.h:22,
                 from /home/tag/rpmbuild/BUILD/kernel-2.4.21/linux-2.4.21/include/linux/locks.h:5,
                 from balloc.c:17:
/home/tag/rpmbuild/BUILD/kernel-2.4.21/linux-2.4.21/include/asm/smp.h:44:13: note: previous declaration of 'smp_send_reschedule' was here
make[2]: *** [first_rule] Error 2
make[1]: *** [_subdir_audit] Error 2
make[1]: *** Waiting for unfinished jobs....
In file included from /home/tag/rpmbuild/BUILD/kernel-2.4.21/linux-2.4.21/include/linux/sched.h:24:0,
                 from ll_rw_blk.c:14:
/home/tag/rpmbuild/BUILD/kernel-2.4.21/linux-2.4.21/include/linux/smp.h:31:13: error: conflicting types for 'smp_send_reschedule'
In file included from /home/tag/rpmbuild/BUILD/kernel-2.4.21/linux-2.4.21/include/linux/smp.h:16:0,
                 from /home/tag/rpmbuild/BUILD/kernel-2.4.21/linux-2.4.21/include/linux/sched.h:24,
                 from ll_rw_blk.c:14:
/home/tag/rpmbuild/BUILD/kernel-2.4.21/linux-2.4.21/include/asm/smp.h:44:13: note: previous declaration of 'smp_send_reschedule' was here
In file included from /home/tag/rpmbuild/BUILD/kernel-2.4.21/linux-2.4.21/include/linux/prefetch.h:13:0,
                 from /home/tag/rpmbuild/BUILD/kernel-2.4.21/linux-2.4.21/include/linux/list.h:6,
                 from /home/tag/rpmbuild/BUILD/kernel-2.4.21/linux-2.4.21/include/linux/wait.h:14,
                 from /home/tag/rpmbuild/BUILD/kernel-2.4.21/linux-2.4.21/include/linux/fs.h:12,
                 from /home/tag/rpmbuild/BUILD/kernel-2.4.21/linux-2.4.21/include/linux/capability.h:17,
                 from /home/tag/rpmbuild/BUILD/kernel-2.4.21/linux-2.4.21/include/linux/binfmts.h:4,
                 from /home/tag/rpmbuild/BUILD/kernel-2.4.21/linux-2.4.21/include/linux/sched.h:10,
                 from /home/tag/rpmbuild/BUILD/kernel-2.4.21/linux-2.4.21/include/linux/vmalloc.h:4,
                 from /home/tag/rpmbuild/BUILD/kernel-2.4.21/linux-2.4.21/include/asm/io.h:47,
                 from /home/tag/rpmbuild/BUILD/kernel-2.4.21/linux-2.4.21/include/asm/dma.h:13,
                 from dma.c:17:
/home/tag/rpmbuild/BUILD/kernel-2.4.21/linux-2.4.21/include/asm/processor.h:85:26: error: array type has incomplete element type
In file included from /home/tag/rpmbuild/BUILD/kernel-2.4.21/linux-2.4.21/include/linux/prefetch.h:13:0,
                 from /home/tag/rpmbuild/BUILD/kernel-2.4.21/linux-2.4.21/include/linux/list.h:6,
                 from /home/tag/rpmbuild/BUILD/kernel-2.4.21/linux-2.4.21/include/linux/wait.h:14,
                 from /home/tag/rpmbuild/BUILD/kernel-2.4.21/linux-2.4.21/include/linux/fs.h:12,
                 from bitmap.c:10:
/home/tag/rpmbuild/BUILD/kernel-2.4.21/linux-2.4.21/include/asm/processor.h:85:26: error: array type has incomplete element type
In file included from /home/tag/rpmbuild/BUILD/kernel-2.4.21/linux-2.4.21/include/linux/spinlock.h:56:0,
                 from /home/tag/rpmbuild/BUILD/kernel-2.4.21/linux-2.4.21/include/linux/wait.h:16,
                 from /home/tag/rpmbuild/BUILD/kernel-2.4.21/linux-2.4.21/include/linux/fs.h:12,
                 from bitmap.c:10:
/home/tag/rpmbuild/BUILD/kernel-2.4.21/linux-2.4.21/include/asm/spinlock.h:9:12: error: conflicting types for 'printk'
In file included from /home/tag/rpmbuild/BUILD/kernel-2.4.21/linux-2.4.21/include/linux/wait.h:13:0,
                 from /home/tag/rpmbuild/BUILD/kernel-2.4.21/linux-2.4.21/include/linux/fs.h:12,
                 from bitmap.c:10:
/home/tag/rpmbuild/BUILD/kernel-2.4.21/linux-2.4.21/include/linux/kernel.h:97:16: note: previous declaration of 'printk' was here
In file included from /home/tag/rpmbuild/BUILD/kernel-2.4.21/linux-2.4.21/include/linux/fs.h:347:0,
                 from /home/tag/rpmbuild/BUILD/kernel-2.4.21/linux-2.4.21/include/linux/capability.h:17,
                 from /home/tag/rpmbuild/BUILD/kernel-2.4.21/linux-2.4.21/include/linux/binfmts.h:4,
                 from /home/tag/rpmbuild/BUILD/kernel-2.4.21/linux-2.4.21/include/linux/sched.h:10,
                 from inode.c:13:
/home/tag/rpmbuild/BUILD/kernel-2.4.21/linux-2.4.21/include/linux/ncp_fs_i.h:26:2: warning: 'packed' attribute ignored for field of type '__u8' [-Wattributes]
/home/tag/rpmbuild/BUILD/kernel-2.4.21/linux-2.4.21/include/linux/ncp_fs_i.h:27:2: warning: 'packed' attribute ignored for field of type '__u8[6]' [-Wattributes]
make[2]: *** [memory.o] Error 1
make[1]: *** [first_rule] Error 2
make: *** [_dir_mm] Error 2
In file included from /home/tag/rpmbuild/BUILD/kernel-2.4.21/linux-2.4.21/include/linux/ncp_mount.h:12:0,
                 from /home/tag/rpmbuild/BUILD/kernel-2.4.21/linux-2.4.21/include/linux/ncp_fs_sb.h:12,
                 from /home/tag/rpmbuild/BUILD/kernel-2.4.21/linux-2.4.21/include/linux/fs.h:768,
                 from /home/tag/rpmbuild/BUILD/kernel-2.4.21/linux-2.4.21/include/linux/capability.h:17,
                 from /home/tag/rpmbuild/BUILD/kernel-2.4.21/linux-2.4.21/include/linux/binfmts.h:4,
                 from /home/tag/rpmbuild/BUILD/kernel-2.4.21/linux-2.4.21/include/linux/sched.h:10,
                 from inode.c:13:
/home/tag/rpmbuild/BUILD/kernel-2.4.21/linux-2.4.21/include/linux/ncp.h:24:2: warning: 'packed' attribute ignored for field of type '__u8' [-Wattributes]
/home/tag/rpmbuild/BUILD/kernel-2.4.21/linux-2.4.21/include/linux/ncp.h:25:2: warning: 'packed' attribute ignored for field of type '__u8' [-Wattributes]
/home/tag/rpmbuild/BUILD/kernel-2.4.21/linux-2.4.21/include/linux/ncp.h:26:2: warning: 'packed' attribute ignored for field of type '__u8' [-Wattributes]
/home/tag/rpmbuild/BUILD/kernel-2.4.21/linux-2.4.21/include/linux/ncp.h:27:2: warning: 'packed' attribute ignored for field of type '__u8' [-Wattributes]
/home/tag/rpmbuild/BUILD/kernel-2.4.21/linux-2.4.21/include/linux/ncp.h:28:2: warning: 'packed' attribute ignored for field of type '__u8' [-Wattributes]
/home/tag/rpmbuild/BUILD/kernel-2.4.21/linux-2.4.21/include/linux/ncp.h:29:2: warning: 'packed' attribute ignored for field of type '__u8[]' [-Wattributes]
/home/tag/rpmbuild/BUILD/kernel-2.4.21/linux-2.4.21/include/linux/ncp.h:37:2: warning: 'packed' attribute ignored for field of type '__u8' [-Wattributes]
/home/tag/rpmbuild/BUILD/kernel-2.4.21/linux-2.4.21/include/linux/ncp.h:38:2: warning: 'packed' attribute ignored for field of type '__u8' [-Wattributes]
/home/tag/rpmbuild/BUILD/kernel-2.4.21/linux-2.4.21/include/linux/ncp.h:39:2: warning: 'packed' attribute ignored for field of type '__u8' [-Wattributes]
/home/tag/rpmbuild/BUILD/kernel-2.4.21/linux-2.4.21/include/linux/ncp.h:40:2: warning: 'packed' attribute ignored for field of type '__u8' [-Wattributes]
/home/tag/rpmbuild/BUILD/kernel-2.4.21/linux-2.4.21/include/linux/ncp.h:41:2: warning: 'packed' attribute ignored for field of type '__u8' [-Wattributes]
/home/tag/rpmbuild/BUILD/kernel-2.4.21/linux-2.4.21/include/linux/ncp.h:42:2: warning: 'packed' attribute ignored for field of type '__u8' [-Wattributes]
/home/tag/rpmbuild/BUILD/kernel-2.4.21/linux-2.4.21/include/linux/ncp.h:43:2: warning: 'packed' attribute ignored for field of type '__u8[]' [-Wattributes]
/home/tag/rpmbuild/BUILD/kernel-2.4.21/linux-2.4.21/include/linux/ncp.h:137:2: warning: 'packed' attribute ignored for field of type '__u8' [-Wattributes]
/home/tag/rpmbuild/BUILD/kernel-2.4.21/linux-2.4.21/include/linux/ncp.h:138:2: warning: 'packed' attribute ignored for field of type '__u8[256]' [-Wattributes]
In file included from /home/tag/rpmbuild/BUILD/kernel-2.4.21/linux-2.4.21/include/linux/fs.h:347:0,
                 from /home/tag/rpmbuild/BUILD/kernel-2.4.21/linux-2.4.21/include/linux/capability.h:17,
                 from /home/tag/rpmbuild/BUILD/kernel-2.4.21/linux-2.4.21/include/linux/binfmts.h:4,
                 from /home/tag/rpmbuild/BUILD/kernel-2.4.21/linux-2.4.21/include/linux/sched.h:10,
                 from /home/tag/rpmbuild/BUILD/kernel-2.4.21/linux-2.4.21/include/linux/vmalloc.h:4,
                 from /home/tag/rpmbuild/BUILD/kernel-2.4.21/linux-2.4.21/include/asm/io.h:47,
                 from /home/tag/rpmbuild/BUILD/kernel-2.4.21/linux-2.4.21/include/asm/dma.h:13,
                 from dma.c:17:
/home/tag/rpmbuild/BUILD/kernel-2.4.21/linux-2.4.21/include/linux/ncp_fs_i.h:26:2: warning: 'packed' attribute ignored for field of type '__u8' [-Wattributes]
/home/tag/rpmbuild/BUILD/kernel-2.4.21/linux-2.4.21/include/linux/ncp_fs_i.h:27:2: warning: 'packed' attribute ignored for field of type '__u8[6]' [-Wattributes]
/home/tag/rpmbuild/BUILD/kernel-2.4.21/linux-2.4.21/include/linux/ncp.h:174:2: warning: 'packed' attribute ignored for field of type '__u8' [-Wattributes]
In file included from /home/tag/rpmbuild/BUILD/kernel-2.4.21/linux-2.4.21/include/linux/prefetch.h:13:0,
                 from /home/tag/rpmbuild/BUILD/kernel-2.4.21/linux-2.4.21/include/linux/list.h:6,
                 from /home/tag/rpmbuild/BUILD/kernel-2.4.21/linux-2.4.21/include/linux/wait.h:14,
                 from /home/tag/rpmbuild/BUILD/kernel-2.4.21/linux-2.4.21/include/linux/fs.h:12,
                 from dir.c:24:
/home/tag/rpmbuild/BUILD/kernel-2.4.21/linux-2.4.21/include/asm/processor.h:85:26: error: array type has incomplete element type
In file included from /home/tag/rpmbuild/BUILD/kernel-2.4.21/linux-2.4.21/include/linux/spinlock.h:56:0,
                 from /home/tag/rpmbuild/BUILD/kernel-2.4.21/linux-2.4.21/include/linux/wait.h:16,
                 from /home/tag/rpmbuild/BUILD/kernel-2.4.21/linux-2.4.21/include/linux/fs.h:12,
                 from dir.c:24:
/home/tag/rpmbuild/BUILD/kernel-2.4.21/linux-2.4.21/include/asm/spinlock.h:9:12: error: conflicting types for 'printk'
In file included from /home/tag/rpmbuild/BUILD/kernel-2.4.21/linux-2.4.21/include/linux/wait.h:13:0,
                 from /home/tag/rpmbuild/BUILD/kernel-2.4.21/linux-2.4.21/include/linux/fs.h:12,
                 from dir.c:24:
/home/tag/rpmbuild/BUILD/kernel-2.4.21/linux-2.4.21/include/linux/kernel.h:97:16: note: previous declaration of 'printk' was here
In file included from /home/tag/rpmbuild/BUILD/kernel-2.4.21/linux-2.4.21/include/linux/fs.h:347:0,
                 from bitmap.c:10:
/home/tag/rpmbuild/BUILD/kernel-2.4.21/linux-2.4.21/include/linux/ncp_fs_i.h:26:2: warning: 'packed' attribute ignored for field of type '__u8' [-Wattributes]
/home/tag/rpmbuild/BUILD/kernel-2.4.21/linux-2.4.21/include/linux/ncp_fs_i.h:27:2: warning: 'packed' attribute ignored for field of type '__u8[6]' [-Wattributes]
make[3]: *** [balloc.o] Error 1
make[3]: *** Waiting for unfinished jobs....
In file included from /home/tag/rpmbuild/BUILD/kernel-2.4.21/linux-2.4.21/include/asm/smp.h:16:0,
                 from /home/tag/rpmbuild/BUILD/kernel-2.4.21/linux-2.4.21/include/linux/smp.h:16,
                 from /home/tag/rpmbuild/BUILD/kernel-2.4.21/linux-2.4.21/include/linux/sched.h:24,
                 from inode.c:13:
/home/tag/rpmbuild/BUILD/kernel-2.4.21/linux-2.4.21/include/asm/mpspec.h:87:2: warning: 'packed' attribute ignored for field of type 'unsigned char[6]' [-Wattributes]
In file included from /home/tag/rpmbuild/BUILD/kernel-2.4.21/linux-2.4.21/include/linux/ncp_mount.h:12:0,
                 from /home/tag/rpmbuild/BUILD/kernel-2.4.21/linux-2.4.21/include/linux/ncp_fs_sb.h:12,
                 from /home/tag/rpmbuild/BUILD/kernel-2.4.21/linux-2.4.21/include/linux/fs.h:768,
                 from /home/tag/rpmbuild/BUILD/kernel-2.4.21/linux-2.4.21/include/linux/capability.h:17,
                 from /home/tag/rpmbuild/BUILD/kernel-2.4.21/linux-2.4.21/include/linux/binfmts.h:4,
                 from /home/tag/rpmbuild/BUILD/kernel-2.4.21/linux-2.4.21/include/linux/sched.h:10,
                 from /home/tag/rpmbuild/BUILD/kernel-2.4.21/linux-2.4.21/include/linux/vmalloc.h:4,
                 from /home/tag/rpmbuild/BUILD/kernel-2.4.21/linux-2.4.21/include/asm/io.h:47,
                 from /home/tag/rpmbuild/BUILD/kernel-2.4.21/linux-2.4.21/include/asm/dma.h:13,
                 from dma.c:17:
/home/tag/rpmbuild/BUILD/kernel-2.4.21/linux-2.4.21/include/linux/ncp.h:24:2: warning: 'packed' attribute ignored for field of type '__u8' [-Wattributes]
/home/tag/rpmbuild/BUILD/kernel-2.4.21/linux-2.4.21/include/linux/ncp.h:25:2: warning: 'packed' attribute ignored for field of type '__u8' [-Wattributes]
/home/tag/rpmbuild/BUILD/kernel-2.4.21/linux-2.4.21/include/linux/ncp.h:26:2: warning: 'packed' attribute ignored for field of type '__u8' [-Wattributes]
/home/tag/rpmbuild/BUILD/kernel-2.4.21/linux-2.4.21/include/linux/ncp.h:27:2: warning: 'packed' attribute ignored for field of type '__u8' [-Wattributes]
/home/tag/rpmbuild/BUILD/kernel-2.4.21/linux-2.4.21/include/linux/ncp.h:28:2: warning: 'packed' attribute ignored for field of type '__u8' [-Wattributes]
/home/tag/rpmbuild/BUILD/kernel-2.4.21/linux-2.4.21/include/linux/ncp.h:29:2: warning: 'packed' attribute ignored for field of type '__u8[]' [-Wattributes]
/home/tag/rpmbuild/BUILD/kernel-2.4.21/linux-2.4.21/include/linux/ncp.h:37:2: warning: 'packed' attribute ignored for field of type '__u8' [-Wattributes]
/home/tag/rpmbuild/BUILD/kernel-2.4.21/linux-2.4.21/include/linux/ncp.h:38:2: warning: 'packed' attribute ignored for field of type '__u8' [-Wattributes]
/home/tag/rpmbuild/BUILD/kernel-2.4.21/linux-2.4.21/include/linux/ncp.h:39:2: warning: 'packed' attribute ignored for field of type '__u8' [-Wattributes]
/home/tag/rpmbuild/BUILD/kernel-2.4.21/linux-2.4.21/include/linux/ncp.h:40:2: warning: 'packed' attribute ignored for field of type '__u8' [-Wattributes]
/home/tag/rpmbuild/BUILD/kernel-2.4.21/linux-2.4.21/include/linux/ncp.h:41:2: warning: 'packed' attribute ignored for field of type '__u8' [-Wattributes]
/home/tag/rpmbuild/BUILD/kernel-2.4.21/linux-2.4.21/include/linux/ncp.h:42:2: warning: 'packed' attribute ignored for field of type '__u8' [-Wattributes]
/home/tag/rpmbuild/BUILD/kernel-2.4.21/linux-2.4.21/include/linux/ncp.h:43:2: warning: 'packed' attribute ignored for field of type '__u8[]' [-Wattributes]
/home/tag/rpmbuild/BUILD/kernel-2.4.21/linux-2.4.21/include/linux/ncp.h:137:2: warning: 'packed' attribute ignored for field of type '__u8' [-Wattributes]
/home/tag/rpmbuild/BUILD/kernel-2.4.21/linux-2.4.21/include/linux/ncp.h:138:2: warning: 'packed' attribute ignored for field of type '__u8[256]' [-Wattributes]
/home/tag/rpmbuild/BUILD/kernel-2.4.21/linux-2.4.21/include/linux/ncp.h:174:2: warning: 'packed' attribute ignored for field of type '__u8' [-Wattributes]
In file included from /home/tag/rpmbuild/BUILD/kernel-2.4.21/linux-2.4.21/include/linux/sched.h:24:0,
                 from inode.c:13:
/home/tag/rpmbuild/BUILD/kernel-2.4.21/linux-2.4.21/include/linux/smp.h:31:13: error: conflicting types for 'smp_send_reschedule'
In file included from /home/tag/rpmbuild/BUILD/kernel-2.4.21/linux-2.4.21/include/linux/smp.h:16:0,
                 from /home/tag/rpmbuild/BUILD/kernel-2.4.21/linux-2.4.21/include/linux/sched.h:24,
                 from inode.c:13:
/home/tag/rpmbuild/BUILD/kernel-2.4.21/linux-2.4.21/include/asm/smp.h:44:13: note: previous declaration of 'smp_send_reschedule' was here
make[3]: *** [inode.o] Error 1
make[2]: *** [first_rule] Error 2
make[1]: *** [_subdir_devpts] Error 2
make[1]: *** Waiting for unfinished jobs....
In file included from /home/tag/rpmbuild/BUILD/kernel-2.4.21/linux-2.4.21/include/linux/ncp_mount.h:12:0,
                 from /home/tag/rpmbuild/BUILD/kernel-2.4.21/linux-2.4.21/include/linux/ncp_fs_sb.h:12,
                 from /home/tag/rpmbuild/BUILD/kernel-2.4.21/linux-2.4.21/include/linux/fs.h:768,
                 from bitmap.c:10:
/home/tag/rpmbuild/BUILD/kernel-2.4.21/linux-2.4.21/include/linux/ncp.h:24:2: warning: 'packed' attribute ignored for field of type '__u8' [-Wattributes]
/home/tag/rpmbuild/BUILD/kernel-2.4.21/linux-2.4.21/include/linux/ncp.h:25:2: warning: 'packed' attribute ignored for field of type '__u8' [-Wattributes]
/home/tag/rpmbuild/BUILD/kernel-2.4.21/linux-2.4.21/include/linux/ncp.h:26:2: warning: 'packed' attribute ignored for field of type '__u8' [-Wattributes]
/home/tag/rpmbuild/BUILD/kernel-2.4.21/linux-2.4.21/include/linux/ncp.h:27:2: warning: 'packed' attribute ignored for field of type '__u8' [-Wattributes]
/home/tag/rpmbuild/BUILD/kernel-2.4.21/linux-2.4.21/include/linux/ncp.h:28:2: warning: 'packed' attribute ignored for field of type '__u8' [-Wattributes]
/home/tag/rpmbuild/BUILD/kernel-2.4.21/linux-2.4.21/include/linux/ncp.h:29:2: warning: 'packed' attribute ignored for field of type '__u8[]' [-Wattributes]
/home/tag/rpmbuild/BUILD/kernel-2.4.21/linux-2.4.21/include/linux/ncp.h:37:2: warning: 'packed' attribute ignored for field of type '__u8' [-Wattributes]
/home/tag/rpmbuild/BUILD/kernel-2.4.21/linux-2.4.21/include/linux/ncp.h:38:2: warning: 'packed' attribute ignored for field of type '__u8' [-Wattributes]
/home/tag/rpmbuild/BUILD/kernel-2.4.21/linux-2.4.21/include/linux/ncp.h:39:2: warning: 'packed' attribute ignored for field of type '__u8' [-Wattributes]
/home/tag/rpmbuild/BUILD/kernel-2.4.21/linux-2.4.21/include/linux/ncp.h:40:2: warning: 'packed' attribute ignored for field of type '__u8' [-Wattributes]
/home/tag/rpmbuild/BUILD/kernel-2.4.21/linux-2.4.21/include/linux/ncp.h:41:2: warning: 'packed' attribute ignored for field of type '__u8' [-Wattributes]
/home/tag/rpmbuild/BUILD/kernel-2.4.21/linux-2.4.21/include/linux/ncp.h:42:2: warning: 'packed' attribute ignored for field of type '__u8' [-Wattributes]
/home/tag/rpmbuild/BUILD/kernel-2.4.21/linux-2.4.21/include/linux/ncp.h:43:2: warning: 'packed' attribute ignored for field of type '__u8[]' [-Wattributes]
/home/tag/rpmbuild/BUILD/kernel-2.4.21/linux-2.4.21/include/linux/ncp.h:137:2: warning: 'packed' attribute ignored for field of type '__u8' [-Wattributes]
/home/tag/rpmbuild/BUILD/kernel-2.4.21/linux-2.4.21/include/linux/ncp.h:138:2: warning: 'packed' attribute ignored for field of type '__u8[256]' [-Wattributes]
/home/tag/rpmbuild/BUILD/kernel-2.4.21/linux-2.4.21/include/linux/ncp.h:174:2: warning: 'packed' attribute ignored for field of type '__u8' [-Wattributes]
In file included from /home/tag/rpmbuild/BUILD/kernel-2.4.21/linux-2.4.21/include/linux/fs.h:347:0,
                 from dir.c:24:
/home/tag/rpmbuild/BUILD/kernel-2.4.21/linux-2.4.21/include/linux/ncp_fs_i.h:26:2: warning: 'packed' attribute ignored for field of type '__u8' [-Wattributes]
/home/tag/rpmbuild/BUILD/kernel-2.4.21/linux-2.4.21/include/linux/ncp_fs_i.h:27:2: warning: 'packed' attribute ignored for field of type '__u8[6]' [-Wattributes]
In file included from /home/tag/rpmbuild/BUILD/kernel-2.4.21/linux-2.4.21/include/linux/prefetch.h:13:0,
                 from /home/tag/rpmbuild/BUILD/kernel-2.4.21/linux-2.4.21/include/linux/list.h:6,
                 from /home/tag/rpmbuild/BUILD/kernel-2.4.21/linux-2.4.21/include/linux/wait.h:14,
                 from /home/tag/rpmbuild/BUILD/kernel-2.4.21/linux-2.4.21/include/linux/fs.h:12,
                 from /home/tag/rpmbuild/BUILD/kernel-2.4.21/linux-2.4.21/include/linux/capability.h:17,
                 from /home/tag/rpmbuild/BUILD/kernel-2.4.21/linux-2.4.21/include/linux/binfmts.h:4,
                 from /home/tag/rpmbuild/BUILD/kernel-2.4.21/linux-2.4.21/include/linux/sched.h:10,
                 from namei.c:9:
/home/tag/rpmbuild/BUILD/kernel-2.4.21/linux-2.4.21/include/asm/processor.h:85:26: error: array type has incomplete element type
In file included from /home/tag/rpmbuild/BUILD/kernel-2.4.21/linux-2.4.21/include/linux/spinlock.h:56:0,
                 from /home/tag/rpmbuild/BUILD/kernel-2.4.21/linux-2.4.21/include/linux/wait.h:16,
                 from /home/tag/rpmbuild/BUILD/kernel-2.4.21/linux-2.4.21/include/linux/fs.h:12,
                 from /home/tag/rpmbuild/BUILD/kernel-2.4.21/linux-2.4.21/include/linux/capability.h:17,
                 from /home/tag/rpmbuild/BUILD/kernel-2.4.21/linux-2.4.21/include/linux/binfmts.h:4,
                 from /home/tag/rpmbuild/BUILD/kernel-2.4.21/linux-2.4.21/include/linux/sched.h:10,
                 from namei.c:9:
/home/tag/rpmbuild/BUILD/kernel-2.4.21/linux-2.4.21/include/asm/spinlock.h:9:12: error: conflicting types for 'printk'
In file included from /home/tag/rpmbuild/BUILD/kernel-2.4.21/linux-2.4.21/include/linux/wait.h:13:0,
                 from /home/tag/rpmbuild/BUILD/kernel-2.4.21/linux-2.4.21/include/linux/fs.h:12,
                 from /home/tag/rpmbuild/BUILD/kernel-2.4.21/linux-2.4.21/include/linux/capability.h:17,
                 from /home/tag/rpmbuild/BUILD/kernel-2.4.21/linux-2.4.21/include/linux/binfmts.h:4,
                 from /home/tag/rpmbuild/BUILD/kernel-2.4.21/linux-2.4.21/include/linux/sched.h:10,
                 from namei.c:9:
/home/tag/rpmbuild/BUILD/kernel-2.4.21/linux-2.4.21/include/linux/kernel.h:97:16: note: previous declaration of 'printk' was here
In file included from /home/tag/rpmbuild/BUILD/kernel-2.4.21/linux-2.4.21/include/asm/smp.h:16:0,
                 from /home/tag/rpmbuild/BUILD/kernel-2.4.21/linux-2.4.21/include/linux/smp.h:16,
                 from /home/tag/rpmbuild/BUILD/kernel-2.4.21/linux-2.4.21/include/linux/sched.h:24,
                 from /home/tag/rpmbuild/BUILD/kernel-2.4.21/linux-2.4.21/include/linux/vmalloc.h:4,
                 from /home/tag/rpmbuild/BUILD/kernel-2.4.21/linux-2.4.21/include/asm/io.h:47,
                 from /home/tag/rpmbuild/BUILD/kernel-2.4.21/linux-2.4.21/include/asm/dma.h:13,
                 from dma.c:17:
/home/tag/rpmbuild/BUILD/kernel-2.4.21/linux-2.4.21/include/asm/mpspec.h:87:2: warning: 'packed' attribute ignored for field of type 'unsigned char[6]' [-Wattributes]
In file included from /home/tag/rpmbuild/BUILD/kernel-2.4.21/linux-2.4.21/include/linux/ncp_mount.h:12:0,
                 from /home/tag/rpmbuild/BUILD/kernel-2.4.21/linux-2.4.21/include/linux/ncp_fs_sb.h:12,
                 from /home/tag/rpmbuild/BUILD/kernel-2.4.21/linux-2.4.21/include/linux/fs.h:768,
                 from dir.c:24:
/home/tag/rpmbuild/BUILD/kernel-2.4.21/linux-2.4.21/include/linux/ncp.h:24:2: warning: 'packed' attribute ignored for field of type '__u8' [-Wattributes]
/home/tag/rpmbuild/BUILD/kernel-2.4.21/linux-2.4.21/include/linux/ncp.h:25:2: warning: 'packed' attribute ignored for field of type '__u8' [-Wattributes]
/home/tag/rpmbuild/BUILD/kernel-2.4.21/linux-2.4.21/include/linux/ncp.h:26:2: warning: 'packed' attribute ignored for field of type '__u8' [-Wattributes]
/home/tag/rpmbuild/BUILD/kernel-2.4.21/linux-2.4.21/include/linux/ncp.h:27:2: warning: 'packed' attribute ignored for field of type '__u8' [-Wattributes]
/home/tag/rpmbuild/BUILD/kernel-2.4.21/linux-2.4.21/include/linux/ncp.h:28:2: warning: 'packed' attribute ignored for field of type '__u8' [-Wattributes]
/home/tag/rpmbuild/BUILD/kernel-2.4.21/linux-2.4.21/include/linux/ncp.h:29:2: warning: 'packed' attribute ignored for field of type '__u8[]' [-Wattributes]
/home/tag/rpmbuild/BUILD/kernel-2.4.21/linux-2.4.21/include/linux/ncp.h:37:2: warning: 'packed' attribute ignored for field of type '__u8' [-Wattributes]
/home/tag/rpmbuild/BUILD/kernel-2.4.21/linux-2.4.21/include/linux/ncp.h:38:2: warning: 'packed' attribute ignored for field of type '__u8' [-Wattributes]
/home/tag/rpmbuild/BUILD/kernel-2.4.21/linux-2.4.21/include/linux/ncp.h:39:2: warning: 'packed' attribute ignored for field of type '__u8' [-Wattributes]
/home/tag/rpmbuild/BUILD/kernel-2.4.21/linux-2.4.21/include/linux/ncp.h:40:2: warning: 'packed' attribute ignored for field of type '__u8' [-Wattributes]
/home/tag/rpmbuild/BUILD/kernel-2.4.21/linux-2.4.21/include/linux/ncp.h:41:2: warning: 'packed' attribute ignored for field of type '__u8' [-Wattributes]
/home/tag/rpmbuild/BUILD/kernel-2.4.21/linux-2.4.21/include/linux/ncp.h:42:2: warning: 'packed' attribute ignored for field of type '__u8' [-Wattributes]
/home/tag/rpmbuild/BUILD/kernel-2.4.21/linux-2.4.21/include/linux/ncp.h:43:2: warning: 'packed' attribute ignored for field of type '__u8[]' [-Wattributes]
/home/tag/rpmbuild/BUILD/kernel-2.4.21/linux-2.4.21/include/linux/ncp.h:137:2: warning: 'packed' attribute ignored for field of type '__u8' [-Wattributes]
/home/tag/rpmbuild/BUILD/kernel-2.4.21/linux-2.4.21/include/linux/ncp.h:138:2: warning: 'packed' attribute ignored for field of type '__u8[256]' [-Wattributes]
/home/tag/rpmbuild/BUILD/kernel-2.4.21/linux-2.4.21/include/linux/ncp.h:174:2: warning: 'packed' attribute ignored for field of type '__u8' [-Wattributes]
In file included from /home/tag/rpmbuild/BUILD/kernel-2.4.21/linux-2.4.21/include/linux/sched.h:24:0,
                 from /home/tag/rpmbuild/BUILD/kernel-2.4.21/linux-2.4.21/include/linux/vmalloc.h:4,
                 from /home/tag/rpmbuild/BUILD/kernel-2.4.21/linux-2.4.21/include/asm/io.h:47,
                 from /home/tag/rpmbuild/BUILD/kernel-2.4.21/linux-2.4.21/include/asm/dma.h:13,
                 from dma.c:17:
/home/tag/rpmbuild/BUILD/kernel-2.4.21/linux-2.4.21/include/linux/smp.h:31:13: error: conflicting types for 'smp_send_reschedule'
In file included from /home/tag/rpmbuild/BUILD/kernel-2.4.21/linux-2.4.21/include/linux/smp.h:16:0,
                 from /home/tag/rpmbuild/BUILD/kernel-2.4.21/linux-2.4.21/include/linux/sched.h:24,
                 from /home/tag/rpmbuild/BUILD/kernel-2.4.21/linux-2.4.21/include/linux/vmalloc.h:4,
                 from /home/tag/rpmbuild/BUILD/kernel-2.4.21/linux-2.4.21/include/asm/io.h:47,
                 from /home/tag/rpmbuild/BUILD/kernel-2.4.21/linux-2.4.21/include/asm/dma.h:13,
                 from dma.c:17:
/home/tag/rpmbuild/BUILD/kernel-2.4.21/linux-2.4.21/include/asm/smp.h:44:13: note: previous declaration of 'smp_send_reschedule' was here
In file included from /home/tag/rpmbuild/BUILD/kernel-2.4.21/linux-2.4.21/include/linux/prefetch.h:13:0,
                 from /home/tag/rpmbuild/BUILD/kernel-2.4.21/linux-2.4.21/include/linux/list.h:6,
                 from /home/tag/rpmbuild/BUILD/kernel-2.4.21/linux-2.4.21/include/linux/module.h:12,
                 from inode.c:13:
/home/tag/rpmbuild/BUILD/kernel-2.4.21/linux-2.4.21/include/asm/processor.h:85:26: error: array type has incomplete element type
ll_rw_blk.c: In function 'submit_bh_linked':
ll_rw_blk.c:1419:23: error: lvalue required as left operand of assignment
ll_rw_blk.c:1476:27: error: lvalue required as left operand of assignment
make[3]: *** [bitmap.o] Error 1
In file included from /home/tag/rpmbuild/BUILD/kernel-2.4.21/linux-2.4.21/include/linux/wait.h:13:0,
                 from /home/tag/rpmbuild/BUILD/kernel-2.4.21/linux-2.4.21/include/linux/fs.h:12,
                 from /home/tag/rpmbuild/BUILD/kernel-2.4.21/linux-2.4.21/include/linux/capability.h:17,
                 from /home/tag/rpmbuild/BUILD/kernel-2.4.21/linux-2.4.21/include/linux/binfmts.h:4,
                 from /home/tag/rpmbuild/BUILD/kernel-2.4.21/linux-2.4.21/include/linux/sched.h:10,
                 from inode.c:16:
/home/tag/rpmbuild/BUILD/kernel-2.4.21/linux-2.4.21/include/linux/kernel.h:97:16: error: conflicting types for 'printk'
In file included from /home/tag/rpmbuild/BUILD/kernel-2.4.21/linux-2.4.21/include/linux/spinlock.h:56:0,
                 from /home/tag/rpmbuild/BUILD/kernel-2.4.21/linux-2.4.21/include/linux/module.h:11,
                 from inode.c:13:
/home/tag/rpmbuild/BUILD/kernel-2.4.21/linux-2.4.21/include/asm/spinlock.h:9:12: note: previous declaration of 'printk' was here
In file included from /home/tag/rpmbuild/BUILD/kernel-2.4.21/linux-2.4.21/include/asm/smp.h:16:0,
                 from /home/tag/rpmbuild/BUILD/kernel-2.4.21/linux-2.4.21/include/linux/smp.h:16,
                 from /home/tag/rpmbuild/BUILD/kernel-2.4.21/linux-2.4.21/include/linux/sched.h:24,
                 from /home/tag/rpmbuild/BUILD/kernel-2.4.21/linux-2.4.21/include/linux/mm.h:22,
                 from /home/tag/rpmbuild/BUILD/kernel-2.4.21/linux-2.4.21/include/linux/pagemap.h:10,
                 from dir.c:26:
/home/tag/rpmbuild/BUILD/kernel-2.4.21/linux-2.4.21/include/asm/mpspec.h:87:2: warning: 'packed' attribute ignored for field of type 'unsigned char[6]' [-Wattributes]
In file included from /home/tag/rpmbuild/BUILD/kernel-2.4.21/linux-2.4.21/include/linux/sched.h:24:0,
                 from /home/tag/rpmbuild/BUILD/kernel-2.4.21/linux-2.4.21/include/linux/mm.h:22,
                 from /home/tag/rpmbuild/BUILD/kernel-2.4.21/linux-2.4.21/include/linux/pagemap.h:10,
                 from dir.c:26:
/home/tag/rpmbuild/BUILD/kernel-2.4.21/linux-2.4.21/include/linux/smp.h:31:13: error: conflicting types for 'smp_send_reschedule'
In file included from /home/tag/rpmbuild/BUILD/kernel-2.4.21/linux-2.4.21/include/linux/smp.h:16:0,
                 from /home/tag/rpmbuild/BUILD/kernel-2.4.21/linux-2.4.21/include/linux/sched.h:24,
                 from /home/tag/rpmbuild/BUILD/kernel-2.4.21/linux-2.4.21/include/linux/mm.h:22,
                 from /home/tag/rpmbuild/BUILD/kernel-2.4.21/linux-2.4.21/include/linux/pagemap.h:10,
                 from dir.c:26:
/home/tag/rpmbuild/BUILD/kernel-2.4.21/linux-2.4.21/include/asm/smp.h:44:13: note: previous declaration of 'smp_send_reschedule' was here
In file included from /home/tag/rpmbuild/BUILD/kernel-2.4.21/linux-2.4.21/include/linux/fs.h:347:0,
                 from /home/tag/rpmbuild/BUILD/kernel-2.4.21/linux-2.4.21/include/linux/capability.h:17,
                 from /home/tag/rpmbuild/BUILD/kernel-2.4.21/linux-2.4.21/include/linux/binfmts.h:4,
                 from /home/tag/rpmbuild/BUILD/kernel-2.4.21/linux-2.4.21/include/linux/sched.h:10,
                 from namei.c:9:
/home/tag/rpmbuild/BUILD/kernel-2.4.21/linux-2.4.21/include/linux/ncp_fs_i.h:26:2: warning: 'packed' attribute ignored for field of type '__u8' [-Wattributes]
/home/tag/rpmbuild/BUILD/kernel-2.4.21/linux-2.4.21/include/linux/ncp_fs_i.h:27:2: warning: 'packed' attribute ignored for field of type '__u8[6]' [-Wattributes]
In file included from /home/tag/rpmbuild/BUILD/kernel-2.4.21/linux-2.4.21/include/linux/ncp_mount.h:12:0,
                 from /home/tag/rpmbuild/BUILD/kernel-2.4.21/linux-2.4.21/include/linux/ncp_fs_sb.h:12,
                 from /home/tag/rpmbuild/BUILD/kernel-2.4.21/linux-2.4.21/include/linux/fs.h:768,
                 from /home/tag/rpmbuild/BUILD/kernel-2.4.21/linux-2.4.21/include/linux/capability.h:17,
                 from /home/tag/rpmbuild/BUILD/kernel-2.4.21/linux-2.4.21/include/linux/binfmts.h:4,
                 from /home/tag/rpmbuild/BUILD/kernel-2.4.21/linux-2.4.21/include/linux/sched.h:10,
                 from namei.c:9:
/home/tag/rpmbuild/BUILD/kernel-2.4.21/linux-2.4.21/include/linux/ncp.h:24:2: warning: 'packed' attribute ignored for field of type '__u8' [-Wattributes]
/home/tag/rpmbuild/BUILD/kernel-2.4.21/linux-2.4.21/include/linux/ncp.h:25:2: warning: 'packed' attribute ignored for field of type '__u8' [-Wattributes]
/home/tag/rpmbuild/BUILD/kernel-2.4.21/linux-2.4.21/include/linux/ncp.h:26:2: warning: 'packed' attribute ignored for field of type '__u8' [-Wattributes]
/home/tag/rpmbuild/BUILD/kernel-2.4.21/linux-2.4.21/include/linux/ncp.h:27:2: warning: 'packed' attribute ignored for field of type '__u8' [-Wattributes]
/home/tag/rpmbuild/BUILD/kernel-2.4.21/linux-2.4.21/include/linux/ncp.h:28:2: warning: 'packed' attribute ignored for field of type '__u8' [-Wattributes]
/home/tag/rpmbuild/BUILD/kernel-2.4.21/linux-2.4.21/include/linux/ncp.h:29:2: warning: 'packed' attribute ignored for field of type '__u8[]' [-Wattributes]
/home/tag/rpmbuild/BUILD/kernel-2.4.21/linux-2.4.21/include/linux/ncp.h:37:2: warning: 'packed' attribute ignored for field of type '__u8' [-Wattributes]
/home/tag/rpmbuild/BUILD/kernel-2.4.21/linux-2.4.21/include/linux/ncp.h:38:2: warning: 'packed' attribute ignored for field of type '__u8' [-Wattributes]
/home/tag/rpmbuild/BUILD/kernel-2.4.21/linux-2.4.21/include/linux/ncp.h:39:2: warning: 'packed' attribute ignored for field of type '__u8' [-Wattributes]
/home/tag/rpmbuild/BUILD/kernel-2.4.21/linux-2.4.21/include/linux/ncp.h:40:2: warning: 'packed' attribute ignored for field of type '__u8' [-Wattributes]
/home/tag/rpmbuild/BUILD/kernel-2.4.21/linux-2.4.21/include/linux/ncp.h:41:2: warning: 'packed' attribute ignored for field of type '__u8' [-Wattributes]
/home/tag/rpmbuild/BUILD/kernel-2.4.21/linux-2.4.21/include/linux/ncp.h:42:2: warning: 'packed' attribute ignored for field of type '__u8' [-Wattributes]
/home/tag/rpmbuild/BUILD/kernel-2.4.21/linux-2.4.21/include/linux/ncp.h:43:2: warning: 'packed' attribute ignored for field of type '__u8[]' [-Wattributes]
/home/tag/rpmbuild/BUILD/kernel-2.4.21/linux-2.4.21/include/linux/ncp.h:137:2: warning: 'packed' attribute ignored for field of type '__u8' [-Wattributes]
/home/tag/rpmbuild/BUILD/kernel-2.4.21/linux-2.4.21/include/linux/ncp.h:138:2: warning: 'packed' attribute ignored for field of type '__u8[256]' [-Wattributes]
/home/tag/rpmbuild/BUILD/kernel-2.4.21/linux-2.4.21/include/linux/ncp.h:174:2: warning: 'packed' attribute ignored for field of type '__u8' [-Wattributes]
In file included from /home/tag/rpmbuild/BUILD/kernel-2.4.21/linux-2.4.21/include/linux/fs.h:347:0,
                 from /home/tag/rpmbuild/BUILD/kernel-2.4.21/linux-2.4.21/include/linux/capability.h:17,
                 from /home/tag/rpmbuild/BUILD/kernel-2.4.21/linux-2.4.21/include/linux/binfmts.h:4,
                 from /home/tag/rpmbuild/BUILD/kernel-2.4.21/linux-2.4.21/include/linux/sched.h:10,
                 from inode.c:16:
/home/tag/rpmbuild/BUILD/kernel-2.4.21/linux-2.4.21/include/linux/ncp_fs_i.h:26:2: warning: 'packed' attribute ignored for field of type '__u8' [-Wattributes]
/home/tag/rpmbuild/BUILD/kernel-2.4.21/linux-2.4.21/include/linux/ncp_fs_i.h:27:2: warning: 'packed' attribute ignored for field of type '__u8[6]' [-Wattributes]
In file included from /home/tag/rpmbuild/BUILD/kernel-2.4.21/linux-2.4.21/include/linux/prefetch.h:13:0,
                 from /home/tag/rpmbuild/BUILD/kernel-2.4.21/linux-2.4.21/include/linux/list.h:6,
                 from /home/tag/rpmbuild/BUILD/kernel-2.4.21/linux-2.4.21/include/linux/module.h:12,
                 from nls_base.c:12:
/home/tag/rpmbuild/BUILD/kernel-2.4.21/linux-2.4.21/include/asm/processor.h:85:26: error: array type has incomplete element type
In file included from /home/tag/rpmbuild/BUILD/kernel-2.4.21/linux-2.4.21/include/asm/smp.h:16:0,
                 from /home/tag/rpmbuild/BUILD/kernel-2.4.21/linux-2.4.21/include/linux/smp.h:16,
                 from /home/tag/rpmbuild/BUILD/kernel-2.4.21/linux-2.4.21/include/linux/sched.h:24,
                 from namei.c:9:
/home/tag/rpmbuild/BUILD/kernel-2.4.21/linux-2.4.21/include/asm/mpspec.h:87:2: warning: 'packed' attribute ignored for field of type 'unsigned char[6]' [-Wattributes]
make[3]: *** [ll_rw_blk.o] Error 1
make[3]: *** Waiting for unfinished jobs....
In file included from /home/tag/rpmbuild/BUILD/kernel-2.4.21/linux-2.4.21/include/linux/sched.h:24:0,
                 from namei.c:9:
/home/tag/rpmbuild/BUILD/kernel-2.4.21/linux-2.4.21/include/linux/smp.h:31:13: error: conflicting types for 'smp_send_reschedule'
In file included from /home/tag/rpmbuild/BUILD/kernel-2.4.21/linux-2.4.21/include/linux/smp.h:16:0,
                 from /home/tag/rpmbuild/BUILD/kernel-2.4.21/linux-2.4.21/include/linux/sched.h:24,
                 from namei.c:9:
/home/tag/rpmbuild/BUILD/kernel-2.4.21/linux-2.4.21/include/asm/smp.h:44:13: note: previous declaration of 'smp_send_reschedule' was here
In file included from /home/tag/rpmbuild/BUILD/kernel-2.4.21/linux-2.4.21/include/linux/prefetch.h:13:0,
                 from /home/tag/rpmbuild/BUILD/kernel-2.4.21/linux-2.4.21/include/linux/list.h:6,
                 from /home/tag/rpmbuild/BUILD/kernel-2.4.21/linux-2.4.21/include/linux/wait.h:14,
                 from /home/tag/rpmbuild/BUILD/kernel-2.4.21/linux-2.4.21/include/linux/fs.h:12,
                 from blkpg.c:32:
/home/tag/rpmbuild/BUILD/kernel-2.4.21/linux-2.4.21/include/asm/processor.h:85:26: error: array type has incomplete element type
In file included from /home/tag/rpmbuild/BUILD/kernel-2.4.21/linux-2.4.21/include/linux/spinlock.h:56:0,
                 from /home/tag/rpmbuild/BUILD/kernel-2.4.21/linux-2.4.21/include/linux/wait.h:16,
                 from /home/tag/rpmbuild/BUILD/kernel-2.4.21/linux-2.4.21/include/linux/fs.h:12,
                 from blkpg.c:32:
/home/tag/rpmbuild/BUILD/kernel-2.4.21/linux-2.4.21/include/asm/spinlock.h:9:12: error: conflicting types for 'printk'
In file included from /home/tag/rpmbuild/BUILD/kernel-2.4.21/linux-2.4.21/include/linux/wait.h:13:0,
                 from /home/tag/rpmbuild/BUILD/kernel-2.4.21/linux-2.4.21/include/linux/fs.h:12,
                 from blkpg.c:32:
/home/tag/rpmbuild/BUILD/kernel-2.4.21/linux-2.4.21/include/linux/kernel.h:97:16: note: previous declaration of 'printk' was here
In file included from /home/tag/rpmbuild/BUILD/kernel-2.4.21/linux-2.4.21/include/linux/ncp_mount.h:12:0,
                 from /home/tag/rpmbuild/BUILD/kernel-2.4.21/linux-2.4.21/include/linux/ncp_fs_sb.h:12,
                 from /home/tag/rpmbuild/BUILD/kernel-2.4.21/linux-2.4.21/include/linux/fs.h:768,
                 from /home/tag/rpmbuild/BUILD/kernel-2.4.21/linux-2.4.21/include/linux/capability.h:17,
                 from /home/tag/rpmbuild/BUILD/kernel-2.4.21/linux-2.4.21/include/linux/binfmts.h:4,
                 from /home/tag/rpmbuild/BUILD/kernel-2.4.21/linux-2.4.21/include/linux/sched.h:10,
                 from inode.c:16:
/home/tag/rpmbuild/BUILD/kernel-2.4.21/linux-2.4.21/include/linux/ncp.h:24:2: warning: 'packed' attribute ignored for field of type '__u8' [-Wattributes]
/home/tag/rpmbuild/BUILD/kernel-2.4.21/linux-2.4.21/include/linux/ncp.h:25:2: warning: 'packed' attribute ignored for field of type '__u8' [-Wattributes]
/home/tag/rpmbuild/BUILD/kernel-2.4.21/linux-2.4.21/include/linux/ncp.h:26:2: warning: 'packed' attribute ignored for field of type '__u8' [-Wattributes]
/home/tag/rpmbuild/BUILD/kernel-2.4.21/linux-2.4.21/include/linux/ncp.h:27:2: warning: 'packed' attribute ignored for field of type '__u8' [-Wattributes]
/home/tag/rpmbuild/BUILD/kernel-2.4.21/linux-2.4.21/include/linux/ncp.h:28:2: warning: 'packed' attribute ignored for field of type '__u8' [-Wattributes]
/home/tag/rpmbuild/BUILD/kernel-2.4.21/linux-2.4.21/include/linux/ncp.h:29:2: warning: 'packed' attribute ignored for field of type '__u8[]' [-Wattributes]
/home/tag/rpmbuild/BUILD/kernel-2.4.21/linux-2.4.21/include/linux/ncp.h:37:2: warning: 'packed' attribute ignored for field of type '__u8' [-Wattributes]
/home/tag/rpmbuild/BUILD/kernel-2.4.21/linux-2.4.21/include/linux/ncp.h:38:2: warning: 'packed' attribute ignored for field of type '__u8' [-Wattributes]
/home/tag/rpmbuild/BUILD/kernel-2.4.21/linux-2.4.21/include/linux/ncp.h:39:2: warning: 'packed' attribute ignored for field of type '__u8' [-Wattributes]
/home/tag/rpmbuild/BUILD/kernel-2.4.21/linux-2.4.21/include/linux/ncp.h:40:2: warning: 'packed' attribute ignored for field of type '__u8' [-Wattributes]
/home/tag/rpmbuild/BUILD/kernel-2.4.21/linux-2.4.21/include/linux/ncp.h:41:2: warning: 'packed' attribute ignored for field of type '__u8' [-Wattributes]
/home/tag/rpmbuild/BUILD/kernel-2.4.21/linux-2.4.21/include/linux/ncp.h:42:2: warning: 'packed' attribute ignored for field of type '__u8' [-Wattributes]
/home/tag/rpmbuild/BUILD/kernel-2.4.21/linux-2.4.21/include/linux/ncp.h:43:2: warning: 'packed' attribute ignored for field of type '__u8[]' [-Wattributes]
/home/tag/rpmbuild/BUILD/kernel-2.4.21/linux-2.4.21/include/linux/ncp.h:137:2: warning: 'packed' attribute ignored for field of type '__u8' [-Wattributes]
/home/tag/rpmbuild/BUILD/kernel-2.4.21/linux-2.4.21/include/linux/ncp.h:138:2: warning: 'packed' attribute ignored for field of type '__u8[256]' [-Wattributes]
/home/tag/rpmbuild/BUILD/kernel-2.4.21/linux-2.4.21/include/linux/ncp.h:174:2: warning: 'packed' attribute ignored for field of type '__u8' [-Wattributes]
dir.c: In function 'ext2_find_entry':
dir.c:308:21: warning: pointer targets in initialization differ in signedness [-Wpointer-sign]
dir.c: In function 'ext2_add_link':
dir.c:418:21: warning: pointer targets in initialization differ in signedness [-Wpointer-sign]
inode.c: In function 'hugetlb_zero_setup':
inode.c:587:20: warning: pointer targets in assignment differ in signedness [-Wpointer-sign]
inode.c:588:2: warning: pointer targets in passing argument 1 of 'strlen' differ in signedness [-Wpointer-sign]
In file included from /home/tag/rpmbuild/BUILD/kernel-2.4.21/linux-2.4.21/include/linux/string.h:25:0,
                 from /home/tag/rpmbuild/BUILD/kernel-2.4.21/linux-2.4.21/include/linux/fs.h:23,
                 from /home/tag/rpmbuild/BUILD/kernel-2.4.21/linux-2.4.21/include/linux/capability.h:17,
                 from /home/tag/rpmbuild/BUILD/kernel-2.4.21/linux-2.4.21/include/linux/binfmts.h:4,
                 from /home/tag/rpmbuild/BUILD/kernel-2.4.21/linux-2.4.21/include/linux/sched.h:10,
                 from inode.c:13:
/home/tag/rpmbuild/BUILD/kernel-2.4.21/linux-2.4.21/include/asm/string.h:209:22: note: expected 'const char *' but argument is of type 'const unsigned char *'
make[2]: *** [dma.o] Error 1
make[1]: *** [first_rule] Error 2
make: *** [_dir_kernel] Error 2
In file included from /home/tag/rpmbuild/BUILD/kernel-2.4.21/linux-2.4.21/include/linux/wait.h:13:0,
                 from /home/tag/rpmbuild/BUILD/kernel-2.4.21/linux-2.4.21/include/linux/fs.h:12,
                 from /home/tag/rpmbuild/BUILD/kernel-2.4.21/linux-2.4.21/include/linux/capability.h:17,
                 from /home/tag/rpmbuild/BUILD/kernel-2.4.21/linux-2.4.21/include/linux/binfmts.h:4,
                 from /home/tag/rpmbuild/BUILD/kernel-2.4.21/linux-2.4.21/include/linux/sched.h:10,
                 from /home/tag/rpmbuild/BUILD/kernel-2.4.21/linux-2.4.21/include/linux/mm.h:22,
                 from /home/tag/rpmbuild/BUILD/kernel-2.4.21/linux-2.4.21/include/linux/slab.h:14,
                 from nls_base.c:16:
/home/tag/rpmbuild/BUILD/kernel-2.4.21/linux-2.4.21/include/linux/kernel.h:97:16: error: conflicting types for 'printk'
In file included from /home/tag/rpmbuild/BUILD/kernel-2.4.21/linux-2.4.21/include/linux/spinlock.h:56:0,
                 from /home/tag/rpmbuild/BUILD/kernel-2.4.21/linux-2.4.21/include/linux/module.h:11,
                 from nls_base.c:12:
/home/tag/rpmbuild/BUILD/kernel-2.4.21/linux-2.4.21/include/asm/spinlock.h:9:12: note: previous declaration of 'printk' was here
In file included from /home/tag/rpmbuild/BUILD/kernel-2.4.21/linux-2.4.21/include/linux/fs.h:347:0,
                 from blkpg.c:32:
/home/tag/rpmbuild/BUILD/kernel-2.4.21/linux-2.4.21/include/linux/ncp_fs_i.h:26:2: warning: 'packed' attribute ignored for field of type '__u8' [-Wattributes]
/home/tag/rpmbuild/BUILD/kernel-2.4.21/linux-2.4.21/include/linux/ncp_fs_i.h:27:2: warning: 'packed' attribute ignored for field of type '__u8[6]' [-Wattributes]
In file included from /home/tag/rpmbuild/BUILD/kernel-2.4.21/linux-2.4.21/include/asm/smp.h:16:0,
                 from /home/tag/rpmbuild/BUILD/kernel-2.4.21/linux-2.4.21/include/linux/smp.h:16,
                 from /home/tag/rpmbuild/BUILD/kernel-2.4.21/linux-2.4.21/include/linux/sched.h:24,
                 from inode.c:16:
/home/tag/rpmbuild/BUILD/kernel-2.4.21/linux-2.4.21/include/asm/mpspec.h:87:2: warning: 'packed' attribute ignored for field of type 'unsigned char[6]' [-Wattributes]
In file included from /home/tag/rpmbuild/BUILD/kernel-2.4.21/linux-2.4.21/include/linux/prefetch.h:13:0,
                 from /home/tag/rpmbuild/BUILD/kernel-2.4.21/linux-2.4.21/include/linux/list.h:6,
                 from /home/tag/rpmbuild/BUILD/kernel-2.4.21/linux-2.4.21/include/linux/wait.h:14,
                 from /home/tag/rpmbuild/BUILD/kernel-2.4.21/linux-2.4.21/include/linux/fs.h:12,
                 from dir.c:14:
/home/tag/rpmbuild/BUILD/kernel-2.4.21/linux-2.4.21/include/asm/processor.h:85:26: error: array type has incomplete element type
namei.c: In function 'isofs_cmp':
namei.c:47:12: warning: pointer targets in assignment differ in signedness [-Wpointer-sign]
namei.c: In function 'isofs_find_entry':
namei.c:128:4: warning: pointer targets in passing argument 2 of 'get_joliet_filename' differ in signedness [-Wpointer-sign]
In file included from namei.c:10:0:
/home/tag/rpmbuild/BUILD/kernel-2.4.21/linux-2.4.21/include/linux/iso_fs.h:218:5: note: expected 'unsigned char *' but argument is of type 'char *'
make[3]: *** [inode.o] Error 1
In file included from /home/tag/rpmbuild/BUILD/kernel-2.4.21/linux-2.4.21/include/linux/sched.h:24:0,
                 from inode.c:16:
/home/tag/rpmbuild/BUILD/kernel-2.4.21/linux-2.4.21/include/linux/smp.h:31:13: error: conflicting types for 'smp_send_reschedule'
In file included from /home/tag/rpmbuild/BUILD/kernel-2.4.21/linux-2.4.21/include/linux/smp.h:16:0,
                 from /home/tag/rpmbuild/BUILD/kernel-2.4.21/linux-2.4.21/include/linux/sched.h:24,
                 from inode.c:16:
/home/tag/rpmbuild/BUILD/kernel-2.4.21/linux-2.4.21/include/asm/smp.h:44:13: note: previous declaration of 'smp_send_reschedule' was here
make[2]: *** [first_rule] Error 2
make[1]: *** [_subdir_hugetlbfs] Error 2
In file included from /home/tag/rpmbuild/BUILD/kernel-2.4.21/linux-2.4.21/include/linux/spinlock.h:56:0,
                 from /home/tag/rpmbuild/BUILD/kernel-2.4.21/linux-2.4.21/include/linux/wait.h:16,
                 from /home/tag/rpmbuild/BUILD/kernel-2.4.21/linux-2.4.21/include/linux/fs.h:12,
                 from dir.c:14:
/home/tag/rpmbuild/BUILD/kernel-2.4.21/linux-2.4.21/include/asm/spinlock.h:9:12: error: conflicting types for 'printk'
In file included from /home/tag/rpmbuild/BUILD/kernel-2.4.21/linux-2.4.21/include/linux/wait.h:13:0,
                 from /home/tag/rpmbuild/BUILD/kernel-2.4.21/linux-2.4.21/include/linux/fs.h:12,
                 from dir.c:14:
/home/tag/rpmbuild/BUILD/kernel-2.4.21/linux-2.4.21/include/linux/kernel.h:97:16: note: previous declaration of 'printk' was here
make[3]: *** [dir.o] Error 1
make[2]: *** [first_rule] Error 2
make[1]: *** [_subdir_ext2] Error 2
make[3]: *** [namei.o] Error 1
make[3]: *** Waiting for unfinished jobs....
In file included from /home/tag/rpmbuild/BUILD/kernel-2.4.21/linux-2.4.21/include/linux/ncp_mount.h:12:0,
                 from /home/tag/rpmbuild/BUILD/kernel-2.4.21/linux-2.4.21/include/linux/ncp_fs_sb.h:12,
                 from /home/tag/rpmbuild/BUILD/kernel-2.4.21/linux-2.4.21/include/linux/fs.h:768,
                 from blkpg.c:32:
/home/tag/rpmbuild/BUILD/kernel-2.4.21/linux-2.4.21/include/linux/ncp.h:24:2: warning: 'packed' attribute ignored for field of type '__u8' [-Wattributes]
/home/tag/rpmbuild/BUILD/kernel-2.4.21/linux-2.4.21/include/linux/ncp.h:25:2: warning: 'packed' attribute ignored for field of type '__u8' [-Wattributes]
/home/tag/rpmbuild/BUILD/kernel-2.4.21/linux-2.4.21/include/linux/ncp.h:26:2: warning: 'packed' attribute ignored for field of type '__u8' [-Wattributes]
/home/tag/rpmbuild/BUILD/kernel-2.4.21/linux-2.4.21/include/linux/ncp.h:27:2: warning: 'packed' attribute ignored for field of type '__u8' [-Wattributes]
/home/tag/rpmbuild/BUILD/kernel-2.4.21/linux-2.4.21/include/linux/ncp.h:28:2: warning: 'packed' attribute ignored for field of type '__u8' [-Wattributes]
/home/tag/rpmbuild/BUILD/kernel-2.4.21/linux-2.4.21/include/linux/ncp.h:29:2: warning: 'packed' attribute ignored for field of type '__u8[]' [-Wattributes]
/home/tag/rpmbuild/BUILD/kernel-2.4.21/linux-2.4.21/include/linux/ncp.h:37:2: warning: 'packed' attribute ignored for field of type '__u8' [-Wattributes]
/home/tag/rpmbuild/BUILD/kernel-2.4.21/linux-2.4.21/include/linux/ncp.h:38:2: warning: 'packed' attribute ignored for field of type '__u8' [-Wattributes]
/home/tag/rpmbuild/BUILD/kernel-2.4.21/linux-2.4.21/include/linux/ncp.h:39:2: warning: 'packed' attribute ignored for field of type '__u8' [-Wattributes]
/home/tag/rpmbuild/BUILD/kernel-2.4.21/linux-2.4.21/include/linux/ncp.h:40:2: warning: 'packed' attribute ignored for field of type '__u8' [-Wattributes]
/home/tag/rpmbuild/BUILD/kernel-2.4.21/linux-2.4.21/include/linux/ncp.h:41:2: warning: 'packed' attribute ignored for field of type '__u8' [-Wattributes]
/home/tag/rpmbuild/BUILD/kernel-2.4.21/linux-2.4.21/include/linux/ncp.h:42:2: warning: 'packed' attribute ignored for field of type '__u8' [-Wattributes]
/home/tag/rpmbuild/BUILD/kernel-2.4.21/linux-2.4.21/include/linux/ncp.h:43:2: warning: 'packed' attribute ignored for field of type '__u8[]' [-Wattributes]
/home/tag/rpmbuild/BUILD/kernel-2.4.21/linux-2.4.21/include/linux/ncp.h:137:2: warning: 'packed' attribute ignored for field of type '__u8' [-Wattributes]
/home/tag/rpmbuild/BUILD/kernel-2.4.21/linux-2.4.21/include/linux/ncp.h:138:2: warning: 'packed' attribute ignored for field of type '__u8[256]' [-Wattributes]
/home/tag/rpmbuild/BUILD/kernel-2.4.21/linux-2.4.21/include/linux/ncp.h:174:2: warning: 'packed' attribute ignored for field of type '__u8' [-Wattributes]
In file included from /home/tag/rpmbuild/BUILD/kernel-2.4.21/linux-2.4.21/include/linux/fs.h:347:0,
                 from /home/tag/rpmbuild/BUILD/kernel-2.4.21/linux-2.4.21/include/linux/capability.h:17,
                 from /home/tag/rpmbuild/BUILD/kernel-2.4.21/linux-2.4.21/include/linux/binfmts.h:4,
                 from /home/tag/rpmbuild/BUILD/kernel-2.4.21/linux-2.4.21/include/linux/sched.h:10,
                 from /home/tag/rpmbuild/BUILD/kernel-2.4.21/linux-2.4.21/include/linux/mm.h:22,
                 from /home/tag/rpmbuild/BUILD/kernel-2.4.21/linux-2.4.21/include/linux/slab.h:14,
                 from nls_base.c:16:
/home/tag/rpmbuild/BUILD/kernel-2.4.21/linux-2.4.21/include/linux/ncp_fs_i.h:26:2: warning: 'packed' attribute ignored for field of type '__u8' [-Wattributes]
/home/tag/rpmbuild/BUILD/kernel-2.4.21/linux-2.4.21/include/linux/ncp_fs_i.h:27:2: warning: 'packed' attribute ignored for field of type '__u8[6]' [-Wattributes]
In file included from /home/tag/rpmbuild/BUILD/kernel-2.4.21/linux-2.4.21/include/asm/smp.h:16:0,
                 from /home/tag/rpmbuild/BUILD/kernel-2.4.21/linux-2.4.21/include/linux/smp.h:16,
                 from /home/tag/rpmbuild/BUILD/kernel-2.4.21/linux-2.4.21/include/linux/sched.h:24,
                 from blkpg.c:33:
/home/tag/rpmbuild/BUILD/kernel-2.4.21/linux-2.4.21/include/asm/mpspec.h:87:2: warning: 'packed' attribute ignored for field of type 'unsigned char[6]' [-Wattributes]
In file included from /home/tag/rpmbuild/BUILD/kernel-2.4.21/linux-2.4.21/include/linux/sched.h:24:0,
                 from blkpg.c:33:
/home/tag/rpmbuild/BUILD/kernel-2.4.21/linux-2.4.21/include/linux/smp.h:31:13: error: conflicting types for 'smp_send_reschedule'
In file included from /home/tag/rpmbuild/BUILD/kernel-2.4.21/linux-2.4.21/include/linux/smp.h:16:0,
                 from /home/tag/rpmbuild/BUILD/kernel-2.4.21/linux-2.4.21/include/linux/sched.h:24,
                 from blkpg.c:33:
/home/tag/rpmbuild/BUILD/kernel-2.4.21/linux-2.4.21/include/asm/smp.h:44:13: note: previous declaration of 'smp_send_reschedule' was here
In file included from /home/tag/rpmbuild/BUILD/kernel-2.4.21/linux-2.4.21/include/linux/fs.h:347:0,
                 from dir.c:14:
/home/tag/rpmbuild/BUILD/kernel-2.4.21/linux-2.4.21/include/linux/ncp_fs_i.h:26:2: warning: 'packed' attribute ignored for field of type '__u8' [-Wattributes]
/home/tag/rpmbuild/BUILD/kernel-2.4.21/linux-2.4.21/include/linux/ncp_fs_i.h:27:2: warning: 'packed' attribute ignored for field of type '__u8[6]' [-Wattributes]
In file included from /home/tag/rpmbuild/BUILD/kernel-2.4.21/linux-2.4.21/include/linux/ncp_mount.h:12:0,
                 from /home/tag/rpmbuild/BUILD/kernel-2.4.21/linux-2.4.21/include/linux/ncp_fs_sb.h:12,
                 from /home/tag/rpmbuild/BUILD/kernel-2.4.21/linux-2.4.21/include/linux/fs.h:768,
                 from /home/tag/rpmbuild/BUILD/kernel-2.4.21/linux-2.4.21/include/linux/capability.h:17,
                 from /home/tag/rpmbuild/BUILD/kernel-2.4.21/linux-2.4.21/include/linux/binfmts.h:4,
                 from /home/tag/rpmbuild/BUILD/kernel-2.4.21/linux-2.4.21/include/linux/sched.h:10,
                 from /home/tag/rpmbuild/BUILD/kernel-2.4.21/linux-2.4.21/include/linux/mm.h:22,
                 from /home/tag/rpmbuild/BUILD/kernel-2.4.21/linux-2.4.21/include/linux/slab.h:14,
                 from nls_base.c:16:
/home/tag/rpmbuild/BUILD/kernel-2.4.21/linux-2.4.21/include/linux/ncp.h:24:2: warning: 'packed' attribute ignored for field of type '__u8' [-Wattributes]
/home/tag/rpmbuild/BUILD/kernel-2.4.21/linux-2.4.21/include/linux/ncp.h:25:2: warning: 'packed' attribute ignored for field of type '__u8' [-Wattributes]
/home/tag/rpmbuild/BUILD/kernel-2.4.21/linux-2.4.21/include/linux/ncp.h:26:2: warning: 'packed' attribute ignored for field of type '__u8' [-Wattributes]
/home/tag/rpmbuild/BUILD/kernel-2.4.21/linux-2.4.21/include/linux/ncp.h:27:2: warning: 'packed' attribute ignored for field of type '__u8' [-Wattributes]
/home/tag/rpmbuild/BUILD/kernel-2.4.21/linux-2.4.21/include/linux/ncp.h:28:2: warning: 'packed' attribute ignored for field of type '__u8' [-Wattributes]
/home/tag/rpmbuild/BUILD/kernel-2.4.21/linux-2.4.21/include/linux/ncp.h:29:2: warning: 'packed' attribute ignored for field of type '__u8[]' [-Wattributes]
/home/tag/rpmbuild/BUILD/kernel-2.4.21/linux-2.4.21/include/linux/ncp.h:37:2: warning: 'packed' attribute ignored for field of type '__u8' [-Wattributes]
/home/tag/rpmbuild/BUILD/kernel-2.4.21/linux-2.4.21/include/linux/ncp.h:38:2: warning: 'packed' attribute ignored for field of type '__u8' [-Wattributes]
/home/tag/rpmbuild/BUILD/kernel-2.4.21/linux-2.4.21/include/linux/ncp.h:39:2: warning: 'packed' attribute ignored for field of type '__u8' [-Wattributes]
/home/tag/rpmbuild/BUILD/kernel-2.4.21/linux-2.4.21/include/linux/ncp.h:40:2: warning: 'packed' attribute ignored for field of type '__u8' [-Wattributes]
/home/tag/rpmbuild/BUILD/kernel-2.4.21/linux-2.4.21/include/linux/ncp.h:41:2: warning: 'packed' attribute ignored for field of type '__u8' [-Wattributes]
/home/tag/rpmbuild/BUILD/kernel-2.4.21/linux-2.4.21/include/linux/ncp.h:42:2: warning: 'packed' attribute ignored for field of type '__u8' [-Wattributes]
/home/tag/rpmbuild/BUILD/kernel-2.4.21/linux-2.4.21/include/linux/ncp.h:43:2: warning: 'packed' attribute ignored for field of type '__u8[]' [-Wattributes]
/home/tag/rpmbuild/BUILD/kernel-2.4.21/linux-2.4.21/include/linux/ncp.h:137:2: warning: 'packed' attribute ignored for field of type '__u8' [-Wattributes]
/home/tag/rpmbuild/BUILD/kernel-2.4.21/linux-2.4.21/include/linux/ncp.h:138:2: warning: 'packed' attribute ignored for field of type '__u8[256]' [-Wattributes]
/home/tag/rpmbuild/BUILD/kernel-2.4.21/linux-2.4.21/include/linux/ncp.h:174:2: warning: 'packed' attribute ignored for field of type '__u8' [-Wattributes]
In file included from /home/tag/rpmbuild/BUILD/kernel-2.4.21/linux-2.4.21/include/linux/prefetch.h:13:0,
                 from /home/tag/rpmbuild/BUILD/kernel-2.4.21/linux-2.4.21/include/linux/list.h:6,
                 from /home/tag/rpmbuild/BUILD/kernel-2.4.21/linux-2.4.21/include/linux/wait.h:14,
                 from /home/tag/rpmbuild/BUILD/kernel-2.4.21/linux-2.4.21/include/linux/fs.h:12,
                 from /home/tag/rpmbuild/BUILD/kernel-2.4.21/linux-2.4.21/include/linux/capability.h:17,
                 from /home/tag/rpmbuild/BUILD/kernel-2.4.21/linux-2.4.21/include/linux/binfmts.h:4,
                 from /home/tag/rpmbuild/BUILD/kernel-2.4.21/linux-2.4.21/include/linux/sched.h:10,
                 from rock.c:10:
/home/tag/rpmbuild/BUILD/kernel-2.4.21/linux-2.4.21/include/asm/processor.h:85:26: error: array type has incomplete element type
In file included from /home/tag/rpmbuild/BUILD/kernel-2.4.21/linux-2.4.21/include/linux/ncp_mount.h:12:0,
                 from /home/tag/rpmbuild/BUILD/kernel-2.4.21/linux-2.4.21/include/linux/ncp_fs_sb.h:12,
                 from /home/tag/rpmbuild/BUILD/kernel-2.4.21/linux-2.4.21/include/linux/fs.h:768,
                 from dir.c:14:
/home/tag/rpmbuild/BUILD/kernel-2.4.21/linux-2.4.21/include/linux/ncp.h:24:2: warning: 'packed' attribute ignored for field of type '__u8' [-Wattributes]
/home/tag/rpmbuild/BUILD/kernel-2.4.21/linux-2.4.21/include/linux/ncp.h:25:2: warning: 'packed' attribute ignored for field of type '__u8' [-Wattributes]
/home/tag/rpmbuild/BUILD/kernel-2.4.21/linux-2.4.21/include/linux/ncp.h:26:2: warning: 'packed' attribute ignored for field of type '__u8' [-Wattributes]
/home/tag/rpmbuild/BUILD/kernel-2.4.21/linux-2.4.21/include/linux/ncp.h:27:2: warning: 'packed' attribute ignored for field of type '__u8' [-Wattributes]
/home/tag/rpmbuild/BUILD/kernel-2.4.21/linux-2.4.21/include/linux/ncp.h:28:2: warning: 'packed' attribute ignored for field of type '__u8' [-Wattributes]
/home/tag/rpmbuild/BUILD/kernel-2.4.21/linux-2.4.21/include/linux/ncp.h:29:2: warning: 'packed' attribute ignored for field of type '__u8[]' [-Wattributes]
/home/tag/rpmbuild/BUILD/kernel-2.4.21/linux-2.4.21/include/linux/ncp.h:37:2: warning: 'packed' attribute ignored for field of type '__u8' [-Wattributes]
/home/tag/rpmbuild/BUILD/kernel-2.4.21/linux-2.4.21/include/linux/ncp.h:38:2: warning: 'packed' attribute ignored for field of type '__u8' [-Wattributes]
/home/tag/rpmbuild/BUILD/kernel-2.4.21/linux-2.4.21/include/linux/ncp.h:39:2: warning: 'packed' attribute ignored for field of type '__u8' [-Wattributes]
/home/tag/rpmbuild/BUILD/kernel-2.4.21/linux-2.4.21/include/linux/ncp.h:40:2: warning: 'packed' attribute ignored for field of type '__u8' [-Wattributes]
/home/tag/rpmbuild/BUILD/kernel-2.4.21/linux-2.4.21/include/linux/ncp.h:41:2: warning: 'packed' attribute ignored for field of type '__u8' [-Wattributes]
/home/tag/rpmbuild/BUILD/kernel-2.4.21/linux-2.4.21/include/linux/ncp.h:42:2: warning: 'packed' attribute ignored for field of type '__u8' [-Wattributes]
/home/tag/rpmbuild/BUILD/kernel-2.4.21/linux-2.4.21/include/linux/ncp.h:43:2: warning: 'packed' attribute ignored for field of type '__u8[]' [-Wattributes]
/home/tag/rpmbuild/BUILD/kernel-2.4.21/linux-2.4.21/include/linux/ncp.h:137:2: warning: 'packed' attribute ignored for field of type '__u8' [-Wattributes]
/home/tag/rpmbuild/BUILD/kernel-2.4.21/linux-2.4.21/include/linux/ncp.h:138:2: warning: 'packed' attribute ignored for field of type '__u8[256]' [-Wattributes]
/home/tag/rpmbuild/BUILD/kernel-2.4.21/linux-2.4.21/include/linux/ncp.h:174:2: warning: 'packed' attribute ignored for field of type '__u8' [-Wattributes]
In file included from /home/tag/rpmbuild/BUILD/kernel-2.4.21/linux-2.4.21/include/asm/smp.h:16:0,
                 from /home/tag/rpmbuild/BUILD/kernel-2.4.21/linux-2.4.21/include/linux/smp.h:16,
                 from /home/tag/rpmbuild/BUILD/kernel-2.4.21/linux-2.4.21/include/linux/sched.h:24,
                 from /home/tag/rpmbuild/BUILD/kernel-2.4.21/linux-2.4.21/include/linux/mm.h:22,
                 from /home/tag/rpmbuild/BUILD/kernel-2.4.21/linux-2.4.21/include/linux/slab.h:14,
                 from nls_base.c:16:
/home/tag/rpmbuild/BUILD/kernel-2.4.21/linux-2.4.21/include/asm/mpspec.h:87:2: warning: 'packed' attribute ignored for field of type 'unsigned char[6]' [-Wattributes]
In file included from /home/tag/rpmbuild/BUILD/kernel-2.4.21/linux-2.4.21/include/linux/sched.h:24:0,
                 from /home/tag/rpmbuild/BUILD/kernel-2.4.21/linux-2.4.21/include/linux/mm.h:22,
                 from /home/tag/rpmbuild/BUILD/kernel-2.4.21/linux-2.4.21/include/linux/slab.h:14,
                 from nls_base.c:16:
/home/tag/rpmbuild/BUILD/kernel-2.4.21/linux-2.4.21/include/linux/smp.h:31:13: error: conflicting types for 'smp_send_reschedule'
In file included from /home/tag/rpmbuild/BUILD/kernel-2.4.21/linux-2.4.21/include/linux/smp.h:16:0,
                 from /home/tag/rpmbuild/BUILD/kernel-2.4.21/linux-2.4.21/include/linux/sched.h:24,
                 from /home/tag/rpmbuild/BUILD/kernel-2.4.21/linux-2.4.21/include/linux/mm.h:22,
                 from /home/tag/rpmbuild/BUILD/kernel-2.4.21/linux-2.4.21/include/linux/slab.h:14,
                 from nls_base.c:16:
/home/tag/rpmbuild/BUILD/kernel-2.4.21/linux-2.4.21/include/asm/smp.h:44:13: note: previous declaration of 'smp_send_reschedule' was here
In file included from /home/tag/rpmbuild/BUILD/kernel-2.4.21/linux-2.4.21/include/linux/spinlock.h:56:0,
                 from /home/tag/rpmbuild/BUILD/kernel-2.4.21/linux-2.4.21/include/linux/wait.h:16,
                 from /home/tag/rpmbuild/BUILD/kernel-2.4.21/linux-2.4.21/include/linux/fs.h:12,
                 from /home/tag/rpmbuild/BUILD/kernel-2.4.21/linux-2.4.21/include/linux/capability.h:17,
                 from /home/tag/rpmbuild/BUILD/kernel-2.4.21/linux-2.4.21/include/linux/binfmts.h:4,
                 from /home/tag/rpmbuild/BUILD/kernel-2.4.21/linux-2.4.21/include/linux/sched.h:10,
                 from rock.c:10:
/home/tag/rpmbuild/BUILD/kernel-2.4.21/linux-2.4.21/include/asm/spinlock.h:9:12: error: conflicting types for 'printk'
In file included from /home/tag/rpmbuild/BUILD/kernel-2.4.21/linux-2.4.21/include/linux/wait.h:13:0,
                 from /home/tag/rpmbuild/BUILD/kernel-2.4.21/linux-2.4.21/include/linux/fs.h:12,
                 from /home/tag/rpmbuild/BUILD/kernel-2.4.21/linux-2.4.21/include/linux/capability.h:17,
                 from /home/tag/rpmbuild/BUILD/kernel-2.4.21/linux-2.4.21/include/linux/binfmts.h:4,
                 from /home/tag/rpmbuild/BUILD/kernel-2.4.21/linux-2.4.21/include/linux/sched.h:10,
                 from rock.c:10:
/home/tag/rpmbuild/BUILD/kernel-2.4.21/linux-2.4.21/include/linux/kernel.h:97:16: note: previous declaration of 'printk' was here
In file included from /home/tag/rpmbuild/BUILD/kernel-2.4.21/linux-2.4.21/include/asm/smp.h:16:0,
                 from /home/tag/rpmbuild/BUILD/kernel-2.4.21/linux-2.4.21/include/linux/smp.h:16,
                 from /home/tag/rpmbuild/BUILD/kernel-2.4.21/linux-2.4.21/include/linux/sched.h:24,
                 from /home/tag/rpmbuild/BUILD/kernel-2.4.21/linux-2.4.21/include/linux/mm.h:22,
                 from dir.c:19:
/home/tag/rpmbuild/BUILD/kernel-2.4.21/linux-2.4.21/include/asm/mpspec.h:87:2: warning: 'packed' attribute ignored for field of type 'unsigned char[6]' [-Wattributes]
inode.c: In function 'isofs_hash_common':
inode.c:137:7: warning: pointer targets in assignment differ in signedness [-Wpointer-sign]
inode.c:143:2: warning: pointer targets in passing argument 1 of 'full_name_hash' differ in signedness [-Wpointer-sign]
In file included from /home/tag/rpmbuild/BUILD/kernel-2.4.21/linux-2.4.21/include/linux/fs.h:19:0,
                 from /home/tag/rpmbuild/BUILD/kernel-2.4.21/linux-2.4.21/include/linux/capability.h:17,
                 from /home/tag/rpmbuild/BUILD/kernel-2.4.21/linux-2.4.21/include/linux/binfmts.h:4,
                 from /home/tag/rpmbuild/BUILD/kernel-2.4.21/linux-2.4.21/include/linux/sched.h:10,
                 from inode.c:16:
/home/tag/rpmbuild/BUILD/kernel-2.4.21/linux-2.4.21/include/linux/dcache.h:57:32: note: expected 'const unsigned char *' but argument is of type 'const char *'
inode.c: In function 'isofs_hashi_common':
inode.c:160:7: warning: pointer targets in assignment differ in signedness [-Wpointer-sign]
inode.c: In function 'isofs_dentry_cmpi_common':
inode.c:194:3: warning: pointer targets in passing argument 1 of 'strnicmp' differ in signedness [-Wpointer-sign]
In file included from /home/tag/rpmbuild/BUILD/kernel-2.4.21/linux-2.4.21/include/linux/fs.h:23:0,
                 from /home/tag/rpmbuild/BUILD/kernel-2.4.21/linux-2.4.21/include/linux/capability.h:17,
                 from /home/tag/rpmbuild/BUILD/kernel-2.4.21/linux-2.4.21/include/linux/binfmts.h:4,
                 from /home/tag/rpmbuild/BUILD/kernel-2.4.21/linux-2.4.21/include/linux/sched.h:10,
                 from inode.c:16:
/home/tag/rpmbuild/BUILD/kernel-2.4.21/linux-2.4.21/include/linux/string.h:46:12: note: expected 'const char *' but argument is of type 'const unsigned char *'
inode.c:194:3: warning: pointer targets in passing argument 2 of 'strnicmp' differ in signedness [-Wpointer-sign]
In file included from /home/tag/rpmbuild/BUILD/kernel-2.4.21/linux-2.4.21/include/linux/fs.h:23:0,
                 from /home/tag/rpmbuild/BUILD/kernel-2.4.21/linux-2.4.21/include/linux/capability.h:17,
                 from /home/tag/rpmbuild/BUILD/kernel-2.4.21/linux-2.4.21/include/linux/binfmts.h:4,
                 from /home/tag/rpmbuild/BUILD/kernel-2.4.21/linux-2.4.21/include/linux/sched.h:10,
                 from inode.c:16:
/home/tag/rpmbuild/BUILD/kernel-2.4.21/linux-2.4.21/include/linux/string.h:46:12: note: expected 'const char *' but argument is of type 'const unsigned char *'
inode.c: In function 'isofs_dentry_cmp_common':
inode.c:218:3: warning: pointer targets in passing argument 1 of 'strncmp' differ in signedness [-Wpointer-sign]
In file included from /home/tag/rpmbuild/BUILD/kernel-2.4.21/linux-2.4.21/include/linux/string.h:25:0,
                 from /home/tag/rpmbuild/BUILD/kernel-2.4.21/linux-2.4.21/include/linux/fs.h:23,
                 from /home/tag/rpmbuild/BUILD/kernel-2.4.21/linux-2.4.21/include/linux/capability.h:17,
                 from /home/tag/rpmbuild/BUILD/kernel-2.4.21/linux-2.4.21/include/linux/binfmts.h:4,
                 from /home/tag/rpmbuild/BUILD/kernel-2.4.21/linux-2.4.21/include/linux/sched.h:10,
                 from inode.c:16:
/home/tag/rpmbuild/BUILD/kernel-2.4.21/linux-2.4.21/include/asm/string.h:150:19: note: expected 'const char *' but argument is of type 'const unsigned char *'
inode.c:218:3: warning: pointer targets in passing argument 2 of 'strncmp' differ in signedness [-Wpointer-sign]
In file included from /home/tag/rpmbuild/BUILD/kernel-2.4.21/linux-2.4.21/include/linux/string.h:25:0,
                 from /home/tag/rpmbuild/BUILD/kernel-2.4.21/linux-2.4.21/include/linux/fs.h:23,
                 from /home/tag/rpmbuild/BUILD/kernel-2.4.21/linux-2.4.21/include/linux/capability.h:17,
                 from /home/tag/rpmbuild/BUILD/kernel-2.4.21/linux-2.4.21/include/linux/binfmts.h:4,
                 from /home/tag/rpmbuild/BUILD/kernel-2.4.21/linux-2.4.21/include/linux/sched.h:10,
                 from inode.c:16:
/home/tag/rpmbuild/BUILD/kernel-2.4.21/linux-2.4.21/include/asm/string.h:150:19: note: expected 'const char *' but argument is of type 'const unsigned char *'
In file included from /home/tag/rpmbuild/BUILD/kernel-2.4.21/linux-2.4.21/include/linux/sched.h:24:0,
                 from /home/tag/rpmbuild/BUILD/kernel-2.4.21/linux-2.4.21/include/linux/mm.h:22,
                 from dir.c:19:
/home/tag/rpmbuild/BUILD/kernel-2.4.21/linux-2.4.21/include/linux/smp.h:31:13: error: conflicting types for 'smp_send_reschedule'
In file included from /home/tag/rpmbuild/BUILD/kernel-2.4.21/linux-2.4.21/include/linux/smp.h:16:0,
                 from /home/tag/rpmbuild/BUILD/kernel-2.4.21/linux-2.4.21/include/linux/sched.h:24,
                 from /home/tag/rpmbuild/BUILD/kernel-2.4.21/linux-2.4.21/include/linux/mm.h:22,
                 from dir.c:19:
/home/tag/rpmbuild/BUILD/kernel-2.4.21/linux-2.4.21/include/asm/smp.h:44:13: note: previous declaration of 'smp_send_reschedule' was here
make[3]: *** [inode.o] Error 1
In file included from /home/tag/rpmbuild/BUILD/kernel-2.4.21/linux-2.4.21/include/linux/fs.h:347:0,
                 from /home/tag/rpmbuild/BUILD/kernel-2.4.21/linux-2.4.21/include/linux/capability.h:17,
                 from /home/tag/rpmbuild/BUILD/kernel-2.4.21/linux-2.4.21/include/linux/binfmts.h:4,
                 from /home/tag/rpmbuild/BUILD/kernel-2.4.21/linux-2.4.21/include/linux/sched.h:10,
                 from rock.c:10:
/home/tag/rpmbuild/BUILD/kernel-2.4.21/linux-2.4.21/include/linux/ncp_fs_i.h:26:2: warning: 'packed' attribute ignored for field of type '__u8' [-Wattributes]
/home/tag/rpmbuild/BUILD/kernel-2.4.21/linux-2.4.21/include/linux/ncp_fs_i.h:27:2: warning: 'packed' attribute ignored for field of type '__u8[6]' [-Wattributes]
In file included from /home/tag/rpmbuild/BUILD/kernel-2.4.21/linux-2.4.21/include/linux/ncp_mount.h:12:0,
                 from /home/tag/rpmbuild/BUILD/kernel-2.4.21/linux-2.4.21/include/linux/ncp_fs_sb.h:12,
                 from /home/tag/rpmbuild/BUILD/kernel-2.4.21/linux-2.4.21/include/linux/fs.h:768,
                 from /home/tag/rpmbuild/BUILD/kernel-2.4.21/linux-2.4.21/include/linux/capability.h:17,
                 from /home/tag/rpmbuild/BUILD/kernel-2.4.21/linux-2.4.21/include/linux/binfmts.h:4,
                 from /home/tag/rpmbuild/BUILD/kernel-2.4.21/linux-2.4.21/include/linux/sched.h:10,
                 from rock.c:10:
/home/tag/rpmbuild/BUILD/kernel-2.4.21/linux-2.4.21/include/linux/ncp.h:24:2: warning: 'packed' attribute ignored for field of type '__u8' [-Wattributes]
/home/tag/rpmbuild/BUILD/kernel-2.4.21/linux-2.4.21/include/linux/ncp.h:25:2: warning: 'packed' attribute ignored for field of type '__u8' [-Wattributes]
/home/tag/rpmbuild/BUILD/kernel-2.4.21/linux-2.4.21/include/linux/ncp.h:26:2: warning: 'packed' attribute ignored for field of type '__u8' [-Wattributes]
/home/tag/rpmbuild/BUILD/kernel-2.4.21/linux-2.4.21/include/linux/ncp.h:27:2: warning: 'packed' attribute ignored for field of type '__u8' [-Wattributes]
/home/tag/rpmbuild/BUILD/kernel-2.4.21/linux-2.4.21/include/linux/ncp.h:28:2: warning: 'packed' attribute ignored for field of type '__u8' [-Wattributes]
/home/tag/rpmbuild/BUILD/kernel-2.4.21/linux-2.4.21/include/linux/ncp.h:29:2: warning: 'packed' attribute ignored for field of type '__u8[]' [-Wattributes]
/home/tag/rpmbuild/BUILD/kernel-2.4.21/linux-2.4.21/include/linux/ncp.h:37:2: warning: 'packed' attribute ignored for field of type '__u8' [-Wattributes]
/home/tag/rpmbuild/BUILD/kernel-2.4.21/linux-2.4.21/include/linux/ncp.h:38:2: warning: 'packed' attribute ignored for field of type '__u8' [-Wattributes]
/home/tag/rpmbuild/BUILD/kernel-2.4.21/linux-2.4.21/include/linux/ncp.h:39:2: warning: 'packed' attribute ignored for field of type '__u8' [-Wattributes]
/home/tag/rpmbuild/BUILD/kernel-2.4.21/linux-2.4.21/include/linux/ncp.h:40:2: warning: 'packed' attribute ignored for field of type '__u8' [-Wattributes]
/home/tag/rpmbuild/BUILD/kernel-2.4.21/linux-2.4.21/include/linux/ncp.h:41:2: warning: 'packed' attribute ignored for field of type '__u8' [-Wattributes]
/home/tag/rpmbuild/BUILD/kernel-2.4.21/linux-2.4.21/include/linux/ncp.h:42:2: warning: 'packed' attribute ignored for field of type '__u8' [-Wattributes]
/home/tag/rpmbuild/BUILD/kernel-2.4.21/linux-2.4.21/include/linux/ncp.h:43:2: warning: 'packed' attribute ignored for field of type '__u8[]' [-Wattributes]
/home/tag/rpmbuild/BUILD/kernel-2.4.21/linux-2.4.21/include/linux/ncp.h:137:2: warning: 'packed' attribute ignored for field of type '__u8' [-Wattributes]
/home/tag/rpmbuild/BUILD/kernel-2.4.21/linux-2.4.21/include/linux/ncp.h:138:2: warning: 'packed' attribute ignored for field of type '__u8[256]' [-Wattributes]
/home/tag/rpmbuild/BUILD/kernel-2.4.21/linux-2.4.21/include/linux/ncp.h:174:2: warning: 'packed' attribute ignored for field of type '__u8' [-Wattributes]
make[3]: *** [nls_base.o] Error 1
make[2]: *** [first_rule] Error 2
make[1]: *** [_subdir_nls] Error 2
In file included from /home/tag/rpmbuild/BUILD/kernel-2.4.21/linux-2.4.21/include/asm/smp.h:16:0,
                 from /home/tag/rpmbuild/BUILD/kernel-2.4.21/linux-2.4.21/include/linux/smp.h:16,
                 from /home/tag/rpmbuild/BUILD/kernel-2.4.21/linux-2.4.21/include/linux/sched.h:24,
                 from rock.c:10:
/home/tag/rpmbuild/BUILD/kernel-2.4.21/linux-2.4.21/include/asm/mpspec.h:87:2: warning: 'packed' attribute ignored for field of type 'unsigned char[6]' [-Wattributes]
dir.c: In function 'get_acorn_filename':
dir.c:86:2: warning: pointer targets in passing argument 1 of 'strncmp' differ in signedness [-Wpointer-sign]
In file included from /home/tag/rpmbuild/BUILD/kernel-2.4.21/linux-2.4.21/include/linux/string.h:25:0,
                 from /home/tag/rpmbuild/BUILD/kernel-2.4.21/linux-2.4.21/include/linux/fs.h:23,
                 from dir.c:14:
/home/tag/rpmbuild/BUILD/kernel-2.4.21/linux-2.4.21/include/asm/string.h:150:19: note: expected 'const char *' but argument is of type 'unsigned char *'
dir.c: In function 'do_isofs_readdir':
dir.c:216:5: warning: pointer targets in passing argument 2 of 'get_joliet_filename' differ in signedness [-Wpointer-sign]
In file included from dir.c:15:0:
/home/tag/rpmbuild/BUILD/kernel-2.4.21/linux-2.4.21/include/linux/iso_fs.h:218:5: note: expected 'unsigned char *' but argument is of type 'char *'
In file included from /home/tag/rpmbuild/BUILD/kernel-2.4.21/linux-2.4.21/include/linux/sched.h:24:0,
                 from rock.c:10:
/home/tag/rpmbuild/BUILD/kernel-2.4.21/linux-2.4.21/include/linux/smp.h:31:13: error: conflicting types for 'smp_send_reschedule'
In file included from /home/tag/rpmbuild/BUILD/kernel-2.4.21/linux-2.4.21/include/linux/smp.h:16:0,
                 from /home/tag/rpmbuild/BUILD/kernel-2.4.21/linux-2.4.21/include/linux/sched.h:24,
                 from rock.c:10:
/home/tag/rpmbuild/BUILD/kernel-2.4.21/linux-2.4.21/include/asm/smp.h:44:13: note: previous declaration of 'smp_send_reschedule' was here
make[3]: *** [blkpg.o] Error 1
make[2]: *** [first_rule] Error 2
make[1]: *** [_subdir_block] Error 2
make: *** [_dir_drivers] Error 2
make[3]: *** [dir.o] Error 1
rock.c: In function 'find_rock_ridge_relocation':
rock.c:122:7: warning: pointer targets in passing argument 1 of 'isonum_721' differ in signedness [-Wpointer-sign]
In file included from rock.c:11:0:
/home/tag/rpmbuild/BUILD/kernel-2.4.21/linux-2.4.21/include/linux/iso_fs.h:182:19: note: expected 'char *' but argument is of type 'unsigned char *'
rock.c: In function 'get_rock_ridge_filename':
rock.c:183:7: warning: pointer targets in passing argument 1 of 'isonum_721' differ in signedness [-Wpointer-sign]
In file included from rock.c:11:0:
/home/tag/rpmbuild/BUILD/kernel-2.4.21/linux-2.4.21/include/linux/iso_fs.h:182:19: note: expected 'char *' but argument is of type 'unsigned char *'
rock.c: In function 'parse_rock_ridge_inode_internal':
rock.c:265:7: warning: pointer targets in passing argument 1 of 'isonum_721' differ in signedness [-Wpointer-sign]
In file included from rock.c:11:0:
/home/tag/rpmbuild/BUILD/kernel-2.4.21/linux-2.4.21/include/linux/iso_fs.h:182:19: note: expected 'char *' but argument is of type 'unsigned char *'
rock.c: In function 'rock_ridge_symlink_readpage':
rock.c:562:3: warning: pointer targets in passing argument 1 of 'isonum_721' differ in signedness [-Wpointer-sign]
In file included from rock.c:11:0:
/home/tag/rpmbuild/BUILD/kernel-2.4.21/linux-2.4.21/include/linux/iso_fs.h:182:19: note: expected 'char *' but argument is of type 'unsigned char *'
make[3]: *** [rock.o] Error 1
make[2]: *** [first_rule] Error 2
make[1]: *** [_subdir_isofs] Error 2
make: *** [_dir_fs] Error 2
error: Bad exit status from /var/tmp/rpm-tmp.90605 (%build)
    Bad exit status from /var/tmp/rpm-tmp.90605 (%build)
